date Mon 17 Oct 2022 08:21:57 CEST
hostname surfer-172-29-38-121-hotspot.s-bit.nl
system Darwin surfer-172-29-38-121-hotspot.s-bit.nl 21.6.0 Darwin Kernel Version 21.6.0: Mon Aug 22 20:20:05 PDT 2022; root:xnu-8020.140.49~2/RELEASE_ARM64_T8101 arm64
user brunocamino
output data in /Users/brunocamino/Desktop/UCL/crystal/phonons/data/supercell_2/supercell_0_0-001.out
crystal executable in /Users/brunocamino/crystal
input data in /Users/brunocamino/Desktop/UCL/crystal/phonons/data/supercell_2/supercell_0_0-001.d12
temporary directory /Users/brunocamino/crystal/tmp
external geometry input from /Users/brunocamino/Desktop/UCL/crystal/phonons/data/supercell_2/supercell_0_0-001.gui
external geometry input saved in /Users/brunocamino/Desktop/UCL/crystal/phonons/data/supercell_2/supercell_0_0-001_inp.gui
MnO
EXTERNAL
ENDG
25 12
0 0 8 2.0 1.0
277185.00153     .22838385133E-03 
41550.769890     .17707650375E-02 
9455.9700152     .92077209994E-02 
2676.5206482     .37415971825E-01 
871.46687530     .12164861426
312.98306420     .28824392499  
121.44454051     .41041600847
47.922598829     .21372375145
0 0 4 2.0 1.0 
303.66723163    -.24589926140E-01
93.881403187    -.11602608038
14.879421214     .55112059677 
6.2865200745     .53707560756
0 0 2 2.0 1.0 
9.4858591337    -.22889262695 
1.5698706158     .71196169587
0 0 1 2.0 1.0 
0.65903213608   1.0000000000
0 0 1 0.0 1.0 
0.30            1.0
0 1 1 0.0 1.0 
0.13            1.0 1.0
0 2 6 6.0 1.0 
1444.7978182    .23994136455E-02
342.06551197    .19369286864E-01
109.58400891    .90236108988E-01
40.747988173    .25745467851
16.188626566    .41272351958 
6.5484505964    .24087700007
0 2 3 6.0 1.0 
25.357086437   -.28707174058E-01
3.4830168782    .55208100712
1.3858800906    .97226901379
0 2 1 0.0 1.0 
0.52555094893   1.0000000000
0 3 4 5.0 1.0 
56.563189119    .11543245294532D-01
16.278734711    .70299845987196D-01
5.6964273914    .22450770821295
2.1411147942    .39703065434226
0 3 1 0.0 1.0 
0.78291801938   1.0
0 3 1 0.0 1.0 
0.25952311214   1.0
8 9
0 0 6 2.0 1.0
  27032.382631    0.21726302465E-03 
  4052.3871392    0.16838662199E-02
  922.32722710    0.87395616265E-02
  261.24070989    0.35239968808E-01
  85.354641351    0.11153519115
  31.035035245    0.25588953961
0 0 2 2.0 1.0
  12.271113873    0.39768730901
  4.9159842006    0.24627849430
0 0 1 0.0 1.0
  0.90086482370    1.0000000000
0 1 1 0.0 1.0
  0.25000000000    1.0 1.0
0 2 4 4.0 1.0
  75.300554155     0.60685103418E-02
  17.743733858     0.41912575824E-01
  5.5355828651     0.16153841088
  2.0685535103     0.35706951311
0 2 1 0.0 1.0
  0.78238772422    1.0000000000
0 3 1 0.0 1.0
  2.31400000       1.0000000000
0 3 1 0.0 1.0
  0.64500000       1.0000000000
0 4 1 0.0 1.0
  1.42800000       1.0000000000
99 0
ENDBS
DFT
SPIN
EXCHANGE
PBESOL
CORRELAT
PBESOL
HYBRID
25
TOLLDENS
9
ENDDFT
TOLINTEG
12 12 12 12 24
SCFDIR
SHRINK
6 12 
FMIXING
20
SLOSHING
SLOSHFAC
1.5
MAXCYCLE
500
TOLDEE
10
GRADCAL
SPINLOCK
0 3
ATOMSPIN
16
1 +1 2 +1 3 +1 4 +1 5 +1 6 +1 7 +1 8 +1 17 -1 18 -1 19 -1 20 -1 21 -1 22 -1 23 -1 24 -1
GUESSYMP
SAVEPRED
ENDSCF

         
 *******************************************************************************
 *                                                                             *
 *                               CRYSTAL17                                     *
 *                      public : 1.0.1 - Feb 1st, 2017                         *
 *                       HTTP://WWW.CRYSTAL.UNITO.IT                           *
 *                                                                             *
 *                              MAIN AUTHORS                                   *
 *                                                                             *
 *  R. DOVESI(1,11), V.R. SAUNDERS(2), C. ROETTI(1,11), R. ORLANDO(1,11),      *
 *  C.M. ZICOVICH-WILSON(1,3), F. PASCALE(4), B. CIVALLERI(1,11),              *
 *  K. DOLL(5), N.M. HARRISON(2,6), I.J. BUSH(7), Ph. D'ARCO(8),               *
 *  M. LLUNELL(9), M. CAUSA'(10), Y. NOEL(8), L. MASCHIO(1,11), A. ERBA(1,11)  *
 *  M. RE'RAT(14), S. CASASSA(1,11)                                            *
 *                                                                             *
 *        CONTRIBUTIONS TO THE CODE HAVE ALSO BEEN GIVEN BY                    *
 *                                                                             *
 *  M. FERRABONE(1,11), M. DE LA PIERRE(1,11), M. FERRERO(1,11),               *
 *  J. BAIMA(1,11), E. ALBANESE(1,11), M.F. PEINTINGER(12), R. BAST(13),       *
 *  B. KIRTMAN(15), V. LACIVITA(1,11), R. DEMICHELIS(1,16)                     *
 *  G. BRANDEBURG(17), S. SALUSTRO(1,11), G. SANSONE(1,11)                     *
 *  M.T. RUGGIERO(18)                                                          *
 *                                                                             *
 * (1) THEORETICAL CHEMISTRY GROUP - UNIVERSITA' DI TORINO - TORINO (ITALY)    *

 * (2) COMPUTATIONAL SCIENCE & ENGINEERING DEPARTMENT - STFC DARESBURY (UK)    *
 * (3) UNIVERSIDAD AUTONOMA DEL ESTADO DE MORELOS - CUERNAVACA (MEXICO)        *
 * (4) UNIVERSITE' DE LORRAINE - NANCY (FRANCE)                                *
 * (5) UNIVERSITAET STUTTGART- STUTTGART (GERMANY)                             *
 * (6) IMPERIAL COLLEGE - LONDON (UK)                                          *
 * (7) OXFORD E-RESEARCH CENTRE - OXFORD (UK)                                  *
 * (8) UPMC - SORBONNE UNIVERSITES - PARIS (FRANCE)                            *
 * (9) UNIVERSIDAD DE BARCELONA - BARCELONA (SPAIN)                            *
 *(10) UNIVERSITA' DI NAPOLI "FEDERICO II" - NAPOLI (ITALY)                    *
 *(11) NIS - NANOSTRUCTURED INTERFACES AND SURFACES - TORINO (ITALY)           *
 *(12) MPI FUER CHEMISCHE ENERGIEKONVERSION - MUELHEIM AN DER RUHR (GERMANY)   *
 *(13) UNIVERSITY OF TROMSO - TROMSO (NORWAY)                                  *
 *(14) UNIVERSITE' DE PAU ET DES PAYS DE L'ADOUR - PAU (FRANCE)                *
 *(15) UNIVERSITY OF CALIFORNIA SANTA BARBARA - SANTA BARBARA (USA)            *
 *(16) CURTIN UNIVERSITY - PERTH (AUSTRALIA)                                   *
 *(17) UNIVERSITY COLLEGE LONDON - LONDON (UK)                                 *
 *(18) CAMBRIDGE UNIVERSITY - CAMBRIDGE (UK)                                   *
 *                                                                             *
 *******************************************************************************
 EEEEEEEEEE STARTING  DATE 17 10 2022 TIME 08:21:57.7
 MnO                                                                             

 GEOMETRY INPUT FROM EXTERNAL FILE (FORTRAN UNIT 34)
 3D - CRYSTAL 

 *******************************************************************************
 LATTICE PARAMETERS  (ANGSTROMS AND DEGREES) - PRIMITIVE CELL
       A          B          C        ALPHA      BETA     GAMMA        VOLUME
   10.63023   10.63023   10.63023    34.22791  34.22791  34.22791    338.905181
 INFORMATION **** CHKGRP **** SPGR WITH NO INVERSION

 NUMBER OF IRREDUCIBLE ATOMS IN THE CELL:   24

 CARTESIAN COORDINATES (ANGSTROM) - IRREDUCIBLE ATOMS AND SYMMETRY RELATED

 AT.IRR.  AT  AT.N.          X                   Y                   Z
     1     1    25    0.000000000000E+00  0.000000000000E+00  0.000000000000E+00
     1     2    25    5.418186568000E-03 -3.128191474000E-03  0.000000000000E+00
     1     3    25    5.418186568000E-03  3.128191474000E-03  0.000000000000E+00
     4     4    25    1.806062189320E+00  0.000000000000E+00  4.998859531070E+00
     4     5    25   -8.976129080920E-01  1.560967545287E+00  4.998859531070E+00
     4     6    25   -8.976129080920E-01 -1.560967545287E+00  4.998859531070E+00
     7     7    25   -9.030310946590E-01  1.564095736760E+00  4.998859531070E+00
     7     8    25    9.084492812264E-01  1.560967545286E+00 -4.998859531070E+00
     7     9    25   -1.800644002753E+00  3.128191473762E-03 -4.998859531070E+00
     7    10    25    9.084492812264E-01 -1.560967545286E+00 -4.998859531070E+00
     7    11    25   -1.800644002753E+00 -3.128191473762E-03 -4.998859531070E+00
    12    12    25    9.030310946610E-01  1.564095736760E+00  9.997719062140E+00
    12    13    25    5.418186566396E-03  3.125063282047E+00  0.000000000000E+00
    12    14    25   -2.703675097413E+00 -1.560967545287E+00  0.000000000000E+00
    12    15    25    5.418186566396E-03 -3.125063282047E+00  0.000000000000E+00
    12    16    25   -2.703675097413E+00  1.560967545287E+00  0.000000000000E+00
     7    17    25   -9.030310946590E-01 -1.564095736760E+00  4.998859531070E+00
    12    18    25    9.030310946610E-01 -1.564095736760E+00  9.997719062140E+00
    19    19    25   -1.806062189318E+00  0.000000000000E+00  9.997719062140E+00
    19    20    25   -2.703675097413E+00 -1.567223928234E+00  0.000000000000E+00
    19    21    25   -2.703675097413E+00  1.567223928234E+00  0.000000000000E+00
    22    22    25    2.000000000000E-12  0.000000000000E+00  1.499657859321E+01
    22    23    25   -1.800644002755E+00  3.125063282048E+00 -4.998859531070E+00
    22    24    25   -1.800644002755E+00 -3.125063282048E+00 -4.998859531070E+00
    25    25     8    1.806062189322E+00  0.000000000000E+00  8.748004179373E+00
    25    26     8    9.084492812250E-01 -1.567223928231E+00 -1.249714882767E+00
    25    27     8    9.084492812250E-01  1.567223928231E+00 -1.249714882767E+00
    28    28     8    2.000000000000E-12  0.000000000000E+00  3.749144648303E+00
    28    29     8    5.418186567000E-03 -3.128191472268E-03  3.749144648303E+00
    28    30     8    5.418186567000E-03  3.128191472268E-03  3.749144648303E+00
    31    31     8    9.030310946630E-01  1.564095736760E+00  1.374686371044E+01
    31    32     8    5.418186565396E-03  3.125063282049E+00  3.749144648300E+00
    31    33     8   -2.703675097414E+00 -1.560967545289E+00  3.749144648300E+00
    31    34     8    5.418186565396E-03 -3.125063282049E+00  3.749144648300E+00
    31    35     8   -2.703675097414E+00  1.560967545289E+00  3.749144648300E+00
    36    36     8   -9.030310946570E-01  1.564095736760E+00  8.748004179373E+00
    36    37     8    9.084492812254E-01  1.560967545288E+00 -1.249714882767E+00
    36    38     8   -1.800644002754E+00  3.128191472030E-03 -1.249714882767E+00
    36    39     8    9.084492812254E-01 -1.560967545288E+00 -1.249714882767E+00
    36    40     8   -1.800644002754E+00 -3.128191472030E-03 -1.249714882767E+00
    31    41     8    9.030310946630E-01 -1.564095736760E+00  1.374686371044E+01
    36    42     8   -9.030310946570E-01 -1.564095736760E+00  8.748004179373E+00
    43    43     8    4.000000000000E-12  0.000000000000E+00  1.874572324151E+01
    43    44     8   -1.800644002756E+00  3.125063282049E+00 -1.249714882770E+00
    43    45     8   -1.800644002756E+00 -3.125063282049E+00 -1.249714882770E+00
    46    46     8   -1.806062189316E+00  0.000000000000E+00  1.374686371044E+01
    46    47     8   -2.703675097414E+00 -1.567223928232E+00  3.749144648300E+00
    46    48     8   -2.703675097414E+00  1.567223928232E+00  3.749144648300E+00
    49    49    25    0.000000000000E+00  0.000000000000E+00  7.498289296603E+00
    49    50    25   -3.606706192072E+00 -3.128191474000E-03 -2.499429765537E+00
    49    51    25   -3.606706192072E+00  3.128191474000E-03 -2.499429765537E+00
    52    52    25    1.806062189320E+00  0.000000000000E+00  1.249714882767E+01
    52    53    25    9.084492812260E-01 -1.567223928233E+00  2.499429765530E+00
    52    54    25    9.084492812260E-01  1.567223928233E+00  2.499429765530E+00
    55    55    25   -9.030310946590E-01  1.564095736760E+00  1.249714882767E+01
    55    56    25    9.084492812264E-01  1.560967545286E+00  2.499429765530E+00
    55    57    25   -1.800644002753E+00  3.128191473762E-03  2.499429765530E+00
    55    58    25    9.084492812264E-01 -1.560967545286E+00  2.499429765530E+00
    55    59    25   -1.800644002753E+00 -3.128191473762E-03  2.499429765530E+00
    60    60    25    9.030310946610E-01  1.564095736760E+00  1.749600835874E+01
    60    61    25    1.811480375884E+00 -3.128191472506E-03 -2.499429765540E+00
    60    62    25   -8.976129080954E-01  1.567223928233E+00 -2.499429765540E+00
    60    63    25    1.811480375884E+00  3.128191472506E-03 -2.499429765540E+00
    60    64    25   -8.976129080954E-01 -1.567223928233E+00 -2.499429765540E+00
    55    65    25   -9.030310946590E-01 -1.564095736760E+00  1.249714882767E+01
    60    66    25    9.030310946610E-01 -1.564095736760E+00  1.749600835874E+01
    67    67    25   -1.806062189318E+00  0.000000000000E+00  1.749600835874E+01
    67    68    25   -8.976129080950E-01  1.560967545286E+00 -2.499429765540E+00
    67    69    25   -8.976129080950E-01 -1.560967545286E+00 -2.499429765540E+00
    70    70    25    2.000000000000E-12  0.000000000000E+00  2.249486788981E+01
    70    71    25   -1.800644002755E+00  3.125063282048E+00  2.499429765530E+00
    70    72    25   -1.800644002755E+00 -3.125063282048E+00  2.499429765530E+00
    73    73     8    9.030310946630E-01  1.564095736756E+00  2.124515300705E+01
    73    74     8    1.811480375887E+00 -3.128191468774E-03  1.249714882770E+00
    73    75     8   -8.976129080999E-01  1.567223928233E+00  1.249714882770E+00
    73    76     8    1.811480375887E+00  3.128191468774E-03  1.249714882770E+00
    73    77     8   -8.976129080999E-01 -1.567223928233E+00  1.249714882770E+00
    78    78     8   -9.030310946570E-01  1.564095736756E+00  1.624629347598E+01
    78    79     8   -2.703675097411E+00  1.560967545290E+00 -3.749144648300E+00
    78    80     8    5.418186560140E-03 -3.125063282046E+00 -3.749144648300E+00
    78    81     8   -2.703675097411E+00 -1.560967545290E+00 -3.749144648300E+00
    78    82     8    5.418186560140E-03  3.125063282046E+00 -3.749144648300E+00
    83    83     8    1.806062189322E+00 -4.000000000000E-12  1.624629347598E+01
    83    84     8   -2.703675097412E+00 -1.567223928229E+00 -3.749144648300E+00
    83    85     8   -2.703675097418E+00  1.567223928233E+00 -3.749144648300E+00
    86    86     8    2.000000000000E-12 -4.000000000000E-12  1.124743394491E+01
    86    87     8   -3.606706192070E+00 -3.128191470268E-03  1.249714882770E+00
    86    88     8   -3.606706192076E+00  3.128191474268E-03  1.249714882770E+00
    89    89     8    4.000000000000E-12 -4.000000000000E-12  2.624401253812E+01
    89    90     8    5.418186565464E-03 -3.128191468536E-03 -3.749144648300E+00
    89    91     8    5.418186558536E-03  3.128191472537E-03 -3.749144648300E+00
    92    92     8   -1.806062189316E+00 -4.000000000000E-12  2.124515300705E+01
    92    93     8   -8.976129080925E-01  1.560967545290E+00  1.249714882770E+00
    92    94     8   -8.976129080995E-01 -1.560967545286E+00  1.249714882770E+00
    73    95     8    9.030310946630E-01 -1.564095736764E+00  2.124515300705E+01
    78    96     8   -9.030310946570E-01 -1.564095736764E+00  1.624629347598E+01

 SPACE  GROUP  N.                     :  160
 NUMBER OF SYMMETRY OPERATORS         :    6
 *******************************************************************************
 LATTICE PARAMETERS (ANGSTROMS AND DEGREES) - BOHR = 0.5291772083 ANGSTROM
 PRIMITIVE CELL - CENTRING CODE 1/0 VOLUME=   338.905181 - DENSITY 16.682 g/cm^3
         A              B              C           ALPHA      BETA       GAMMA 
    10.63023184    10.63023184    10.63023184    34.227911  34.227911  34.227911
 *******************************************************************************
 ATOMS IN THE ASYMMETRIC UNIT   16 - ATOMS IN THE UNIT CELL:   96
     ATOM                 X/A                 Y/B                 Z/C    
 *******************************************************************************
      1 T  25 MN    0.000000000000E+00  0.000000000000E+00  0.000000000000E+00
      2 F  25 MN    1.000000000008E-03 -1.000000000081E-03  7.283952087322E-14
      3 F  25 MN    1.000000000008E-03  7.283952087322E-14 -1.000000000081E-03
      4 T  25 MN   -5.000000000000E-01  2.775557561563E-17  2.775557561563E-17
      5 F  25 MN    9.999999998233E-04  4.990000000002E-01 -3.558264793924E-14
      6 F  25 MN    9.999999998233E-04 -3.558264793924E-14  4.990000000002E-01
      7 F  25 MN    2.775557561563E-17 -5.000000000000E-01  2.775557561563E-17
      8 F  25 MN    9.999999998963E-04 -9.999999999868E-04 -4.999999999999E-01
      9 F  25 MN   -4.990000000002E-01  1.635358515273E-13 -9.999999999138E-04
     10 F  25 MN    9.999999998963E-04 -4.999999999999E-01 -9.999999999868E-04
     11 F  25 MN   -4.990000000002E-01 -9.999999999138E-04  1.635358515273E-13
     12 T  25 MN   -5.000000000000E-01 -5.000000000000E-01  5.551115123126E-17
     13 F  25 MN    9.999999997117E-04  4.990000000003E-01  5.000000000000E-01
     14 F  25 MN   -4.990000000004E-01  5.498379529456E-14  4.990000000004E-01
     15 F  25 MN    9.999999997117E-04  5.000000000000E-01  4.990000000003E-01
     16 F  25 MN   -4.990000000004E-01  4.990000000004E-01  5.498379529456E-14
     17 F  25 MN    2.775557561563E-17  2.775557561563E-17 -5.000000000000E-01
     18 F  25 MN   -5.000000000000E-01  5.551115123126E-17 -5.000000000000E-01
     19 F  25 MN    5.551115123126E-17 -5.000000000000E-01 -5.000000000000E-01
     20 F  25 MN   -4.990000000004E-01 -9.999999998199E-04 -4.999999999998E-01
     21 F  25 MN   -4.990000000004E-01 -4.999999999998E-01 -9.999999998200E-04
     22 T  25 MN   -5.000000000000E-01 -5.000000000000E-01 -5.000000000000E-01
     23 F  25 MN   -4.990000000005E-01  4.990000000005E-01 -4.999999999999E-01
     24 F  25 MN   -4.990000000005E-01 -4.999999999999E-01  4.990000000005E-01
     25 T   8 O    -3.749999999997E-01  1.249999999999E-01  1.249999999999E-01
     26 F   8 O     1.259999999996E-01 -3.759999999994E-01  1.249999999998E-01
     27 F   8 O     1.259999999996E-01  1.249999999998E-01 -3.759999999994E-01
     28 T   8 O     1.250000000003E-01  1.249999999999E-01  1.249999999999E-01
     29 F   8 O     1.259999999997E-01  1.240000000004E-01  1.250000000000E-01
     30 F   8 O     1.259999999997E-01  1.250000000000E-01  1.240000000004E-01
     31 T   8 O    -3.749999999998E-01 -3.750000000002E-01  1.249999999998E-01
     32 F   8 O     1.259999999994E-01 -3.759999999994E-01 -3.750000000002E-01
     33 F   8 O    -3.740000000008E-01  1.249999999998E-01 -3.759999999993E-01
     34 F   8 O     1.259999999994E-01 -3.750000000002E-01 -3.759999999994E-01
     35 F   8 O    -3.740000000008E-01 -3.759999999993E-01  1.249999999998E-01
     36 F   8 O     1.250000000003E-01 -3.750000000001E-01  1.249999999999E-01
     37 F   8 O     1.259999999996E-01  1.240000000004E-01 -3.750000000000E-01
     38 F   8 O    -3.740000000005E-01  1.250000000000E-01  1.240000000005E-01
     39 F   8 O     1.259999999996E-01 -3.750000000000E-01  1.240000000004E-01
     40 F   8 O    -3.740000000005E-01  1.240000000005E-01  1.250000000000E-01
     41 F   8 O    -3.749999999998E-01  1.249999999998E-01 -3.750000000002E-01
     42 F   8 O     1.250000000003E-01  1.249999999999E-01 -3.750000000001E-01
     43 T   8 O    -3.749999999998E-01 -3.750000000002E-01 -3.750000000002E-01
     44 F   8 O    -3.740000000009E-01 -3.759999999992E-01 -3.750000000001E-01
     45 F   8 O    -3.740000000009E-01 -3.750000000001E-01 -3.759999999992E-01
     46 F   8 O     1.250000000002E-01 -3.750000000002E-01 -3.750000000002E-01
     47 F   8 O    -3.740000000007E-01  1.240000000005E-01 -3.750000000000E-01
     48 F   8 O    -3.740000000007E-01 -3.750000000000E-01  1.240000000005E-01
     49 T  25 MN    2.499999999997E-01  2.500000000000E-01  2.500000000000E-01
     50 F  25 MN    2.509999999998E-01  2.489999999999E-01  2.500000000001E-01
     51 F  25 MN    2.509999999998E-01  2.500000000001E-01  2.489999999999E-01
     52 T  25 MN   -2.500000000004E-01  2.499999999999E-01  2.499999999999E-01
     53 F  25 MN    2.509999999995E-01 -2.509999999999E-01  2.499999999999E-01
     54 F  25 MN    2.509999999995E-01  2.499999999999E-01 -2.509999999999E-01
     55 F  25 MN    2.499999999996E-01 -2.500000000001E-01  2.499999999999E-01
     56 F  25 MN    2.509999999995E-01  2.489999999999E-01 -2.500000000000E-01
     57 F  25 MN   -2.490000000006E-01  2.500000000001E-01  2.490000000000E-01
     58 F  25 MN    2.509999999995E-01 -2.500000000000E-01  2.489999999999E-01
     59 F  25 MN   -2.490000000006E-01  2.490000000000E-01  2.500000000001E-01
     60 T  25 MN   -2.500000000004E-01 -2.500000000001E-01  2.499999999999E-01
     61 F  25 MN    2.509999999994E-01 -2.509999999998E-01 -2.500000000001E-01
     62 F  25 MN   -2.490000000008E-01  2.500000000000E-01 -2.509999999997E-01
     63 F  25 MN    2.509999999994E-01 -2.500000000001E-01 -2.509999999998E-01
     64 F  25 MN   -2.490000000008E-01 -2.509999999997E-01  2.500000000000E-01
     65 F  25 MN    2.499999999996E-01  2.499999999999E-01 -2.500000000001E-01
     66 F  25 MN   -2.500000000004E-01  2.499999999999E-01 -2.500000000001E-01
     67 F  25 MN    2.499999999996E-01 -2.500000000001E-01 -2.500000000001E-01
     68 F  25 MN   -2.490000000007E-01  2.490000000001E-01 -2.499999999999E-01
     69 F  25 MN   -2.490000000007E-01 -2.499999999999E-01  2.490000000001E-01
     70 T  25 MN   -2.500000000004E-01 -2.500000000001E-01 -2.500000000001E-01
     71 F  25 MN   -2.490000000009E-01 -2.509999999996E-01 -2.500000000000E-01
     72 F  25 MN   -2.490000000009E-01 -2.500000000000E-01 -2.509999999996E-01
     73 T   8 O    -1.249999999998E-01 -1.250000000006E-01  3.750000000007E-01
     74 F   8 O     3.760000000000E-01 -1.259999999991E-01 -1.250000000006E-01
     75 F   8 O    -1.240000000015E-01  3.750000000007E-01 -1.259999999990E-01
     76 F   8 O     3.760000000000E-01 -1.250000000006E-01 -1.259999999991E-01
     77 F   8 O    -1.240000000015E-01 -1.259999999990E-01  3.750000000007E-01
     78 T   8 O     3.750000000002E-01 -1.250000000006E-01  3.750000000007E-01
     79 F   8 O     3.760000000002E-01  3.740000000006E-01 -1.250000000005E-01
     80 F   8 O    -1.240000000013E-01  3.750000000008E-01  3.740000000007E-01
     81 F   8 O     3.760000000002E-01 -1.250000000005E-01  3.740000000006E-01
     82 F   8 O    -1.240000000013E-01  3.740000000007E-01  3.750000000008E-01
     83 F   8 O    -1.249999999998E-01  3.749999999994E-01  3.750000000007E-01
     84 F   8 O     3.760000000001E-01 -1.259999999992E-01  3.749999999994E-01
     85 F   8 O     3.759999999988E-01  3.750000000006E-01 -1.259999999992E-01
     86 T   8 O     3.750000000002E-01  3.749999999994E-01  3.750000000007E-01
     87 F   8 O     3.760000000003E-01  3.740000000005E-01  3.749999999995E-01
     88 F   8 O     3.759999999990E-01  3.750000000007E-01  3.740000000005E-01
     89 T   8 O    -1.249999999998E-01 -1.250000000006E-01 -1.249999999993E-01
     90 F   8 O    -1.240000000003E-01 -1.259999999989E-01 -1.250000000005E-01
     91 F   8 O    -1.240000000016E-01 -1.249999999993E-01 -1.259999999989E-01
     92 F   8 O     3.750000000002E-01 -1.250000000006E-01 -1.249999999993E-01
     93 F   8 O    -1.240000000001E-01  3.740000000008E-01 -1.250000000004E-01
     94 F   8 O    -1.240000000014E-01 -1.249999999991E-01  3.740000000008E-01
     95 F   8 O    -1.249999999998E-01  3.749999999994E-01 -1.249999999993E-01
     96 F   8 O     3.750000000002E-01  3.749999999994E-01 -1.249999999993E-01

 T = ATOM BELONGING TO THE ASYMMETRIC UNIT
 *******************************************************************************
 * GEOMETRY EDITING - INPUT COORDINATES ARE GIVEN IN ANGSTROM         
 *******************************************************************************

 GEOMETRY NOW FULLY CONSISTENT WITH THE GROUP

 GCALCO - MAX INDICES DIRECT LATTICE VECTOR    14    14    14
 NO.OF VECTORS CREATED 6999 STARS  512 RMAX   157.37771 BOHR

 GEOMETRY FOR WAVE FUNCTION - DIMENSIONALITY OF THE SYSTEM    3
 (NON PERIODIC DIRECTION: LATTICE PARAMETER FORMALLY SET TO 500)
 *******************************************************************************
 LATTICE PARAMETERS (ANGSTROMS AND DEGREES) - BOHR = 0.5291772083 ANGSTROM
 PRIMITIVE CELL - CENTRING CODE 1/0 VOLUME=   338.905181 - DENSITY 16.682 g/cm^3
         A              B              C           ALPHA      BETA       GAMMA 
    10.63023184    10.63023184    10.63023184    34.227911  34.227911  34.227911
 *******************************************************************************
 ATOMS IN THE ASYMMETRIC UNIT   24 - ATOMS IN THE UNIT CELL:   96
     ATOM                 X/A                 Y/B                 Z/C    
 *******************************************************************************
      1 T  25 MN    0.000000000000E+00  0.000000000000E+00  0.000000000000E+00
      2 F  25 MN    1.000000000008E-03 -1.000000000080E-03  7.288614727243E-14
      3 F  25 MN    1.000000000008E-03  7.288620473450E-14 -1.000000000080E-03
      4 T  25 MN   -5.000000000000E-01  0.000000000000E+00  0.000000000000E+00
      5 F  25 MN    9.999999998233E-04  4.990000000002E-01 -3.555489236362E-14
      6 F  25 MN    9.999999998233E-04 -3.555489236362E-14  4.990000000002E-01
      7 T  25 MN   -5.551115123126E-17 -5.000000000000E-01  0.000000000000E+00
      8 F  25 MN    9.999999998963E-04 -9.999999999867E-04 -5.000000000000E-01
      9 F  25 MN   -4.990000000002E-01  1.637023849810E-13 -9.999999999137E-04
     10 F  25 MN    9.999999998963E-04 -5.000000000000E-01 -9.999999999866E-04
     11 F  25 MN   -4.990000000002E-01 -9.999999999137E-04  1.637023849810E-13
     12 T  25 MN    5.000000000000E-01 -5.000000000000E-01  0.000000000000E+00
     13 F  25 MN    9.999999997117E-04  4.990000000003E-01  5.000000000000E-01
     14 F  25 MN   -4.990000000004E-01  5.521301021572E-14  4.990000000004E-01
     15 F  25 MN    9.999999997117E-04  5.000000000000E-01  4.990000000003E-01
     16 F  25 MN   -4.990000000004E-01  4.990000000004E-01  5.513636744861E-14
     17 F  25 MN    2.775557561563E-17  2.775557561563E-17 -5.000000000000E-01
     18 F  25 MN    5.000000000000E-01  0.000000000000E+00 -5.000000000000E-01
     19 T  25 MN   -1.110223024625E-16 -5.000000000000E-01 -5.000000000000E-01
     20 F  25 MN   -4.990000000004E-01 -9.999999998198E-04 -5.000000000000E-01
     21 F  25 MN   -4.990000000004E-01 -5.000000000000E-01 -9.999999998198E-04
     22 T  25 MN    5.000000000000E-01  5.000000000000E-01  5.000000000000E-01
     23 F  25 MN   -4.990000000005E-01  4.990000000005E-01 -5.000000000000E-01
     24 F  25 MN   -4.990000000005E-01 -5.000000000000E-01  4.990000000005E-01
     25 T   8 O    -3.749999999997E-01  1.249999999999E-01  1.249999999999E-01
     26 F   8 O     1.259999999996E-01 -3.759999999994E-01  1.249999999998E-01
     27 F   8 O     1.259999999996E-01  1.249999999998E-01 -3.759999999994E-01
     28 T   8 O     1.250000000003E-01  1.249999999999E-01  1.249999999999E-01
     29 F   8 O     1.259999999997E-01  1.240000000004E-01  1.250000000000E-01
     30 F   8 O     1.259999999997E-01  1.250000000000E-01  1.240000000004E-01
     31 T   8 O    -3.749999999998E-01 -3.750000000002E-01  1.249999999998E-01
     32 F   8 O     1.259999999994E-01 -3.759999999994E-01 -3.750000000002E-01
     33 F   8 O    -3.740000000008E-01  1.249999999998E-01 -3.759999999993E-01
     34 F   8 O     1.259999999994E-01 -3.750000000002E-01 -3.759999999994E-01
     35 F   8 O    -3.740000000008E-01 -3.759999999993E-01  1.249999999998E-01
     36 T   8 O     1.250000000003E-01 -3.750000000001E-01  1.249999999999E-01
     37 F   8 O     1.259999999996E-01  1.240000000004E-01 -3.750000000000E-01
     38 F   8 O    -3.740000000005E-01  1.250000000000E-01  1.240000000005E-01
     39 F   8 O     1.259999999996E-01 -3.750000000000E-01  1.240000000004E-01
     40 F   8 O    -3.740000000005E-01  1.240000000005E-01  1.250000000000E-01
     41 F   8 O    -3.749999999998E-01  1.249999999998E-01 -3.750000000002E-01
     42 F   8 O     1.250000000003E-01  1.249999999999E-01 -3.750000000001E-01
     43 T   8 O    -3.749999999998E-01 -3.750000000002E-01 -3.750000000002E-01
     44 F   8 O    -3.740000000009E-01 -3.759999999992E-01 -3.750000000001E-01
     45 F   8 O    -3.740000000009E-01 -3.750000000001E-01 -3.759999999992E-01
     46 T   8 O     1.250000000002E-01 -3.750000000002E-01 -3.750000000002E-01
     47 F   8 O    -3.740000000007E-01  1.240000000005E-01 -3.750000000000E-01
     48 F   8 O    -3.740000000007E-01 -3.750000000000E-01  1.240000000005E-01
     49 T  25 MN    2.499999999997E-01  2.500000000000E-01  2.500000000000E-01
     50 F  25 MN    2.509999999998E-01  2.489999999999E-01  2.500000000001E-01
     51 F  25 MN    2.509999999998E-01  2.500000000001E-01  2.489999999999E-01
     52 T  25 MN   -2.500000000004E-01  2.499999999999E-01  2.499999999999E-01
     53 F  25 MN    2.509999999995E-01 -2.509999999999E-01  2.499999999999E-01
     54 F  25 MN    2.509999999995E-01  2.499999999999E-01 -2.509999999999E-01
     55 T  25 MN    2.499999999996E-01 -2.500000000001E-01  2.499999999999E-01
     56 F  25 MN    2.509999999995E-01  2.489999999999E-01 -2.500000000000E-01
     57 F  25 MN   -2.490000000006E-01  2.500000000001E-01  2.490000000000E-01
     58 F  25 MN    2.509999999995E-01 -2.500000000000E-01  2.489999999999E-01
     59 F  25 MN   -2.490000000006E-01  2.490000000000E-01  2.500000000001E-01
     60 T  25 MN   -2.500000000004E-01 -2.500000000001E-01  2.499999999999E-01
     61 F  25 MN    2.509999999994E-01 -2.509999999998E-01 -2.500000000001E-01
     62 F  25 MN   -2.490000000008E-01  2.500000000000E-01 -2.509999999997E-01
     63 F  25 MN    2.509999999994E-01 -2.500000000001E-01 -2.509999999998E-01
     64 F  25 MN   -2.490000000008E-01 -2.509999999997E-01  2.500000000000E-01
     65 F  25 MN    2.499999999996E-01  2.499999999999E-01 -2.500000000001E-01
     66 F  25 MN   -2.500000000004E-01  2.499999999999E-01 -2.500000000001E-01
     67 T  25 MN    2.499999999996E-01 -2.500000000001E-01 -2.500000000001E-01
     68 F  25 MN   -2.490000000007E-01  2.490000000001E-01 -2.499999999999E-01
     69 F  25 MN   -2.490000000007E-01 -2.499999999999E-01  2.490000000001E-01
     70 T  25 MN   -2.500000000004E-01 -2.500000000001E-01 -2.500000000001E-01
     71 F  25 MN   -2.490000000009E-01 -2.509999999996E-01 -2.500000000000E-01
     72 F  25 MN   -2.490000000009E-01 -2.500000000000E-01 -2.509999999996E-01
     73 T   8 O    -1.249999999998E-01 -1.250000000006E-01  3.750000000007E-01
     74 F   8 O     3.760000000000E-01 -1.259999999991E-01 -1.250000000006E-01
     75 F   8 O    -1.240000000015E-01  3.750000000007E-01 -1.259999999990E-01
     76 F   8 O     3.760000000000E-01 -1.250000000006E-01 -1.259999999991E-01
     77 F   8 O    -1.240000000015E-01 -1.259999999990E-01  3.750000000007E-01
     78 T   8 O     3.750000000002E-01 -1.250000000006E-01  3.750000000007E-01
     79 F   8 O     3.760000000002E-01  3.740000000006E-01 -1.250000000005E-01
     80 F   8 O    -1.240000000013E-01  3.750000000008E-01  3.740000000007E-01
     81 F   8 O     3.760000000002E-01 -1.250000000005E-01  3.740000000006E-01
     82 F   8 O    -1.240000000013E-01  3.740000000007E-01  3.750000000008E-01
     83 T   8 O    -1.249999999998E-01  3.750000000000E-01  3.750000000000E-01
     84 F   8 O     3.759999999994E-01 -1.259999999992E-01  3.750000000000E-01
     85 F   8 O     3.759999999994E-01  3.750000000000E-01 -1.259999999992E-01
     86 T   8 O     3.750000000002E-01  3.750000000000E-01  3.750000000000E-01
     87 F   8 O     3.759999999996E-01  3.740000000005E-01  3.750000000001E-01
     88 F   8 O     3.759999999996E-01  3.750000000001E-01  3.740000000005E-01
     89 T   8 O    -1.249999999998E-01 -1.250000000000E-01 -1.250000000000E-01
     90 F   8 O    -1.240000000009E-01 -1.259999999989E-01 -1.249999999999E-01
     91 F   8 O    -1.240000000009E-01 -1.249999999999E-01 -1.259999999989E-01
     92 T   8 O     3.750000000002E-01 -1.250000000000E-01 -1.250000000000E-01
     93 F   8 O    -1.240000000007E-01  3.740000000008E-01 -1.249999999998E-01
     94 F   8 O    -1.240000000007E-01 -1.249999999998E-01  3.740000000008E-01
     95 F   8 O    -1.249999999998E-01  3.750000000007E-01 -1.250000000006E-01
     96 F   8 O     3.750000000002E-01  3.750000000007E-01 -1.250000000006E-01

 T = ATOM BELONGING TO THE ASYMMETRIC UNIT

 ****    6 SYMMOPS - TRANSLATORS IN FRACTIONAL UNITS
 **** MATRICES AND TRANSLATORS IN THE CRYSTALLOGRAPHIC REFERENCE FRAME
   V INV                    ROTATION MATRICES                   TRANSLATORS
   1   1  1.00  0.00  0.00  0.00  1.00  0.00  0.00  0.00  1.00  0.00  0.00  0.00
   2   3 -0.00 -0.00  1.00  1.00  0.00  0.00 -0.00  1.00  0.00  0.00  1.00  0.00
   3   2 -0.00  1.00 -0.00 -0.00  0.00  1.00  1.00  0.00  0.00  0.00  0.00  1.00
   4   4 -0.00 -0.00  1.00 -0.00  1.00  0.00  1.00  0.00  0.00  0.00  0.00  1.00
   5   5 -0.00  1.00 -0.00  1.00  0.00  0.00 -0.00  0.00  1.00  0.00  1.00  0.00
   6   6  1.00 -0.00 -0.00  0.00  0.00  1.00  0.00  1.00  0.00  0.00  0.00  0.00

 DIRECT LATTICE VECTORS CARTESIAN COMPONENTS (ANGSTROM)
          X                    Y                    Z
   0.361212437864E+01   0.000000000000E+00   0.999771906214E+01
  -0.180606218932E+01   0.312819147352E+01   0.999771906214E+01
  -0.180606218932E+01  -0.312819147352E+01   0.999771906214E+01


 CARTESIAN COORDINATES - PRIMITIVE CELL
 *******************************************************************************
 *      ATOM          X(ANGSTROM)         Y(ANGSTROM)         Z(ANGSTROM)
 *******************************************************************************
    1    25 MN    0.000000000000E+00  0.000000000000E+00  0.000000000000E+00
    2    25 MN    5.418186568000E-03 -3.128191474000E-03  2.217942804238E-15
    3    25 MN    5.418186568000E-03  3.128191474000E-03  2.219666273127E-15
    4    25 MN    1.806062189320E+00  0.000000000000E+00  4.998859531070E+00
    5    25 MN   -8.976129080920E-01  1.560967545287E+00  4.998859531070E+00
    6    25 MN   -8.976129080920E-01 -1.560967545287E+00  4.998859531070E+00
    7    25 MN   -9.030310946590E-01  1.564095736760E+00  4.998859531070E+00
    8    25 MN   -8.976129080914E-01 -1.567223928233E+00  4.998859531069E+00
    9    25 MN   -1.800644002753E+00  3.128191473762E-03 -4.998859531070E+00
   10    25 MN   -8.976129080914E-01  1.567223928233E+00  4.998859531069E+00
   11    25 MN   -1.800644002753E+00 -3.128191473762E-03 -4.998859531070E+00
   12    25 MN    9.030310946610E-01  1.564095736760E+00  9.997719062140E+00
   13    25 MN   -1.800644002752E+00 -3.128191472561E-03  9.997719062140E+00
   14    25 MN   -2.703675097413E+00 -1.560967545287E+00  1.880015106437E-15
   15    25 MN   -1.800644002752E+00  3.128191472561E-03  9.997719062140E+00
   16    25 MN   -2.703675097413E+00  1.560967545287E+00  1.246211229785E-15
   17    25 MN   -9.030310946590E-01 -1.564095736760E+00  4.998859531070E+00
   18    25 MN    9.030310946610E-01 -1.564095736760E+00  9.997719062140E+00
   19    25 MN   -1.806062189318E+00  0.000000000000E+00  9.997719062140E+00
   20    25 MN   -2.703675097413E+00 -1.567223928233E+00 -1.810454547499E-12
   21    25 MN   -2.703675097413E+00  1.567223928233E+00 -1.810193842279E-12
   22    25 MN    2.000101071361E-12  0.000000000000E+00  1.499657859321E+01
   23    25 MN   -3.606706192073E+00 -3.128191472040E-03  4.998859531069E+00
   24    25 MN   -3.606706192073E+00  3.128191472040E-03  4.998859531069E+00
   25     8 O     1.806062189322E+00  0.000000000000E+00  8.748004179373E+00
   26     8 O     9.084492812250E-01 -1.567223928231E+00 -1.249714882767E+00
   27     8 O     9.084492812250E-01  1.567223928231E+00 -1.249714882767E+00
   28     8 O     1.999983570416E-12  0.000000000000E+00  3.749144648303E+00
   29     8 O     5.418186567000E-03 -3.128191472268E-03  3.749144648303E+00
   30     8 O     5.418186567000E-03  3.128191472268E-03  3.749144648303E+00
   31     8 O     9.030310946630E-01  1.564095736760E+00  1.374686371044E+01
   32     8 O     5.418186565396E-03  3.125063282049E+00  3.749144648300E+00
   33     8 O    -2.703675097414E+00 -1.560967545289E+00  3.749144648300E+00
   34     8 O     5.418186565396E-03 -3.125063282049E+00  3.749144648300E+00
   35     8 O    -2.703675097414E+00  1.560967545289E+00  3.749144648300E+00
   36     8 O    -9.030310946570E-01  1.564095736760E+00  8.748004179373E+00
   37     8 O     9.084492812254E-01  1.560967545288E+00 -1.249714882767E+00
   38     8 O    -1.800644002754E+00  3.128191472030E-03 -1.249714882767E+00
   39     8 O     9.084492812254E-01 -1.560967545288E+00 -1.249714882767E+00
   40     8 O    -1.800644002754E+00 -3.128191472030E-03 -1.249714882767E+00
   41     8 O     9.030310946630E-01 -1.564095736760E+00  1.374686371044E+01
   42     8 O    -9.030310946570E-01 -1.564095736760E+00  8.748004179373E+00
   43     8 O     4.000202142721E-12  0.000000000000E+00  1.874572324151E+01
   44     8 O    -1.800644002756E+00  3.125063282049E+00 -1.249714882770E+00
   45     8 O    -1.800644002756E+00 -3.125063282049E+00 -1.249714882770E+00
   46     8 O    -1.806062189316E+00  0.000000000000E+00  1.374686371044E+01
   47     8 O    -2.703675097414E+00 -1.567223928232E+00  3.749144648300E+00
   48     8 O    -2.703675097414E+00  1.567223928232E+00  3.749144648300E+00
   49    25 MN   -1.175009441523E-16  0.000000000000E+00  7.498289296603E+00
   50    25 MN   -3.606706192072E+00 -3.128191474000E-03 -2.499429765537E+00
   51    25 MN   -3.606706192072E+00  3.128191474000E-03 -2.499429765537E+00
   52    25 MN    1.806062189320E+00  0.000000000000E+00  1.249714882767E+01
   53    25 MN    9.084492812260E-01 -1.567223928233E+00  2.499429765530E+00
   54    25 MN    9.084492812260E-01  1.567223928233E+00  2.499429765530E+00
   55    25 MN   -9.030310946590E-01  1.564095736760E+00  1.249714882767E+01
   56    25 MN    9.084492812264E-01  1.560967545286E+00  2.499429765530E+00
   57    25 MN   -1.800644002753E+00  3.128191473762E-03  2.499429765530E+00
   58    25 MN    9.084492812264E-01 -1.560967545286E+00  2.499429765530E+00
   59    25 MN   -1.800644002753E+00 -3.128191473762E-03  2.499429765530E+00
   60    25 MN    9.030310946610E-01  1.564095736760E+00  1.749600835874E+01
   61    25 MN    1.811480375884E+00 -3.128191472506E-03 -2.499429765540E+00
   62    25 MN   -8.976129080954E-01  1.567223928233E+00 -2.499429765540E+00
   63    25 MN    1.811480375884E+00  3.128191472506E-03 -2.499429765540E+00
   64    25 MN   -8.976129080954E-01 -1.567223928233E+00 -2.499429765540E+00
   65    25 MN   -9.030310946590E-01 -1.564095736760E+00  1.249714882767E+01
   66    25 MN    9.030310946610E-01 -1.564095736760E+00  1.749600835874E+01
   67    25 MN   -1.806062189318E+00  0.000000000000E+00  1.749600835874E+01
   68    25 MN   -8.976129080950E-01  1.560967545286E+00 -2.499429765540E+00
   69    25 MN   -8.976129080950E-01 -1.560967545286E+00 -2.499429765540E+00
   70    25 MN    1.999866069472E-12  0.000000000000E+00  2.249486788981E+01
   71    25 MN   -1.800644002755E+00  3.125063282048E+00  2.499429765530E+00
   72    25 MN   -1.800644002755E+00 -3.125063282048E+00  2.499429765530E+00
   73     8 O     9.030310946630E-01  1.564095736756E+00  2.124515300705E+01
   74     8 O     1.811480375887E+00 -3.128191468774E-03  1.249714882770E+00
   75     8 O    -8.976129080999E-01  1.567223928233E+00  1.249714882770E+00
   76     8 O     1.811480375887E+00  3.128191468774E-03  1.249714882770E+00
   77     8 O    -8.976129080999E-01 -1.567223928233E+00  1.249714882770E+00
   78     8 O    -9.030310946570E-01  1.564095736756E+00  1.624629347598E+01
   79     8 O    -2.703675097411E+00  1.560967545290E+00 -3.749144648300E+00
   80     8 O     5.418186560140E-03 -3.125063282046E+00 -3.749144648300E+00
   81     8 O    -2.703675097411E+00 -1.560967545290E+00 -3.749144648300E+00
   82     8 O     5.418186560140E-03  3.125063282046E+00 -3.749144648300E+00
   83     8 O     1.806062189322E+00  0.000000000000E+00  1.624629347598E+01
   84     8 O    -2.703675097415E+00 -1.567223928231E+00 -3.749144648300E+00
   85     8 O    -2.703675097415E+00  1.567223928231E+00 -3.749144648300E+00
   86     8 O     2.000101071361E-12  0.000000000000E+00  1.124743394491E+01
   87     8 O    -3.606706192073E+00 -3.128191472268E-03  1.249714882770E+00
   88     8 O    -3.606706192073E+00  3.128191472268E-03  1.249714882770E+00
   89     8 O     3.999732138944E-12  0.000000000000E+00  2.624401253812E+01
   90     8 O     5.418186561999E-03 -3.128191470536E-03 -3.749144648300E+00
   91     8 O     5.418186562000E-03  3.128191470536E-03 -3.749144648300E+00
   92     8 O    -1.806062189316E+00 -4.700037766092E-16  2.124515300705E+01
   93     8 O    -8.976129080960E-01  1.560967545288E+00  1.249714882770E+00
   94     8 O    -8.976129080960E-01 -1.560967545288E+00  1.249714882770E+00
   95     8 O     9.030310946630E-01 -1.564095736756E+00  2.124515300705E+01
   96     8 O    -9.030310946570E-01 -1.564095736756E+00  1.624629347598E+01

 *******************************************************************************
 LOCAL ATOMIC FUNCTIONS BASIS SET
 *******************************************************************************
   ATOM   X(AU)   Y(AU)   Z(AU)  N. TYPE  EXPONENT  S COEF   P COEF   D/F/G COEF
 *******************************************************************************
   1 MN   0.000   0.000   0.000
                                  1 S  
                                         2.772E+05 2.284E-04 0.000E+00 0.000E+00
                                         4.155E+04 1.771E-03 0.000E+00 0.000E+00
                                         9.456E+03 9.208E-03 0.000E+00 0.000E+00
                                         2.677E+03 3.742E-02 0.000E+00 0.000E+00
                                         8.715E+02 1.216E-01 0.000E+00 0.000E+00
                                         3.130E+02 2.882E-01 0.000E+00 0.000E+00
                                         1.214E+02 4.104E-01 0.000E+00 0.000E+00
                                         4.792E+01 2.137E-01 0.000E+00 0.000E+00
                                  2 S  
                                         3.037E+02-2.459E-02 0.000E+00 0.000E+00
                                         9.388E+01-1.160E-01 0.000E+00 0.000E+00
                                         1.488E+01 5.511E-01 0.000E+00 0.000E+00
                                         6.287E+00 5.371E-01 0.000E+00 0.000E+00
                                  3 S  
                                         9.486E+00-2.289E-01 0.000E+00 0.000E+00
                                         1.570E+00 7.120E-01 0.000E+00 0.000E+00
                                  4 S  
                                         6.590E-01 1.000E+00 0.000E+00 0.000E+00
                                  5 S  
                                         3.000E-01 1.000E+00 0.000E+00 0.000E+00
                           6-     9 SP 
                                         1.300E-01 1.000E+00 1.000E+00 0.000E+00
                          10-    12 P  
                                         1.445E+03 0.000E+00 2.399E-03 0.000E+00
                                         3.421E+02 0.000E+00 1.937E-02 0.000E+00
                                         1.096E+02 0.000E+00 9.024E-02 0.000E+00
                                         4.075E+01 0.000E+00 2.575E-01 0.000E+00
                                         1.619E+01 0.000E+00 4.127E-01 0.000E+00
                                         6.548E+00 0.000E+00 2.409E-01 0.000E+00
                          13-    15 P  
                                         2.536E+01 0.000E+00-2.871E-02 0.000E+00
                                         3.483E+00 0.000E+00 5.521E-01 0.000E+00
                                         1.386E+00 0.000E+00 9.723E-01 0.000E+00
                          16-    18 P  
                                         5.256E-01 0.000E+00 1.000E+00 0.000E+00
                          19-    23 D  
                                         5.656E+01 0.000E+00 0.000E+00 1.154E-02
                                         1.628E+01 0.000E+00 0.000E+00 7.030E-02
                                         5.696E+00 0.000E+00 0.000E+00 2.245E-01
                                         2.141E+00 0.000E+00 0.000E+00 3.970E-01
                          24-    28 D  
                                         7.829E-01 0.000E+00 0.000E+00 1.000E+00
                          29-    33 D  
                                         2.595E-01 0.000E+00 0.000E+00 1.000E+00
   2 MN   0.010  -0.006   0.000
   3 MN   0.010   0.006   0.000
   4 MN   3.413   0.000   9.446
   5 MN  -1.696   2.950   9.446
   6 MN  -1.696  -2.950   9.446
   7 MN  -1.706   2.956   9.446
   8 MN  -1.696  -2.962   9.446
   9 MN  -3.403   0.006  -9.446
  10 MN  -1.696   2.962   9.446
  11 MN  -3.403  -0.006  -9.446
  12 MN   1.706   2.956  18.893
  13 MN  -3.403  -0.006  18.893
  14 MN  -5.109  -2.950   0.000
  15 MN  -3.403   0.006  18.893
  16 MN  -5.109   2.950   0.000
  17 MN  -1.706  -2.956   9.446
  18 MN   1.706  -2.956  18.893
  19 MN  -3.413   0.000  18.893
  20 MN  -5.109  -2.962  -0.000
  21 MN  -5.109   2.962  -0.000
  22 MN   0.000   0.000  28.339
  23 MN  -6.816  -0.006   9.446
  24 MN  -6.816   0.006   9.446
  25 O    3.413   0.000  16.531
                                793 S  
                                         2.703E+04 2.173E-04 0.000E+00 0.000E+00
                                         4.052E+03 1.684E-03 0.000E+00 0.000E+00
                                         9.223E+02 8.740E-03 0.000E+00 0.000E+00
                                         2.612E+02 3.524E-02 0.000E+00 0.000E+00
                                         8.535E+01 1.115E-01 0.000E+00 0.000E+00
                                         3.104E+01 2.559E-01 0.000E+00 0.000E+00
                                794 S  
                                         1.227E+01 3.977E-01 0.000E+00 0.000E+00
                                         4.916E+00 2.463E-01 0.000E+00 0.000E+00
                                795 S  
                                         9.009E-01 1.000E+00 0.000E+00 0.000E+00
                         796-   799 SP 
                                         2.500E-01 1.000E+00 1.000E+00 0.000E+00
                         800-   802 P  
                                         7.530E+01 0.000E+00 6.069E-03 0.000E+00
                                         1.774E+01 0.000E+00 4.191E-02 0.000E+00
                                         5.536E+00 0.000E+00 1.615E-01 0.000E+00
                                         2.069E+00 0.000E+00 3.571E-01 0.000E+00
                         803-   805 P  
                                         7.824E-01 0.000E+00 1.000E+00 0.000E+00
                         806-   810 D  
                                         2.314E+00 0.000E+00 0.000E+00 1.000E+00
                         811-   815 D  
                                         6.450E-01 0.000E+00 0.000E+00 1.000E+00
                         816-   822 F  
                                         1.428E+00 0.000E+00 0.000E+00 1.000E+00
  26 O    1.717  -2.962  -2.362
  27 O    1.717   2.962  -2.362
  28 O    0.000   0.000   7.085
  29 O    0.010  -0.006   7.085
  30 O    0.010   0.006   7.085
  31 O    1.706   2.956  25.978
  32 O    0.010   5.906   7.085
  33 O   -5.109  -2.950   7.085
  34 O    0.010  -5.906   7.085
  35 O   -5.109   2.950   7.085
  36 O   -1.706   2.956  16.531
  37 O    1.717   2.950  -2.362
  38 O   -3.403   0.006  -2.362
  39 O    1.717  -2.950  -2.362
  40 O   -3.403  -0.006  -2.362
  41 O    1.706  -2.956  25.978
  42 O   -1.706  -2.956  16.531
  43 O    0.000   0.000  35.424
  44 O   -3.403   5.906  -2.362
  45 O   -3.403  -5.906  -2.362
  46 O   -3.413   0.000  25.978
  47 O   -5.109  -2.962   7.085
  48 O   -5.109   2.962   7.085
  49 MN  -0.000   0.000  14.170
  50 MN  -6.816  -0.006  -4.723
  51 MN  -6.816   0.006  -4.723
  52 MN   3.413   0.000  23.616
  53 MN   1.717  -2.962   4.723
  54 MN   1.717   2.962   4.723
  55 MN  -1.706   2.956  23.616
  56 MN   1.717   2.950   4.723
  57 MN  -3.403   0.006   4.723
  58 MN   1.717  -2.950   4.723
  59 MN  -3.403  -0.006   4.723
  60 MN   1.706   2.956  33.063
  61 MN   3.423  -0.006  -4.723
  62 MN  -1.696   2.962  -4.723
  63 MN   3.423   0.006  -4.723
  64 MN  -1.696  -2.962  -4.723
  65 MN  -1.706  -2.956  23.616
  66 MN   1.706  -2.956  33.063
  67 MN  -3.413   0.000  33.063
  68 MN  -1.696   2.950  -4.723
  69 MN  -1.696  -2.950  -4.723
  70 MN   0.000   0.000  42.509
  71 MN  -3.403   5.906   4.723
  72 MN  -3.403  -5.906   4.723
  73 O    1.706   2.956  40.148
  74 O    3.423  -0.006   2.362
  75 O   -1.696   2.962   2.362
  76 O    3.423   0.006   2.362
  77 O   -1.696  -2.962   2.362
  78 O   -1.706   2.956  30.701
  79 O   -5.109   2.950  -7.085
  80 O    0.010  -5.906  -7.085
  81 O   -5.109  -2.950  -7.085
  82 O    0.010   5.906  -7.085
  83 O    3.413   0.000  30.701
  84 O   -5.109  -2.962  -7.085
  85 O   -5.109   2.962  -7.085
  86 O    0.000   0.000  21.255
  87 O   -6.816  -0.006   2.362
  88 O   -6.816   0.006   2.362
  89 O    0.000   0.000  49.594
  90 O    0.010  -0.006  -7.085
  91 O    0.010   0.006  -7.085
  92 O   -3.413  -0.000  40.148
  93 O   -1.696   2.950   2.362
  94 O   -1.696  -2.950   2.362
  95 O    1.706  -2.956  40.148
  96 O   -1.706  -2.956  30.701
 INFORMATION **** SET_MPP **** PCRYSTAL CALCULATION
 INFORMATION **** READM2 **** NEW DEFAULT: FOCK/KS MATRIX MIXING SET TO 30 %
 INFORMATION **** READM2 **** NEW DEFAULT: FULL DIRECT SCF MODE
 INFORMATION **** READM2 **** NEW DEFAULT: COULOMB BIPOLAR BUFFER SET TO 32 Mb
 INFORMATION **** READM2 **** NEW DEFAULT: EXCHANGE BIPOLAR BUFFER SET TO 32 Mb

 *******************************************************************************
 NEW DEFAULT: DFT INTEGRATION GRID INCREASED TO XLGRID
 NEW DEFAULT: DIIS ACCELERATOR ACTIVE
 USE KEYWORD NODIIS TO TURN IT OFF
 *******************************************************************************

 INFORMATION **** TOLINTEG **** COULOMB AND EXCHANGE SERIES TOLERANCES MODIFIED
 INFORMATION **** READM2 **** FULL DIRECT SCF (MONO AND BIEL INT) SELECTED
 INFORMATION **** SLOSHING **** DIIS FOR SCF ACTIVE
 INFORMATION **** SLOSHING **** LEVEL SHIFTER DISABLED
 INFORMATION **** SLOSHING **** DIIS CHARGE SLOSHING ACTIVATED
 INFORMATION **** MAXCYCLE **** MAX NUMBER OF SCF CYCLES SET TO         500
 INFORMATION **** TOLDEE **** SCF TOL ON TOTAL ENERGY SET TO          10
 INFORMATION **** GRADCAL **** ANALYTICAL GRADIENT AFTER SCF COMPLETED
 INFORMATION **** SPINLOCK **** LOCK IN A GIVEN SPIN STATE
 ALPHA-BETA ELECTRONS LOCKED TO   0 FOR   3 SCF CYCLES
 SSSSSSSSSSSSSSSSSSSSSSSSSSSSSSSSSSSSSSSSSSSSSSSSSSSSSSSSSSSSSSSSSSSSSSSSSSSSSS
 ATOMIC SPINS SET TO (ATOM, AT. N., SPIN)
   1  25 1   2  25 1   3  25 1   4  25 1   5  25 1   6  25 1   7  25 1   8  25 1
   9  25 0  10  25 0  11  25 0  12  25 0  13  25 0  14  25 0  15  25 0  16  25 0
  17  25-1  18  25-1  19  25-1  20  25-1  21  25-1  22  25-1  23  25-1  24  25-1
  25   8 0  26   8 0  27   8 0  28   8 0  29   8 0  30   8 0  31   8 0  32   8 0
  33   8 0  34   8 0  35   8 0  36   8 0  37   8 0  38   8 0  39   8 0  40   8 0
  41   8 0  42   8 0  43   8 0  44   8 0  45   8 0  46   8 0  47   8 0  48   8 0
  49  25 0  50  25 0  51  25 0  52  25 0  53  25 0  54  25 0  55  25 0  56  25 0
  57  25 0  58  25 0  59  25 0  60  25 0  61  25 0  62  25 0  63  25 0  64  25 0
  65  25 0  66  25 0  67  25 0  68  25 0  69  25 0  70  25 0  71  25 0  72  25 0
  73   8 0  74   8 0  75   8 0  76   8 0  77   8 0  78   8 0  79   8 0  80   8 0
  81   8 0  82   8 0  83   8 0  84   8 0  85   8 0  86   8 0  87   8 0  88   8 0
  89   8 0  90   8 0  91   8 0  92   8 0  93   8 0  94   8 0  95   8 0  96   8 0
 THE NUMBER OF SYMMETRY OPERATORS HAS BEEN REDUCED FROM  6 TO  1
 *******************************************************************************
 *********************************************************************
                        ATOMIC SITE SYMMETRIES
 *********************************************************************


 ATOM   1 ATOMIC NUMBER  25 - NUMBER OF SYMMOPS WHICH DO NOT MOVE THE ATOM   1
 SEQUENCE NUMBERS OF THE SYMMOPS
    1
 NO EQUIVALENT ATOMS


 ATOM   2 ATOMIC NUMBER  25 - NUMBER OF SYMMOPS WHICH DO NOT MOVE THE ATOM   1
 SEQUENCE NUMBERS OF THE SYMMOPS
    1
 NO EQUIVALENT ATOMS


 ATOM   3 ATOMIC NUMBER  25 - NUMBER OF SYMMOPS WHICH DO NOT MOVE THE ATOM   1
 SEQUENCE NUMBERS OF THE SYMMOPS
    1
 NO EQUIVALENT ATOMS


 ATOM   4 ATOMIC NUMBER  25 - NUMBER OF SYMMOPS WHICH DO NOT MOVE THE ATOM   1
 SEQUENCE NUMBERS OF THE SYMMOPS
    1
 NO EQUIVALENT ATOMS


 ATOM   5 ATOMIC NUMBER  25 - NUMBER OF SYMMOPS WHICH DO NOT MOVE THE ATOM   1
 SEQUENCE NUMBERS OF THE SYMMOPS
    1
 NO EQUIVALENT ATOMS


 ATOM   6 ATOMIC NUMBER  25 - NUMBER OF SYMMOPS WHICH DO NOT MOVE THE ATOM   1
 SEQUENCE NUMBERS OF THE SYMMOPS
    1
 NO EQUIVALENT ATOMS


 ATOM   7 ATOMIC NUMBER  25 - NUMBER OF SYMMOPS WHICH DO NOT MOVE THE ATOM   1
 SEQUENCE NUMBERS OF THE SYMMOPS
    1
 NO EQUIVALENT ATOMS


 ATOM   8 ATOMIC NUMBER  25 - NUMBER OF SYMMOPS WHICH DO NOT MOVE THE ATOM   1
 SEQUENCE NUMBERS OF THE SYMMOPS
    1
 NO EQUIVALENT ATOMS


 ATOM   9 ATOMIC NUMBER  25 - NUMBER OF SYMMOPS WHICH DO NOT MOVE THE ATOM   1
 SEQUENCE NUMBERS OF THE SYMMOPS
    1
 NO EQUIVALENT ATOMS


 ATOM  10 ATOMIC NUMBER  25 - NUMBER OF SYMMOPS WHICH DO NOT MOVE THE ATOM   1
 SEQUENCE NUMBERS OF THE SYMMOPS
    1
 NO EQUIVALENT ATOMS


 ATOM  11 ATOMIC NUMBER  25 - NUMBER OF SYMMOPS WHICH DO NOT MOVE THE ATOM   1
 SEQUENCE NUMBERS OF THE SYMMOPS
    1
 NO EQUIVALENT ATOMS


 ATOM  12 ATOMIC NUMBER  25 - NUMBER OF SYMMOPS WHICH DO NOT MOVE THE ATOM   1
 SEQUENCE NUMBERS OF THE SYMMOPS
    1
 NO EQUIVALENT ATOMS


 ATOM  13 ATOMIC NUMBER  25 - NUMBER OF SYMMOPS WHICH DO NOT MOVE THE ATOM   1
 SEQUENCE NUMBERS OF THE SYMMOPS
    1
 NO EQUIVALENT ATOMS


 ATOM  14 ATOMIC NUMBER  25 - NUMBER OF SYMMOPS WHICH DO NOT MOVE THE ATOM   1
 SEQUENCE NUMBERS OF THE SYMMOPS
    1
 NO EQUIVALENT ATOMS


 ATOM  15 ATOMIC NUMBER  25 - NUMBER OF SYMMOPS WHICH DO NOT MOVE THE ATOM   1
 SEQUENCE NUMBERS OF THE SYMMOPS
    1
 NO EQUIVALENT ATOMS


 ATOM  16 ATOMIC NUMBER  25 - NUMBER OF SYMMOPS WHICH DO NOT MOVE THE ATOM   1
 SEQUENCE NUMBERS OF THE SYMMOPS
    1
 NO EQUIVALENT ATOMS


 ATOM  17 ATOMIC NUMBER  25 - NUMBER OF SYMMOPS WHICH DO NOT MOVE THE ATOM   1
 SEQUENCE NUMBERS OF THE SYMMOPS
    1
 NO EQUIVALENT ATOMS


 ATOM  18 ATOMIC NUMBER  25 - NUMBER OF SYMMOPS WHICH DO NOT MOVE THE ATOM   1
 SEQUENCE NUMBERS OF THE SYMMOPS
    1
 NO EQUIVALENT ATOMS


 ATOM  19 ATOMIC NUMBER  25 - NUMBER OF SYMMOPS WHICH DO NOT MOVE THE ATOM   1
 SEQUENCE NUMBERS OF THE SYMMOPS
    1
 NO EQUIVALENT ATOMS


 ATOM  20 ATOMIC NUMBER  25 - NUMBER OF SYMMOPS WHICH DO NOT MOVE THE ATOM   1
 SEQUENCE NUMBERS OF THE SYMMOPS
    1
 NO EQUIVALENT ATOMS


 ATOM  21 ATOMIC NUMBER  25 - NUMBER OF SYMMOPS WHICH DO NOT MOVE THE ATOM   1
 SEQUENCE NUMBERS OF THE SYMMOPS
    1
 NO EQUIVALENT ATOMS


 ATOM  22 ATOMIC NUMBER  25 - NUMBER OF SYMMOPS WHICH DO NOT MOVE THE ATOM   1
 SEQUENCE NUMBERS OF THE SYMMOPS
    1
 NO EQUIVALENT ATOMS


 ATOM  23 ATOMIC NUMBER  25 - NUMBER OF SYMMOPS WHICH DO NOT MOVE THE ATOM   1
 SEQUENCE NUMBERS OF THE SYMMOPS
    1
 NO EQUIVALENT ATOMS


 ATOM  24 ATOMIC NUMBER  25 - NUMBER OF SYMMOPS WHICH DO NOT MOVE THE ATOM   1
 SEQUENCE NUMBERS OF THE SYMMOPS
    1
 NO EQUIVALENT ATOMS


 ATOM  25 ATOMIC NUMBER   8 - NUMBER OF SYMMOPS WHICH DO NOT MOVE THE ATOM   1
 SEQUENCE NUMBERS OF THE SYMMOPS
    1
 NO EQUIVALENT ATOMS


 ATOM  26 ATOMIC NUMBER   8 - NUMBER OF SYMMOPS WHICH DO NOT MOVE THE ATOM   1
 SEQUENCE NUMBERS OF THE SYMMOPS
    1
 NO EQUIVALENT ATOMS


 ATOM  27 ATOMIC NUMBER   8 - NUMBER OF SYMMOPS WHICH DO NOT MOVE THE ATOM   1
 SEQUENCE NUMBERS OF THE SYMMOPS
    1
 NO EQUIVALENT ATOMS


 ATOM  28 ATOMIC NUMBER   8 - NUMBER OF SYMMOPS WHICH DO NOT MOVE THE ATOM   1
 SEQUENCE NUMBERS OF THE SYMMOPS
    1
 NO EQUIVALENT ATOMS


 ATOM  29 ATOMIC NUMBER   8 - NUMBER OF SYMMOPS WHICH DO NOT MOVE THE ATOM   1
 SEQUENCE NUMBERS OF THE SYMMOPS
    1
 NO EQUIVALENT ATOMS


 ATOM  30 ATOMIC NUMBER   8 - NUMBER OF SYMMOPS WHICH DO NOT MOVE THE ATOM   1
 SEQUENCE NUMBERS OF THE SYMMOPS
    1
 NO EQUIVALENT ATOMS


 ATOM  31 ATOMIC NUMBER   8 - NUMBER OF SYMMOPS WHICH DO NOT MOVE THE ATOM   1
 SEQUENCE NUMBERS OF THE SYMMOPS
    1
 NO EQUIVALENT ATOMS


 ATOM  32 ATOMIC NUMBER   8 - NUMBER OF SYMMOPS WHICH DO NOT MOVE THE ATOM   1
 SEQUENCE NUMBERS OF THE SYMMOPS
    1
 NO EQUIVALENT ATOMS


 ATOM  33 ATOMIC NUMBER   8 - NUMBER OF SYMMOPS WHICH DO NOT MOVE THE ATOM   1
 SEQUENCE NUMBERS OF THE SYMMOPS
    1
 NO EQUIVALENT ATOMS


 ATOM  34 ATOMIC NUMBER   8 - NUMBER OF SYMMOPS WHICH DO NOT MOVE THE ATOM   1
 SEQUENCE NUMBERS OF THE SYMMOPS
    1
 NO EQUIVALENT ATOMS


 ATOM  35 ATOMIC NUMBER   8 - NUMBER OF SYMMOPS WHICH DO NOT MOVE THE ATOM   1
 SEQUENCE NUMBERS OF THE SYMMOPS
    1
 NO EQUIVALENT ATOMS


 ATOM  36 ATOMIC NUMBER   8 - NUMBER OF SYMMOPS WHICH DO NOT MOVE THE ATOM   1
 SEQUENCE NUMBERS OF THE SYMMOPS
    1
 NO EQUIVALENT ATOMS


 ATOM  37 ATOMIC NUMBER   8 - NUMBER OF SYMMOPS WHICH DO NOT MOVE THE ATOM   1
 SEQUENCE NUMBERS OF THE SYMMOPS
    1
 NO EQUIVALENT ATOMS


 ATOM  38 ATOMIC NUMBER   8 - NUMBER OF SYMMOPS WHICH DO NOT MOVE THE ATOM   1
 SEQUENCE NUMBERS OF THE SYMMOPS
    1
 NO EQUIVALENT ATOMS


 ATOM  39 ATOMIC NUMBER   8 - NUMBER OF SYMMOPS WHICH DO NOT MOVE THE ATOM   1
 SEQUENCE NUMBERS OF THE SYMMOPS
    1
 NO EQUIVALENT ATOMS


 ATOM  40 ATOMIC NUMBER   8 - NUMBER OF SYMMOPS WHICH DO NOT MOVE THE ATOM   1
 SEQUENCE NUMBERS OF THE SYMMOPS
    1
 NO EQUIVALENT ATOMS


 ATOM  41 ATOMIC NUMBER   8 - NUMBER OF SYMMOPS WHICH DO NOT MOVE THE ATOM   1
 SEQUENCE NUMBERS OF THE SYMMOPS
    1
 NO EQUIVALENT ATOMS


 ATOM  42 ATOMIC NUMBER   8 - NUMBER OF SYMMOPS WHICH DO NOT MOVE THE ATOM   1
 SEQUENCE NUMBERS OF THE SYMMOPS
    1
 NO EQUIVALENT ATOMS


 ATOM  43 ATOMIC NUMBER   8 - NUMBER OF SYMMOPS WHICH DO NOT MOVE THE ATOM   1
 SEQUENCE NUMBERS OF THE SYMMOPS
    1
 NO EQUIVALENT ATOMS


 ATOM  44 ATOMIC NUMBER   8 - NUMBER OF SYMMOPS WHICH DO NOT MOVE THE ATOM   1
 SEQUENCE NUMBERS OF THE SYMMOPS
    1
 NO EQUIVALENT ATOMS


 ATOM  45 ATOMIC NUMBER   8 - NUMBER OF SYMMOPS WHICH DO NOT MOVE THE ATOM   1
 SEQUENCE NUMBERS OF THE SYMMOPS
    1
 NO EQUIVALENT ATOMS


 ATOM  46 ATOMIC NUMBER   8 - NUMBER OF SYMMOPS WHICH DO NOT MOVE THE ATOM   1
 SEQUENCE NUMBERS OF THE SYMMOPS
    1
 NO EQUIVALENT ATOMS


 ATOM  47 ATOMIC NUMBER   8 - NUMBER OF SYMMOPS WHICH DO NOT MOVE THE ATOM   1
 SEQUENCE NUMBERS OF THE SYMMOPS
    1
 NO EQUIVALENT ATOMS


 ATOM  48 ATOMIC NUMBER   8 - NUMBER OF SYMMOPS WHICH DO NOT MOVE THE ATOM   1
 SEQUENCE NUMBERS OF THE SYMMOPS
    1
 NO EQUIVALENT ATOMS


 ATOM  49 ATOMIC NUMBER  25 - NUMBER OF SYMMOPS WHICH DO NOT MOVE THE ATOM   1
 SEQUENCE NUMBERS OF THE SYMMOPS
    1
 NO EQUIVALENT ATOMS


 ATOM  50 ATOMIC NUMBER  25 - NUMBER OF SYMMOPS WHICH DO NOT MOVE THE ATOM   1
 SEQUENCE NUMBERS OF THE SYMMOPS
    1
 NO EQUIVALENT ATOMS


 ATOM  51 ATOMIC NUMBER  25 - NUMBER OF SYMMOPS WHICH DO NOT MOVE THE ATOM   1
 SEQUENCE NUMBERS OF THE SYMMOPS
    1
 NO EQUIVALENT ATOMS


 ATOM  52 ATOMIC NUMBER  25 - NUMBER OF SYMMOPS WHICH DO NOT MOVE THE ATOM   1
 SEQUENCE NUMBERS OF THE SYMMOPS
    1
 NO EQUIVALENT ATOMS


 ATOM  53 ATOMIC NUMBER  25 - NUMBER OF SYMMOPS WHICH DO NOT MOVE THE ATOM   1
 SEQUENCE NUMBERS OF THE SYMMOPS
    1
 NO EQUIVALENT ATOMS


 ATOM  54 ATOMIC NUMBER  25 - NUMBER OF SYMMOPS WHICH DO NOT MOVE THE ATOM   1
 SEQUENCE NUMBERS OF THE SYMMOPS
    1
 NO EQUIVALENT ATOMS


 ATOM  55 ATOMIC NUMBER  25 - NUMBER OF SYMMOPS WHICH DO NOT MOVE THE ATOM   1
 SEQUENCE NUMBERS OF THE SYMMOPS
    1
 NO EQUIVALENT ATOMS


 ATOM  56 ATOMIC NUMBER  25 - NUMBER OF SYMMOPS WHICH DO NOT MOVE THE ATOM   1
 SEQUENCE NUMBERS OF THE SYMMOPS
    1
 NO EQUIVALENT ATOMS


 ATOM  57 ATOMIC NUMBER  25 - NUMBER OF SYMMOPS WHICH DO NOT MOVE THE ATOM   1
 SEQUENCE NUMBERS OF THE SYMMOPS
    1
 NO EQUIVALENT ATOMS


 ATOM  58 ATOMIC NUMBER  25 - NUMBER OF SYMMOPS WHICH DO NOT MOVE THE ATOM   1
 SEQUENCE NUMBERS OF THE SYMMOPS
    1
 NO EQUIVALENT ATOMS


 ATOM  59 ATOMIC NUMBER  25 - NUMBER OF SYMMOPS WHICH DO NOT MOVE THE ATOM   1
 SEQUENCE NUMBERS OF THE SYMMOPS
    1
 NO EQUIVALENT ATOMS


 ATOM  60 ATOMIC NUMBER  25 - NUMBER OF SYMMOPS WHICH DO NOT MOVE THE ATOM   1
 SEQUENCE NUMBERS OF THE SYMMOPS
    1
 NO EQUIVALENT ATOMS


 ATOM  61 ATOMIC NUMBER  25 - NUMBER OF SYMMOPS WHICH DO NOT MOVE THE ATOM   1
 SEQUENCE NUMBERS OF THE SYMMOPS
    1
 NO EQUIVALENT ATOMS


 ATOM  62 ATOMIC NUMBER  25 - NUMBER OF SYMMOPS WHICH DO NOT MOVE THE ATOM   1
 SEQUENCE NUMBERS OF THE SYMMOPS
    1
 NO EQUIVALENT ATOMS


 ATOM  63 ATOMIC NUMBER  25 - NUMBER OF SYMMOPS WHICH DO NOT MOVE THE ATOM   1
 SEQUENCE NUMBERS OF THE SYMMOPS
    1
 NO EQUIVALENT ATOMS


 ATOM  64 ATOMIC NUMBER  25 - NUMBER OF SYMMOPS WHICH DO NOT MOVE THE ATOM   1
 SEQUENCE NUMBERS OF THE SYMMOPS
    1
 NO EQUIVALENT ATOMS


 ATOM  65 ATOMIC NUMBER  25 - NUMBER OF SYMMOPS WHICH DO NOT MOVE THE ATOM   1
 SEQUENCE NUMBERS OF THE SYMMOPS
    1
 NO EQUIVALENT ATOMS


 ATOM  66 ATOMIC NUMBER  25 - NUMBER OF SYMMOPS WHICH DO NOT MOVE THE ATOM   1
 SEQUENCE NUMBERS OF THE SYMMOPS
    1
 NO EQUIVALENT ATOMS


 ATOM  67 ATOMIC NUMBER  25 - NUMBER OF SYMMOPS WHICH DO NOT MOVE THE ATOM   1
 SEQUENCE NUMBERS OF THE SYMMOPS
    1
 NO EQUIVALENT ATOMS


 ATOM  68 ATOMIC NUMBER  25 - NUMBER OF SYMMOPS WHICH DO NOT MOVE THE ATOM   1
 SEQUENCE NUMBERS OF THE SYMMOPS
    1
 NO EQUIVALENT ATOMS


 ATOM  69 ATOMIC NUMBER  25 - NUMBER OF SYMMOPS WHICH DO NOT MOVE THE ATOM   1
 SEQUENCE NUMBERS OF THE SYMMOPS
    1
 NO EQUIVALENT ATOMS


 ATOM  70 ATOMIC NUMBER  25 - NUMBER OF SYMMOPS WHICH DO NOT MOVE THE ATOM   1
 SEQUENCE NUMBERS OF THE SYMMOPS
    1
 NO EQUIVALENT ATOMS


 ATOM  71 ATOMIC NUMBER  25 - NUMBER OF SYMMOPS WHICH DO NOT MOVE THE ATOM   1
 SEQUENCE NUMBERS OF THE SYMMOPS
    1
 NO EQUIVALENT ATOMS


 ATOM  72 ATOMIC NUMBER  25 - NUMBER OF SYMMOPS WHICH DO NOT MOVE THE ATOM   1
 SEQUENCE NUMBERS OF THE SYMMOPS
    1
 NO EQUIVALENT ATOMS


 ATOM  73 ATOMIC NUMBER   8 - NUMBER OF SYMMOPS WHICH DO NOT MOVE THE ATOM   1
 SEQUENCE NUMBERS OF THE SYMMOPS
    1
 NO EQUIVALENT ATOMS


 ATOM  74 ATOMIC NUMBER   8 - NUMBER OF SYMMOPS WHICH DO NOT MOVE THE ATOM   1
 SEQUENCE NUMBERS OF THE SYMMOPS
    1
 NO EQUIVALENT ATOMS


 ATOM  75 ATOMIC NUMBER   8 - NUMBER OF SYMMOPS WHICH DO NOT MOVE THE ATOM   1
 SEQUENCE NUMBERS OF THE SYMMOPS
    1
 NO EQUIVALENT ATOMS


 ATOM  76 ATOMIC NUMBER   8 - NUMBER OF SYMMOPS WHICH DO NOT MOVE THE ATOM   1
 SEQUENCE NUMBERS OF THE SYMMOPS
    1
 NO EQUIVALENT ATOMS


 ATOM  77 ATOMIC NUMBER   8 - NUMBER OF SYMMOPS WHICH DO NOT MOVE THE ATOM   1
 SEQUENCE NUMBERS OF THE SYMMOPS
    1
 NO EQUIVALENT ATOMS


 ATOM  78 ATOMIC NUMBER   8 - NUMBER OF SYMMOPS WHICH DO NOT MOVE THE ATOM   1
 SEQUENCE NUMBERS OF THE SYMMOPS
    1
 NO EQUIVALENT ATOMS


 ATOM  79 ATOMIC NUMBER   8 - NUMBER OF SYMMOPS WHICH DO NOT MOVE THE ATOM   1
 SEQUENCE NUMBERS OF THE SYMMOPS
    1
 NO EQUIVALENT ATOMS


 ATOM  80 ATOMIC NUMBER   8 - NUMBER OF SYMMOPS WHICH DO NOT MOVE THE ATOM   1
 SEQUENCE NUMBERS OF THE SYMMOPS
    1
 NO EQUIVALENT ATOMS


 ATOM  81 ATOMIC NUMBER   8 - NUMBER OF SYMMOPS WHICH DO NOT MOVE THE ATOM   1
 SEQUENCE NUMBERS OF THE SYMMOPS
    1
 NO EQUIVALENT ATOMS


 ATOM  82 ATOMIC NUMBER   8 - NUMBER OF SYMMOPS WHICH DO NOT MOVE THE ATOM   1
 SEQUENCE NUMBERS OF THE SYMMOPS
    1
 NO EQUIVALENT ATOMS


 ATOM  83 ATOMIC NUMBER   8 - NUMBER OF SYMMOPS WHICH DO NOT MOVE THE ATOM   1
 SEQUENCE NUMBERS OF THE SYMMOPS
    1
 NO EQUIVALENT ATOMS


 ATOM  84 ATOMIC NUMBER   8 - NUMBER OF SYMMOPS WHICH DO NOT MOVE THE ATOM   1
 SEQUENCE NUMBERS OF THE SYMMOPS
    1
 NO EQUIVALENT ATOMS


 ATOM  85 ATOMIC NUMBER   8 - NUMBER OF SYMMOPS WHICH DO NOT MOVE THE ATOM   1
 SEQUENCE NUMBERS OF THE SYMMOPS
    1
 NO EQUIVALENT ATOMS


 ATOM  86 ATOMIC NUMBER   8 - NUMBER OF SYMMOPS WHICH DO NOT MOVE THE ATOM   1
 SEQUENCE NUMBERS OF THE SYMMOPS
    1
 NO EQUIVALENT ATOMS


 ATOM  87 ATOMIC NUMBER   8 - NUMBER OF SYMMOPS WHICH DO NOT MOVE THE ATOM   1
 SEQUENCE NUMBERS OF THE SYMMOPS
    1
 NO EQUIVALENT ATOMS


 ATOM  88 ATOMIC NUMBER   8 - NUMBER OF SYMMOPS WHICH DO NOT MOVE THE ATOM   1
 SEQUENCE NUMBERS OF THE SYMMOPS
    1
 NO EQUIVALENT ATOMS


 ATOM  89 ATOMIC NUMBER   8 - NUMBER OF SYMMOPS WHICH DO NOT MOVE THE ATOM   1
 SEQUENCE NUMBERS OF THE SYMMOPS
    1
 NO EQUIVALENT ATOMS


 ATOM  90 ATOMIC NUMBER   8 - NUMBER OF SYMMOPS WHICH DO NOT MOVE THE ATOM   1
 SEQUENCE NUMBERS OF THE SYMMOPS
    1
 NO EQUIVALENT ATOMS


 ATOM  91 ATOMIC NUMBER   8 - NUMBER OF SYMMOPS WHICH DO NOT MOVE THE ATOM   1
 SEQUENCE NUMBERS OF THE SYMMOPS
    1
 NO EQUIVALENT ATOMS


 ATOM  92 ATOMIC NUMBER   8 - NUMBER OF SYMMOPS WHICH DO NOT MOVE THE ATOM   1
 SEQUENCE NUMBERS OF THE SYMMOPS
    1
 NO EQUIVALENT ATOMS


 ATOM  93 ATOMIC NUMBER   8 - NUMBER OF SYMMOPS WHICH DO NOT MOVE THE ATOM   1
 SEQUENCE NUMBERS OF THE SYMMOPS
    1
 NO EQUIVALENT ATOMS


 ATOM  94 ATOMIC NUMBER   8 - NUMBER OF SYMMOPS WHICH DO NOT MOVE THE ATOM   1
 SEQUENCE NUMBERS OF THE SYMMOPS
    1
 NO EQUIVALENT ATOMS


 ATOM  95 ATOMIC NUMBER   8 - NUMBER OF SYMMOPS WHICH DO NOT MOVE THE ATOM   1
 SEQUENCE NUMBERS OF THE SYMMOPS
    1
 NO EQUIVALENT ATOMS


 ATOM  96 ATOMIC NUMBER   8 - NUMBER OF SYMMOPS WHICH DO NOT MOVE THE ATOM   1
 SEQUENCE NUMBERS OF THE SYMMOPS
    1
 NO EQUIVALENT ATOMS
 ERROR **** ATOSPI **** SPIN SETTING NOT COMPATIBLE WITH SYMMETRY
 TTTTTTTTTTTTTTTTTTTTTTTTTTTTTT ERR         TELAPSE        2.04 TCPU        0.02
Mon 17 Oct 2022 08:21:59 CEST
Contents of temporary directory:
total 1010296
-rw-r--r--  1 brunocamino  admin          0 16 Oct 15:30 diis_Fg
-rw-r--r--  1 brunocamino  admin          0 16 Oct 15:30 diis_Fia1
-rw-r--r--  1 brunocamino  admin          0 16 Oct 15:30 diis_Fia2
-rw-r--r--  1 brunocamino  admin          0 16 Oct 15:30 diis_Sk
-rw-r--r--  1 brunocamino  admin          0 16 Oct 15:30 fort.10
-rw-r--r--  1 brunocamino  admin      82752 16 Oct 15:30 fort.12
-rw-r--r--  1 brunocamino  admin          0 16 Oct 15:30 fort.20
-rw-r--r--  1 brunocamino  admin       3532 17 Oct 08:21 fort.34
-rw-r--r--  1 brunocamino  admin   65177368 16 Oct 15:30 fort.38
-rw-r--r--  1 brunocamino  admin    2493440 16 Oct 15:30 fort.61
-rw-r--r--  1 brunocamino  admin    1246720 16 Oct 15:30 fort.62
-rw-r--r--  1 brunocamino  admin        132 17 Oct 08:21 fort.7
-rw-r--r--  1 brunocamino  admin  448252376 16 Oct 15:30 fort.8
-rw-r--r--  1 brunocamino  admin          0 16 Oct 15:30 fort.9
SCF abnormal end - no wf written in fort.9
geometry input file fort.34 saved as /Users/brunocamino/Desktop/UCL/crystal/phonons/data/supercell_2/supercell_0_0-001.gui
temporary directory /Users/brunocamino/crystal/tmp removed
