date Wed 10 May 2023 15:53:46 BST
hostname MacBook-Pro-8.local
system Darwin MacBook-Pro-8.local 21.6.0 Darwin Kernel Version 21.6.0: Mon Aug 22 20:20:05 PDT 2022; root:xnu-8020.140.49~2/RELEASE_ARM64_T8101 arm64
user brunocamino
output data in /Users/brunocamino/Desktop/UCL/crystal/phonons/data/primitive/MnO_super_fm1.out
crystal executable in /Users/brunocamino/crystal
input data in /Users/brunocamino/Desktop/UCL/crystal/phonons/data/primitive/MnO_super_fm1.d12
temporary directory /Users/brunocamino/crystal/tmp
external geometry input from /Users/brunocamino/Desktop/UCL/crystal/phonons/data/primitive/MnO_super_fm1.gui
external geometry input saved in /Users/brunocamino/Desktop/UCL/crystal/phonons/data/primitive/MnO_super_fm1_inp.gui
MnO
EXTERNAL
SCELPHONO
2 0 0
0 2 0
0 0 2
TESTGEOM
ENDG
25 12
0 0 8 2.0 1.0
277185.00153     .22838385133E-03 
41550.769890     .17707650375E-02 
9455.9700152     .92077209994E-02 
2676.5206482     .37415971825E-01 
871.46687530     .12164861426
312.98306420     .28824392499  
121.44454051     .41041600847
47.922598829     .21372375145
0 0 4 2.0 1.0 
303.66723163    -.24589926140E-01
93.881403187    -.11602608038
14.879421214     .55112059677 
6.2865200745     .53707560756
0 0 2 2.0 1.0 
9.4858591337    -.22889262695 
1.5698706158     .71196169587
0 0 1 2.0 1.0 
0.65903213608   1.0000000000
0 0 1 0.0 1.0 
0.30            1.0
0 1 1 0.0 1.0 
0.13            1.0 1.0
0 2 6 6.0 1.0 
1444.7978182    .23994136455E-02
342.06551197    .19369286864E-01
109.58400891    .90236108988E-01
40.747988173    .25745467851
16.188626566    .41272351958 
6.5484505964    .24087700007
0 2 3 6.0 1.0 
25.357086437   -.28707174058E-01
3.4830168782    .55208100712
1.3858800906    .97226901379
0 2 1 0.0 1.0 
0.52555094893   1.0000000000
0 3 4 5.0 1.0 
56.563189119    .11543245294532D-01
16.278734711    .70299845987196D-01
5.6964273914    .22450770821295
2.1411147942    .39703065434226
0 3 1 0.0 1.0 
0.78291801938   1.0
0 3 1 0.0 1.0 
0.25952311214   1.0
8 9
0 0 6 2.0 1.0
  27032.382631    0.21726302465E-03 
  4052.3871392    0.16838662199E-02
  922.32722710    0.87395616265E-02
  261.24070989    0.35239968808E-01
  85.354641351    0.11153519115
  31.035035245    0.25588953961
0 0 2 2.0 1.0
  12.271113873    0.39768730901
  4.9159842006    0.24627849430
0 0 1 0.0 1.0
  0.90086482370    1.0000000000
0 1 1 0.0 1.0
  0.25000000000    1.0 1.0
0 2 4 4.0 1.0
  75.300554155     0.60685103418E-02
  17.743733858     0.41912575824E-01
  5.5355828651     0.16153841088
  2.0685535103     0.35706951311
0 2 1 0.0 1.0
  0.78238772422    1.0000000000
0 3 1 0.0 1.0
  2.31400000       1.0000000000
0 3 1 0.0 1.0
  0.64500000       1.0000000000
0 4 1 0.0 1.0
  1.42800000       1.0000000000
99 0
ENDBS
DFT
SPIN
EXCHANGE
PBE
CORRELAT
PBE
HYBRID
25
TOLLDENS
9
ENDDFT
TOLINTEG
9 9 9 18 36
SCFDIR
GUESSP
SHRINK
5 10
FMIXING
95
MAXCYCLE
500
TOLDEE
9
GRADCAL
SPINLOCK
20 5
ATOMSPIN
4
1 +1 2 +1 3 +1 4 +1
ENDSCF


         
 *******************************************************************************
 *                                                                             *
 *                               CRYSTAL17                                     *
 *                      public : 1.0.1 - Feb 1st, 2017                         *
 *                       HTTP://WWW.CRYSTAL.UNITO.IT                           *
 *                                                                             *
 *                              MAIN AUTHORS                                   *
 *                                                                             *
 *  R. DOVESI(1,11), V.R. SAUNDERS(2), C. ROETTI(1,11), R. ORLANDO(1,11),      *
 *  C.M. ZICOVICH-WILSON(1,3), F. PASCALE(4), B. CIVALLERI(1,11),              *
 *  K. DOLL(5), N.M. HARRISON(2,6), I.J. BUSH(7), Ph. D'ARCO(8),               *
 *  M. LLUNELL(9), M. CAUSA'(10), Y. NOEL(8), L. MASCHIO(1,11), A. ERBA(1,11)  *
 *  M. RE'RAT(14), S. CASASSA(1,11)                                            *
 *                                                                             *
 *        CONTRIBUTIONS TO THE CODE HAVE ALSO BEEN GIVEN BY                    *
 *                                                                             *
 *  M. FERRABONE(1,11), M. DE LA PIERRE(1,11), M. FERRERO(1,11),               *
 *  J. BAIMA(1,11), E. ALBANESE(1,11), M.F. PEINTINGER(12), R. BAST(13),       *
 *  B. KIRTMAN(15), V. LACIVITA(1,11), R. DEMICHELIS(1,16)                     *
 *  G. BRANDEBURG(17), S. SALUSTRO(1,11), G. SANSONE(1,11)                     *
 *  M.T. RUGGIERO(18)                                                          *
 *                                                                             *
 * (1) THEORETICAL CHEMISTRY GROUP - UNIVERSITA' DI TORINO - TORINO (ITALY)    *

 * (2) COMPUTATIONAL SCIENCE & ENGINEERING DEPARTMENT - STFC DARESBURY (UK)    *
 * (3) UNIVERSIDAD AUTONOMA DEL ESTADO DE MORELOS - CUERNAVACA (MEXICO)        *
 * (4) UNIVERSITE' DE LORRAINE - NANCY (FRANCE)                                *
 * (5) UNIVERSITAET STUTTGART- STUTTGART (GERMANY)                             *
 * (6) IMPERIAL COLLEGE - LONDON (UK)                                          *
 * (7) OXFORD E-RESEARCH CENTRE - OXFORD (UK)                                  *
 * (8) UPMC - SORBONNE UNIVERSITES - PARIS (FRANCE)                            *
 * (9) UNIVERSIDAD DE BARCELONA - BARCELONA (SPAIN)                            *
 *(10) UNIVERSITA' DI NAPOLI "FEDERICO II" - NAPOLI (ITALY)                    *
 *(11) NIS - NANOSTRUCTURED INTERFACES AND SURFACES - TORINO (ITALY)           *
 *(12) MPI FUER CHEMISCHE ENERGIEKONVERSION - MUELHEIM AN DER RUHR (GERMANY)   *
 *(13) UNIVERSITY OF TROMSO - TROMSO (NORWAY)                                  *
 *(14) UNIVERSITE' DE PAU ET DES PAYS DE L'ADOUR - PAU (FRANCE)                *
 *(15) UNIVERSITY OF CALIFORNIA SANTA BARBARA - SANTA BARBARA (USA)            *
 *(16) CURTIN UNIVERSITY - PERTH (AUSTRALIA)                                   *
 *(17) UNIVERSITY COLLEGE LONDON - LONDON (UK)                                 *
 *(18) CAMBRIDGE UNIVERSITY - CAMBRIDGE (UK)                                   *
 *                                                                             *
 *******************************************************************************
 EEEEEEEEEE STARTING  DATE 10 05 2023 TIME 15:53:46.5
 MnO                                                                             

 GEOMETRY INPUT FROM EXTERNAL FILE (FORTRAN UNIT 34)
 3D - CRYSTAL 

 *******************************************************************************
 LATTICE PARAMETERS  (ANGSTROMS AND DEGREES) - PRIMITIVE CELL
       A          B          C        ALPHA      BETA     GAMMA        VOLUME
    4.39256    4.39256    4.39256    90.82132  89.17868  89.17868     84.726295
 INFORMATION **** CHKGRP **** REORDERING INVERSION OP - ORIGINAL LBL =           9

 NUMBER OF IRREDUCIBLE ATOMS IN THE CELL:    4

 CARTESIAN COORDINATES (ANGSTROM) - IRREDUCIBLE ATOMS AND SYMMETRY RELATED

 AT.IRR.  AT  AT.N.          X                   Y                   Z
     1     1    25    0.000000000000E+00  0.000000000000E+00  0.000000000000E+00
     2     2    25    9.030310946590E-01  1.564095736764E+00  2.499429765534E+00
     2     3    25    9.030310946590E-01 -1.564095736764E+00  2.499429765534E+00
     2     4    25   -1.806062189318E+00  0.000000000000E+00  2.499429765534E+00
     5     5     8   -1.806062189318E+00  0.000000000000E+00 -1.249714882767E+00
     5     6     8   -9.030310946590E-01  1.564095736764E+00  1.249714882767E+00
     5     7     8   -9.030310946590E-01 -1.564095736764E+00  1.249714882767E+00
     8     8     8   -3.612124378636E+00  0.000000000000E+00  1.249714882767E+00

 SPACE  GROUP  N.                     :  166
 NUMBER OF SYMMETRY OPERATORS         :   12
 *******************************************************************************
 LATTICE PARAMETERS (ANGSTROMS AND DEGREES) - BOHR = 0.5291772083 ANGSTROM
 PRIMITIVE CELL - CENTRING CODE 1/0 VOLUME=    84.726295 - DENSITY  5.561 g/cm^3
         A              B              C           ALPHA      BETA       GAMMA 
     4.39256095     4.39256095     4.39256095    90.821316  89.178684  89.178684
 *******************************************************************************
 ATOMS IN THE ASYMMETRIC UNIT    4 - ATOMS IN THE UNIT CELL:    8
     ATOM                 X/A                 Y/B                 Z/C    
 *******************************************************************************
      1 T  25 MN    0.000000000000E+00  0.000000000000E+00  0.000000000000E+00
      2 T  25 MN   -4.999999999997E-01  4.999999999995E-01 -7.855383010735E-13
      3 F  25 MN   -4.999999999997E-01 -7.855383010735E-13  4.999999999995E-01
      4 F  25 MN    9.026113190203E-13  4.999999999997E-01  4.999999999997E-01
      5 T   8 O    -4.999999999999E-01  4.512779039345E-13  4.512779039345E-13
      6 F   8 O     4.513056595101E-13  5.000000000000E-01 -3.342603971390E-13
      7 F   8 O     4.513056595101E-13 -3.342603971390E-13  5.000000000000E-01
      8 T   8 O    -4.999999999990E-01 -4.999999999999E-01 -4.999999999999E-01

 T = ATOM BELONGING TO THE ASYMMETRIC UNIT
 *******************************************************************************
 * GEOMETRY EDITING - INPUT COORDINATES ARE GIVEN IN ANGSTROM         
 *******************************************************************************

 GEOMETRY NOW FULLY CONSISTENT WITH THE GROUP

 NO SYMMOPS WITH FINITE TRANSLATIONAL COMPONENT

 GCALCO - MAX INDICES DIRECT LATTICE VECTOR    14    14    14
 NO.OF VECTORS CREATED 6999 STARS  549 RMAX    52.15472 BOHR

 *******************************************************************************
 * SUPERCELL OPTION
 *******************************************************************************


        EXPANSION MATRIX OF PRIMITIVE CELL
 E1     2.000     0.000     0.000
 E2     0.000     2.000     0.000
 E3     0.000     0.000     2.000

 NUMBER OF ATOMS PER SUPERCELL    64

        DIRECT LATTICE VECTORS COMPONENTS (ANGSTROM)
 B1     7.224     0.000     4.999
 B2     3.612    -6.256    -4.999
 B3     3.612     6.256    -4.999

 LATTICE PARAMETERS  (ANGSTROM AND DEGREES)
       A          B          C         ALPHA     BETA     GAMMA        VOLUME
    8.78512    8.78512    8.78512    90.82132  89.17868  89.17868    677.810361


 **** ATOMS BELONGING TO THE SUPERCELL
 LABEL AT.NO.      COORDINATES (ANGSTROM AND FRACTIONAL)
     1    25     0.0000     0.0000     0.0000     0.0000     0.0000     0.0000
     2    25    -1.8061    -3.1282     2.4994     0.0000    -0.0000    -0.5000
     3    25    -1.8061     3.1282     2.4994     0.0000    -0.5000    -0.0000
     4    25    -3.6121     0.0000     4.9989     0.0000    -0.5000    -0.5000
     5    25    -3.6121     0.0000    -2.4994    -0.5000     0.0000     0.0000
     6    25    -5.4182    -3.1282     0.0000    -0.5000     0.0000    -0.5000
     7    25    -5.4182     3.1282     0.0000    -0.5000    -0.5000     0.0000
     8    25    -7.2242     0.0000     2.4994    -0.5000    -0.5000    -0.5000
     9    25     2.7091    -1.5641     0.0000     0.2500     0.2500    -0.0000
    10    25     0.9030    -4.6923     2.4994     0.2500     0.2500    -0.5000
    11    25     0.9030     1.5641     2.4994     0.2500    -0.2500    -0.0000
    12    25    -0.9030    -1.5641     4.9989     0.2500    -0.2500    -0.5000
    13    25    -0.9030    -1.5641    -2.4994    -0.2500     0.2500     0.0000
    14    25    -2.7091    -4.6923     0.0000    -0.2500     0.2500    -0.5000
    15    25    -2.7091     1.5641     0.0000    -0.2500    -0.2500     0.0000
    16    25    -4.5152    -1.5641     2.4994    -0.2500    -0.2500    -0.5000
    17    25     2.7091     1.5641    -0.0000     0.2500     0.0000     0.2500
    18    25     0.9030    -1.5641     2.4994     0.2500     0.0000    -0.2500
    19    25     0.9030     4.6923     2.4994     0.2500    -0.5000     0.2500
    20    25    -0.9030     1.5641     4.9989     0.2500    -0.5000    -0.2500
    21    25    -0.9030     1.5641    -2.4994    -0.2500     0.0000     0.2500
    22    25    -2.7091    -1.5641    -0.0000    -0.2500     0.0000    -0.2500
    23    25    -2.7091     4.6923    -0.0000    -0.2500    -0.5000     0.2500
    24    25    -4.5152     1.5641     2.4994    -0.2500    -0.5000    -0.2500
    25    25     1.8061     0.0000    -2.4994    -0.0000     0.2500     0.2500
    26    25    -0.0000    -3.1282    -0.0000    -0.0000     0.2500    -0.2500
    27    25    -0.0000     3.1282    -0.0000    -0.0000    -0.2500     0.2500
    28    25    -1.8061     0.0000     2.4994    -0.0000    -0.2500    -0.2500
    29    25     5.4182     0.0000    -0.0000     0.5000     0.2500     0.2500
    30    25     3.6121    -3.1282     2.4994     0.5000     0.2500    -0.2500
    31    25     3.6121     3.1282     2.4994     0.5000    -0.2500     0.2500
    32    25     1.8061     0.0000     4.9989     0.5000    -0.2500    -0.2500
    33     8     1.8061     0.0000     1.2497     0.2500     0.0000     0.0000
    34     8     3.6121     3.1282    -1.2497     0.2500    -0.0000     0.5000
    35     8     3.6121    -3.1282    -1.2497     0.2500     0.5000    -0.0000
    36     8    -1.8061     0.0000     6.2486     0.2500    -0.5000    -0.5000
    37     8    -1.8061     0.0000    -1.2497    -0.2500     0.0000     0.0000
    38     8    -0.0000     3.1282    -3.7491    -0.2500    -0.0000     0.5000
    39     8    -0.0000    -3.1282    -3.7491    -0.2500     0.5000    -0.0000
    40     8     1.8061     0.0000    -6.2486    -0.2500     0.5000     0.5000
    41     8     0.9030    -1.5641    -1.2497     0.0000     0.2500     0.0000
    42     8    -0.9030    -4.6923     1.2497     0.0000     0.2500    -0.5000
    43     8    -0.9030     1.5641     1.2497     0.0000    -0.2500     0.0000
    44     8    -2.7091    -1.5641     3.7491     0.0000    -0.2500    -0.5000
    45     8    -2.7091    -1.5641    -3.7491    -0.5000     0.2500     0.0000
    46     8    -4.5152    -4.6923    -1.2497    -0.5000     0.2500    -0.5000
    47     8    -4.5152     1.5641    -1.2497    -0.5000    -0.2500     0.0000
    48     8     0.9030    -1.5641     6.2486     0.5000    -0.2500    -0.5000
    49     8     0.9030     1.5641    -1.2497     0.0000     0.0000     0.2500
    50     8    -0.9030    -1.5641     1.2497     0.0000     0.0000    -0.2500
    51     8    -0.9030     4.6923     1.2497     0.0000    -0.5000     0.2500
    52     8    -2.7091     1.5641     3.7491     0.0000    -0.5000    -0.2500
    53     8    -2.7091     1.5641    -3.7491    -0.5000     0.0000     0.2500
    54     8    -4.5152    -1.5641    -1.2497    -0.5000     0.0000    -0.2500
    55     8    -4.5152     4.6923    -1.2497    -0.5000    -0.5000     0.2500
    56     8     0.9030     1.5641     6.2486     0.5000    -0.5000    -0.2500
    57     8     3.6121     0.0000    -1.2497     0.2500     0.2500     0.2500
    58     8     1.8061    -3.1282     1.2497     0.2500     0.2500    -0.2500
    59     8     1.8061     3.1282     1.2497     0.2500    -0.2500     0.2500
    60     8    -0.0000     0.0000     3.7491     0.2500    -0.2500    -0.2500
    61     8     0.0000     0.0000    -3.7491    -0.2500     0.2500     0.2500
    62     8    -1.8061    -3.1282    -1.2497    -0.2500     0.2500    -0.2500
    63     8    -1.8061     3.1282    -1.2497    -0.2500    -0.2500     0.2500
    64     8    -3.6121     0.0000     1.2497    -0.2500    -0.2500    -0.2500

 **************************** SUPERCELL GENERATED ****************************

 **** ATOMS IN THE SUPERCELL REORDERED FOR PHONON CALCULATION
      ATOMS IN THE SMALL CELL ON TOP

 LABEL AT.NO.      COORDINATES (ANGSTROM)
     1    25     0.0000     0.0000     0.0000
     2    25     2.7091    -1.5641     0.0000
     3    25     2.7091     1.5641    -0.0000
     4    25     1.8061     0.0000    -2.4994
     5     8     1.8061     0.0000     1.2497
     6     8     0.9030    -1.5641    -1.2497
     7     8     0.9030     1.5641    -1.2497
     8     8     3.6121     0.0000    -1.2497
     9    25    -1.8061    -3.1282     2.4994
    10    25     0.9030    -4.6923     2.4994
    11    25     0.9030     1.5641     2.4994
    12    25    -0.9030    -1.5641     4.9989
    13    25    -0.9030    -1.5641    -2.4994
    14    25    -2.7091    -4.6923     0.0000
    15    25    -2.7091     1.5641     0.0000
    16    25    -4.5152    -1.5641     2.4994
    17    25    -1.8061     3.1282     2.4994
    18    25     0.9030    -1.5641     2.4994
    19    25     0.9030     4.6923     2.4994
    20    25    -0.9030     1.5641     4.9989
    21    25    -0.9030     1.5641    -2.4994
    22    25    -2.7091    -1.5641    -0.0000
    23    25    -2.7091     4.6923    -0.0000
    24    25    -4.5152     1.5641     2.4994
    25    25    -3.6121     0.0000     4.9989
    26    25    -0.0000    -3.1282    -0.0000
    27    25    -0.0000     3.1282    -0.0000
    28    25    -1.8061     0.0000     2.4994
    29    25     5.4182     0.0000    -0.0000
    30    25     3.6121    -3.1282     2.4994
    31    25     3.6121     3.1282     2.4994
    32    25     1.8061     0.0000     4.9989
    33    25    -3.6121     0.0000    -2.4994
    34     8     3.6121     3.1282    -1.2497
    35     8     3.6121    -3.1282    -1.2497
    36     8    -1.8061     0.0000     6.2486
    37     8    -1.8061     0.0000    -1.2497
    38     8    -0.0000     3.1282    -3.7491
    39     8    -0.0000    -3.1282    -3.7491
    40     8     1.8061     0.0000    -6.2486
    41    25    -5.4182    -3.1282     0.0000
    42     8    -0.9030    -4.6923     1.2497
    43     8    -0.9030     1.5641     1.2497
    44     8    -2.7091    -1.5641     3.7491
    45     8    -2.7091    -1.5641    -3.7491
    46     8    -4.5152    -4.6923    -1.2497
    47     8    -4.5152     1.5641    -1.2497
    48     8     0.9030    -1.5641     6.2486
    49    25    -5.4182     3.1282     0.0000
    50     8    -0.9030    -1.5641     1.2497
    51     8    -0.9030     4.6923     1.2497
    52     8    -2.7091     1.5641     3.7491
    53     8    -2.7091     1.5641    -3.7491
    54     8    -4.5152    -1.5641    -1.2497
    55     8    -4.5152     4.6923    -1.2497
    56     8     0.9030     1.5641     6.2486
    57    25    -7.2242     0.0000     2.4994
    58     8     1.8061    -3.1282     1.2497
    59     8     1.8061     3.1282     1.2497
    60     8    -0.0000     0.0000     3.7491
    61     8     0.0000     0.0000    -3.7491
    62     8    -1.8061    -3.1282    -1.2497
    63     8    -1.8061     3.1282    -1.2497
    64     8    -3.6121     0.0000     1.2497

 GCALCO - MAX INDICES DIRECT LATTICE VECTOR    14    14    14
 NO.OF VECTORS CREATED 6999 STARS  549 RMAX   197.11629 BOHR

 GEOMETRY FOR WAVE FUNCTION - DIMENSIONALITY OF THE SYSTEM    3
 (NON PERIODIC DIRECTION: LATTICE PARAMETER FORMALLY SET TO 500)
 *******************************************************************************
 LATTICE PARAMETERS (ANGSTROMS AND DEGREES) - BOHR = 0.5291772083 ANGSTROM
 PRIMITIVE CELL - CENTRING CODE 1/0 VOLUME=   677.810361 - DENSITY  5.561 g/cm^3
         A              B              C           ALPHA      BETA       GAMMA 
     8.78512190     8.78512190     8.78512190    90.821316  89.178684  89.178684
 *******************************************************************************
 ATOMS IN THE ASYMMETRIC UNIT   13 - ATOMS IN THE UNIT CELL:   64
     ATOM                 X/A                 Y/B                 Z/C    
 *******************************************************************************
      1 T  25 MN    0.000000000000E+00  0.000000000000E+00  0.000000000000E+00
      2 T  25 MN    2.500000000000E-01  2.500000000000E-01 -2.319358069077E-18
      3 F  25 MN    2.500000000000E-01  8.832003580564E-15  2.500000000000E-01
      4 T  25 MN   -2.817190924986E-14  2.500000000000E-01  2.500000000000E-01
      5 T   8 O     2.500000000000E-01 -1.387778780781E-17 -1.387778780781E-17
      6 F   8 O    -2.775557561563E-17  2.500000000000E-01  1.054711873394E-14
      7 F   8 O    -2.775557561563E-17  1.054711873394E-14  2.500000000000E-01
      8 T   8 O     2.500000000000E-01  2.500000000000E-01  2.500000000000E-01
      9 T  25 MN    0.000000000000E+00 -2.775557561563E-17 -5.000000000000E-01
     10 T  25 MN    2.500000000000E-01  2.500000000000E-01 -5.000000000000E-01
     11 F  25 MN    2.500000000000E-01 -2.500000000000E-01 -1.110223024625E-16
     12 T  25 MN    2.500000000000E-01 -2.500000000000E-01  5.000000000000E-01
     13 F  25 MN   -2.500000000000E-01  2.500000000000E-01  2.775557561563E-17
     14 F  25 MN   -2.500000000000E-01  2.500000000000E-01 -5.000000000000E-01
     15 F  25 MN   -2.500000000000E-01 -2.500000000000E-01 -6.418508328436E-18
     16 F  25 MN   -2.500000000000E-01 -2.500000000000E-01 -5.000000000000E-01
     17 F  25 MN    0.000000000000E+00 -5.000000000000E-01 -2.775557561563E-17
     18 F  25 MN    2.500000000000E-01  8.687495167692E-15 -2.500000000000E-01
     19 F  25 MN    2.500000000000E-01 -5.000000000000E-01  2.500000000000E-01
     20 F  25 MN    2.500000000000E-01 -5.000000000000E-01 -2.500000000000E-01
     21 F  25 MN   -2.500000000000E-01  8.854028621386E-15  2.500000000000E-01
     22 F  25 MN   -2.500000000000E-01  8.771114692156E-15 -2.500000000000E-01
     23 F  25 MN   -2.500000000000E-01 -5.000000000000E-01  2.500000000000E-01
     24 F  25 MN   -2.500000000000E-01  5.000000000000E-01 -2.500000000000E-01
     25 T  25 MN    0.000000000000E+00 -5.000000000000E-01 -5.000000000000E-01
     26 F  25 MN   -2.814045586527E-14  2.500000000000E-01 -2.500000000000E-01
     27 F  25 MN   -2.814045586527E-14 -2.500000000000E-01  2.500000000000E-01
     28 F  25 MN   -2.814415367425E-14 -2.500000000000E-01 -2.500000000000E-01
     29 F  25 MN    5.000000000000E-01  2.500000000000E-01  2.500000000000E-01
     30 F  25 MN   -5.000000000000E-01  2.500000000000E-01 -2.500000000000E-01
     31 F  25 MN   -5.000000000000E-01 -2.500000000000E-01  2.500000000000E-01
     32 F  25 MN   -5.000000000000E-01 -2.500000000000E-01 -2.500000000000E-01
     33 F  25 MN   -5.000000000000E-01 -2.775557561563E-17 -2.775557561563E-17
     34 T   8 O     2.500000000000E-01  1.249000902703E-16 -5.000000000000E-01
     35 F   8 O     2.500000000000E-01  5.000000000000E-01  9.714451465470E-17
     36 T   8 O     2.500000000000E-01 -5.000000000000E-01 -5.000000000000E-01
     37 F   8 O    -2.500000000000E-01  1.387778780781E-17  1.387778780781E-17
     38 F   8 O    -2.500000000000E-01  1.387778780781E-16 -5.000000000000E-01
     39 F   8 O    -2.500000000000E-01 -5.000000000000E-01  1.387778780781E-16
     40 F   8 O    -2.500000000000E-01  5.000000000000E-01  5.000000000000E-01
     41 F  25 MN    5.000000000000E-01  2.775557561563E-17 -5.000000000000E-01
     42 F   8 O     0.000000000000E+00  2.500000000000E-01 -5.000000000000E-01
     43 F   8 O     4.163336342344E-17 -2.500000000000E-01  1.049160758271E-14
     44 F   8 O     1.526556658860E-16 -2.500000000000E-01  5.000000000000E-01
     45 F   8 O     5.000000000000E-01  2.500000000000E-01  1.056099652175E-14
     46 F   8 O     5.000000000000E-01  2.500000000000E-01 -5.000000000000E-01
     47 F   8 O    -5.000000000000E-01 -2.500000000000E-01  1.049160758271E-14
     48 F   8 O     5.000000000000E-01 -2.500000000000E-01  5.000000000000E-01
     49 F  25 MN    5.000000000000E-01 -5.000000000000E-01  1.850371707709E-17
     50 F   8 O     4.163336342344E-17  1.049160758271E-14 -2.500000000000E-01
     51 F   8 O     0.000000000000E+00 -5.000000000000E-01  2.500000000000E-01
     52 F   8 O     1.526556658860E-16  5.000000000000E-01 -2.500000000000E-01
     53 F   8 O     5.000000000000E-01  1.056099652175E-14  2.500000000000E-01
     54 F   8 O    -5.000000000000E-01  1.040834085586E-14 -2.500000000000E-01
     55 F   8 O     5.000000000000E-01 -5.000000000000E-01  2.500000000000E-01
     56 F   8 O     5.000000000000E-01  5.000000000000E-01 -2.500000000000E-01
     57 T  25 MN    5.000000000000E-01 -5.000000000000E-01 -5.000000000000E-01
     58 F   8 O     2.500000000000E-01  2.500000000000E-01 -2.500000000000E-01
     59 F   8 O     2.500000000000E-01 -2.500000000000E-01  2.500000000000E-01
     60 T   8 O     2.500000000000E-01 -2.500000000000E-01 -2.500000000000E-01
     61 F   8 O    -2.500000000000E-01  2.500000000000E-01  2.500000000000E-01
     62 F   8 O    -2.500000000000E-01  2.500000000000E-01 -2.500000000000E-01
     63 F   8 O    -2.500000000000E-01 -2.500000000000E-01  2.500000000000E-01
     64 F   8 O    -2.500000000000E-01 -2.500000000000E-01 -2.500000000000E-01

 T = ATOM BELONGING TO THE ASYMMETRIC UNIT

 ****   12 SYMMOPS - TRANSLATORS IN FRACTIONAL UNITS
 **** MATRICES AND TRANSLATORS IN THE CRYSTALLOGRAPHIC REFERENCE FRAME
   V INV                    ROTATION MATRICES                   TRANSLATORS
   1   1  1.00  0.00  0.00  0.00  1.00  0.00  0.00  0.00  1.00  0.00  0.00  0.00
   2   3  0.00  0.00 -1.00 -1.00  0.00 -0.00 -0.00  1.00 -0.00  0.00  0.00  0.00
   3   2  0.00 -1.00  0.00 -0.00 -0.00  1.00 -1.00 -0.00  0.00  0.00  0.00  0.00
   4   4 -1.00  0.00  0.00  0.00 -0.00 -1.00  0.00 -1.00 -0.00  0.00  0.00  0.00
   5   5 -0.00 -0.00  1.00  0.00 -1.00  0.00  1.00 -0.00  0.00  0.00  0.00  0.00
   6   6 -0.00  1.00 -0.00  1.00  0.00 -0.00  0.00  0.00 -1.00  0.00  0.00  0.00
   7   7 -1.00  0.00  0.00  0.00 -1.00 -0.00  0.00 -0.00 -1.00  0.00  0.00  0.00
   8   9 -0.00 -0.00  1.00  1.00 -0.00  0.00  0.00 -1.00  0.00  0.00  0.00  0.00
   9   8 -0.00  1.00 -0.00  0.00  0.00 -1.00  1.00  0.00 -0.00  0.00  0.00  0.00
  10  10  1.00 -0.00 -0.00 -0.00  0.00  1.00 -0.00  1.00  0.00  0.00  0.00  0.00
  11  11  0.00  0.00 -1.00 -0.00  1.00 -0.00 -1.00  0.00 -0.00  0.00  0.00  0.00
  12  12  0.00 -1.00  0.00 -1.00 -0.00  0.00 -0.00 -0.00  1.00  0.00  0.00  0.00

 DIRECT LATTICE VECTORS CARTESIAN COMPONENTS (ANGSTROM)
          X                    Y                    Z
   0.722424875728E+01   0.000000000000E+00   0.499885953106E+01
   0.361212437864E+01  -0.625638294706E+01  -0.499885953106E+01
   0.361212437864E+01   0.625638294706E+01  -0.499885953106E+01


 CARTESIAN COORDINATES - PRIMITIVE CELL
 *******************************************************************************
 *      ATOM          X(ANGSTROM)         Y(ANGSTROM)         Z(ANGSTROM)
 *******************************************************************************
    1    25 MN    0.000000000000E+00  0.000000000000E+00  0.000000000000E+00
    2    25 MN    2.709093283980E+00 -1.564095736765E+00 -1.733368999907E-16
    3    25 MN    2.709093283980E+00  1.564095736765E+00 -4.441535688957E-14
    4    25 MN    1.806062189320E+00  0.000000000000E+00 -2.499429765530E+00
    5     8 O     1.806062189320E+00  0.000000000000E+00  1.249714882765E+00
    6     8 O     9.030310946600E-01 -1.564095736765E+00 -1.249714882765E+00
    7     8 O     9.030310946600E-01  1.564095736765E+00 -1.249714882765E+00
    8     8 O     3.612124378640E+00  0.000000000000E+00 -1.249714882765E+00
    9    25 MN    1.806062189320E+00  3.128191473530E+00 -2.499429765530E+00
   10    25 MN    4.515155473300E+00  1.564095736765E+00 -2.499429765530E+00
   11    25 MN    9.030310946600E-01  1.564095736765E+00  2.499429765530E+00
   12    25 MN    2.709093283980E+00  4.692287210295E+00  9.400075532184E-16
   13    25 MN   -9.030310946600E-01 -1.564095736765E+00 -2.499429765530E+00
   14    25 MN    9.030310946600E-01  1.564095736765E+00 -4.998859531060E+00
   15    25 MN   -2.709093283980E+00  1.564095736765E+00  3.043750001577E-16
   16    25 MN   -9.030310946600E-01  4.692287210295E+00 -2.499429765530E+00
   17    25 MN    1.806062189320E+00 -3.128191473530E+00 -2.499429765530E+00
   18    25 MN    9.030310946600E-01 -1.564095736765E+00  2.499429765530E+00
   19    25 MN    4.515155473300E+00 -1.564095736765E+00 -2.499429765530E+00
   20    25 MN    2.709093283980E+00 -4.692287210295E+00  2.350018883046E-16
   21    25 MN   -9.030310946600E-01  1.564095736765E+00 -2.499429765530E+00
   22    25 MN   -2.709093283980E+00 -1.564095736765E+00 -4.371035122466E-14
   23    25 MN    9.030310946600E-01 -1.564095736765E+00 -4.998859531060E+00
   24    25 MN   -9.030310946600E-01 -4.692287210295E+00 -2.499429765530E+00
   25    25 MN    3.612124378640E+00  0.000000000000E+00 -4.998859531060E+00
   26    25 MN   -2.033941343276E-13 -3.128191473530E+00 -1.405311292062E-13
   27    25 MN   -2.033941343276E-13  3.128191473530E+00 -1.405311292062E-13
   28    25 MN   -1.806062189320E+00  0.000000000000E+00  2.499429765530E+00
   29    25 MN    5.418186567960E+00  0.000000000000E+00  4.700037766092E-16
   30    25 MN    3.612124378640E+00 -3.128191473530E+00  2.499429765530E+00
   31    25 MN    3.612124378640E+00  3.128191473530E+00  2.499429765530E+00
   32    25 MN    1.806062189320E+00  0.000000000000E+00  4.998859531060E+00
   33    25 MN    3.612124378640E+00  0.000000000000E+00  2.499429765530E+00
   34     8 O     3.612124378640E+00  3.128191473530E+00 -1.249714882765E+00
   35     8 O     3.612124378640E+00 -3.128191473530E+00 -1.249714882765E+00
   36     8 O     5.418186567960E+00  0.000000000000E+00 -3.749144648295E+00
   37     8 O    -1.806062189320E+00  0.000000000000E+00 -1.249714882765E+00
   38     8 O    -2.350018883046E-16  3.128191473530E+00 -3.749144648295E+00
   39     8 O    -1.692340026360E-16 -3.128191473530E+00 -3.749144648295E+00
   40     8 O     1.806062189320E+00  0.000000000000E+00 -6.248574413825E+00
   41    25 MN    5.418186567960E+00  3.128191473530E+00  0.000000000000E+00
   42     8 O     2.709093283980E+00  1.564095736765E+00 -3.749144648295E+00
   43     8 O    -9.030310946600E-01  1.564095736765E+00  1.249714882765E+00
   44     8 O     9.030310946600E-01  4.692287210295E+00 -1.249714882765E+00
   45     8 O     4.515155473300E+00 -1.564095736765E+00  1.249714882765E+00
   46     8 O     6.321217662620E+00  1.564095736765E+00 -1.249714882765E+00
   47     8 O     2.709093283980E+00  1.564095736765E+00  3.749144648295E+00
   48     8 O     4.515155473300E+00  4.692287210295E+00  1.249714882765E+00
   49    25 MN    5.418186567960E+00 -3.128191473530E+00  1.387462237062E-16
   50     8 O    -9.030310946600E-01 -1.564095736765E+00  1.249714882765E+00
   51     8 O     2.709093283980E+00 -1.564095736765E+00 -3.749144648295E+00
   52     8 O     9.030310946600E-01 -4.692287210295E+00 -1.249714882765E+00
   53     8 O     4.515155473300E+00  1.564095736765E+00  1.249714882765E+00
   54     8 O     2.709093283980E+00 -1.564095736765E+00  3.749144648295E+00
   55     8 O     6.321217662620E+00 -1.564095736765E+00 -1.249714882765E+00
   56     8 O     4.515155473300E+00 -4.692287210295E+00  1.249714882765E+00
   57    25 MN    7.224248757280E+00  0.000000000000E+00 -2.499429765530E+00
   58     8 O     1.806062189320E+00 -3.128191473530E+00  1.249714882765E+00
   59     8 O     1.806062189320E+00  3.128191473530E+00  1.249714882765E+00
   60     8 O    -1.175009441523E-15  0.000000000000E+00  3.749144648295E+00
   61     8 O     0.000000000000E+00  0.000000000000E+00 -3.749144648295E+00
   62     8 O    -1.806062189320E+00 -3.128191473530E+00 -1.249714882765E+00
   63     8 O    -1.806062189320E+00  3.128191473530E+00 -1.249714882765E+00
   64     8 O    -3.612124378640E+00  0.000000000000E+00  1.249714882765E+00
 WARNING **** CRYSTA **** TESTGEOM  DIRECTIVE - GEOMETRY EDITING COMPLETE
 TTTTTTTTTTTTTTTTTTTTTTTTTTTTTT END         TELAPSE        0.02 TCPU        0.02
 EEEEEEEEEE TERMINATION  DATE 10 05 2023 TIME 15:53:46.6
Wed 10 May 2023 15:53:46 BST
Contents of temporary directory:
total 8
-rw-r--r--  1 brunocamino  admin  3469 10 May 15:53 fort.34
SCF abnormal end - no wf written in fort.9
geometry input file fort.34 saved as /Users/brunocamino/Desktop/UCL/crystal/phonons/data/primitive/MnO_super_fm1.gui
temporary directory /Users/brunocamino/crystal/tmp removed
