date Thu 11 May 2023 15:24:26 BST
hostname MacBook-Pro-8.local
system Darwin MacBook-Pro-8.local 21.6.0 Darwin Kernel Version 21.6.0: Mon Aug 22 20:20:05 PDT 2022; root:xnu-8020.140.49~2/RELEASE_ARM64_T8101 arm64
user brunocamino
output data in /Users/brunocamino/Desktop/UCL/crystal/phonons/data/primitive/MnO_super_af1_symm.out
crystal executable in /Users/brunocamino/crystal
input data in /Users/brunocamino/Desktop/UCL/crystal/phonons/data/primitive/MnO_super_af1_symm.d12
temporary directory /Users/brunocamino/crystal/tmp
external geometry input from /Users/brunocamino/Desktop/UCL/crystal/phonons/data/primitive/MnO_super_af1_symm.gui
external geometry input saved in /Users/brunocamino/Desktop/UCL/crystal/phonons/data/primitive/MnO_super_af1_symm_inp.gui
MnO
EXTERNAL
SCELPHONO
2 0 0
0 2 0
0 0 2
EXTPRT
TESTGEOM
ENDG
25 12
0 0 8 2.0 1.0
277185.00153     .22838385133E-03 
41550.769890     .17707650375E-02 
9455.9700152     .92077209994E-02 
2676.5206482     .37415971825E-01 
871.46687530     .12164861426
312.98306420     .28824392499  
121.44454051     .41041600847
47.922598829     .21372375145
0 0 4 2.0 1.0 
303.66723163    -.24589926140E-01
93.881403187    -.11602608038
14.879421214     .55112059677 
6.2865200745     .53707560756
0 0 2 2.0 1.0 
9.4858591337    -.22889262695 
1.5698706158     .71196169587
0 0 1 2.0 1.0 
0.65903213608   1.0000000000
0 0 1 0.0 1.0 
0.30            1.0
0 1 1 0.0 1.0 
0.13            1.0 1.0
0 2 6 6.0 1.0 
1444.7978182    .23994136455E-02
342.06551197    .19369286864E-01
109.58400891    .90236108988E-01
40.747988173    .25745467851
16.188626566    .41272351958 
6.5484505964    .24087700007
0 2 3 6.0 1.0 
25.357086437   -.28707174058E-01
3.4830168782    .55208100712
1.3858800906    .97226901379
0 2 1 0.0 1.0 
0.52555094893   1.0000000000
0 3 4 5.0 1.0 
56.563189119    .11543245294532D-01
16.278734711    .70299845987196D-01
5.6964273914    .22450770821295
2.1411147942    .39703065434226
0 3 1 0.0 1.0 
0.78291801938   1.0
0 3 1 0.0 1.0 
0.25952311214   1.0
8 9
0 0 6 2.0 1.0
  27032.382631    0.21726302465E-03 
  4052.3871392    0.16838662199E-02
  922.32722710    0.87395616265E-02
  261.24070989    0.35239968808E-01
  85.354641351    0.11153519115
  31.035035245    0.25588953961
0 0 2 2.0 1.0
  12.271113873    0.39768730901
  4.9159842006    0.24627849430
0 0 1 0.0 1.0
  0.90086482370    1.0000000000
0 1 1 0.0 1.0
  0.25000000000    1.0 1.0
0 2 4 4.0 1.0
  75.300554155     0.60685103418E-02
  17.743733858     0.41912575824E-01
  5.5355828651     0.16153841088
  2.0685535103     0.35706951311
0 2 1 0.0 1.0
  0.78238772422    1.0000000000
0 3 1 0.0 1.0
  2.31400000       1.0000000000
0 3 1 0.0 1.0
  0.64500000       1.0000000000
0 4 1 0.0 1.0
  1.42800000       1.0000000000
99 0
ENDBS
DFT
SPIN
EXCHANGE
PBESOL
CORRELAT
PBESOL
HYBRID
25
TOLLDENS
8
ENDDFT
TOLINTEG
8 8 8 8 16     
SCFDIR
SHRINK
17 17
FMIXING
20
SLOSHING
SLOSHFAC
1.5
MAXCYCLE
500
LEVSHIFT
5 1
TOLDEE
10
ATOMSPIN
2
1 +1 4 -1
SPINLOCK
0 4
ENDSCF


         
 *******************************************************************************
 *                                                                             *
 *                               CRYSTAL17                                     *
 *                      public : 1.0.1 - Feb 1st, 2017                         *
 *                       HTTP://WWW.CRYSTAL.UNITO.IT                           *
 *                                                                             *
 *                              MAIN AUTHORS                                   *
 *                                                                             *
 *  R. DOVESI(1,11), V.R. SAUNDERS(2), C. ROETTI(1,11), R. ORLANDO(1,11),      *
 *  C.M. ZICOVICH-WILSON(1,3), F. PASCALE(4), B. CIVALLERI(1,11),              *
 *  K. DOLL(5), N.M. HARRISON(2,6), I.J. BUSH(7), Ph. D'ARCO(8),               *
 *  M. LLUNELL(9), M. CAUSA'(10), Y. NOEL(8), L. MASCHIO(1,11), A. ERBA(1,11)  *
 *  M. RE'RAT(14), S. CASASSA(1,11)                                            *
 *                                                                             *
 *        CONTRIBUTIONS TO THE CODE HAVE ALSO BEEN GIVEN BY                    *
 *                                                                             *
 *  M. FERRABONE(1,11), M. DE LA PIERRE(1,11), M. FERRERO(1,11),               *
 *  J. BAIMA(1,11), E. ALBANESE(1,11), M.F. PEINTINGER(12), R. BAST(13),       *
 *  B. KIRTMAN(15), V. LACIVITA(1,11), R. DEMICHELIS(1,16)                     *
 *  G. BRANDEBURG(17), S. SALUSTRO(1,11), G. SANSONE(1,11)                     *
 *  M.T. RUGGIERO(18)                                                          *
 *                                                                             *
 * (1) THEORETICAL CHEMISTRY GROUP - UNIVERSITA' DI TORINO - TORINO (ITALY)    *

 * (2) COMPUTATIONAL SCIENCE & ENGINEERING DEPARTMENT - STFC DARESBURY (UK)    *
 * (3) UNIVERSIDAD AUTONOMA DEL ESTADO DE MORELOS - CUERNAVACA (MEXICO)        *
 * (4) UNIVERSITE' DE LORRAINE - NANCY (FRANCE)                                *
 * (5) UNIVERSITAET STUTTGART- STUTTGART (GERMANY)                             *
 * (6) IMPERIAL COLLEGE - LONDON (UK)                                          *
 * (7) OXFORD E-RESEARCH CENTRE - OXFORD (UK)                                  *
 * (8) UPMC - SORBONNE UNIVERSITES - PARIS (FRANCE)                            *
 * (9) UNIVERSIDAD DE BARCELONA - BARCELONA (SPAIN)                            *
 *(10) UNIVERSITA' DI NAPOLI "FEDERICO II" - NAPOLI (ITALY)                    *
 *(11) NIS - NANOSTRUCTURED INTERFACES AND SURFACES - TORINO (ITALY)           *
 *(12) MPI FUER CHEMISCHE ENERGIEKONVERSION - MUELHEIM AN DER RUHR (GERMANY)   *
 *(13) UNIVERSITY OF TROMSO - TROMSO (NORWAY)                                  *
 *(14) UNIVERSITE' DE PAU ET DES PAYS DE L'ADOUR - PAU (FRANCE)                *
 *(15) UNIVERSITY OF CALIFORNIA SANTA BARBARA - SANTA BARBARA (USA)            *
 *(16) CURTIN UNIVERSITY - PERTH (AUSTRALIA)                                   *
 *(17) UNIVERSITY COLLEGE LONDON - LONDON (UK)                                 *
 *(18) CAMBRIDGE UNIVERSITY - CAMBRIDGE (UK)                                   *
 *                                                                             *
 *******************************************************************************
 EEEEEEEEEE STARTING  DATE 11 05 2023 TIME 15:24:26.1
 MnO                                                                             

 GEOMETRY INPUT FROM EXTERNAL FILE (FORTRAN UNIT 34)
 3D - CRYSTAL 

 *******************************************************************************
 LATTICE PARAMETERS  (ANGSTROMS AND DEGREES) - PRIMITIVE CELL
       A          B          C        ALPHA      BETA     GAMMA        VOLUME
    4.43678    4.43678    4.43678    90.72279  89.27721  89.27721     87.316993
 INFORMATION **** CHKGRP **** SPGR WITH NO INVERSION

 NUMBER OF IRREDUCIBLE ATOMS IN THE CELL:    6

 CARTESIAN COORDINATES (ANGSTROM) - IRREDUCIBLE ATOMS AND SYMMETRY RELATED

 AT.IRR.  AT  AT.N.          X                   Y                   Z
     1     1     1    0.000000000000E+00  0.000000000000E+00  0.000000000000E+00
     2     2    25   -9.113480350670E-01 -1.578501100115E+00 -2.529055600373E+00
     2     3    25   -9.113480350670E-01  1.578501100115E+00 -2.529055600373E+00
     4     4     1    1.822696070135E+00  0.000000000000E+00 -2.529055600373E+00
     5     5     8   -1.822696070135E+00  0.000000000000E+00 -1.264527800186E+00
     6     6     8    9.113480350670E-01 -1.578501100115E+00 -1.264527800186E+00
     6     7     8    9.113480350670E-01  1.578501100115E+00 -1.264527800186E+00
     8     8     8    0.000000000000E+00  0.000000000000E+00 -3.793583400559E+00

 SYMMETRY CHANGED DURING OLD RUN :  INFORMATION ON SPACE GROUP LOST 
 NUMBER OF SYMMETRY OPERATORS         :    2
 *******************************************************************************
 LATTICE PARAMETERS (ANGSTROMS AND DEGREES) - BOHR = 0.5291772083 ANGSTROM
 PRIMITIVE CELL - CENTRING CODE 1/0 VOLUME=    87.316993 - DENSITY  3.345 g/cm^3
         A              B              C           ALPHA      BETA       GAMMA 
     4.43677880     4.43677880     4.43677880    90.722786  89.277214  89.277214
 *******************************************************************************
 ATOMS IN THE ASYMMETRIC UNIT    6 - ATOMS IN THE UNIT CELL:    8
     ATOM                 X/A                 Y/B                 Z/C    
 *******************************************************************************
      1 T   1 H     0.000000000000E+00  0.000000000000E+00  0.000000000000E+00
      2 T  25 MN   -4.999999999998E-01 -4.999999999993E-01  6.696865284539E-13
      3 F  25 MN   -4.999999999998E-01  6.696865284539E-13 -4.999999999993E-01
      4 T   1 H     5.190292640123E-13 -4.999999999991E-01 -4.999999999991E-01
      5 T   8 O     4.999999999999E-01  1.318112285986E-13  1.318112285986E-13
      6 T   8 O     2.339517468641E-13 -4.999999999997E-01  3.147204719056E-13
      7 F   8 O     2.339517468641E-13  3.147204719056E-13 -4.999999999997E-01
      8 T   8 O    -4.999999999996E-01 -4.999999999990E-01 -4.999999999990E-01

 T = ATOM BELONGING TO THE ASYMMETRIC UNIT
 *******************************************************************************
 * GEOMETRY EDITING - INPUT COORDINATES ARE GIVEN IN ANGSTROM         
 *******************************************************************************

 GEOMETRY NOW FULLY CONSISTENT WITH THE GROUP

 NO SYMMOPS WITH FINITE TRANSLATIONAL COMPONENT

 GCALCO - MAX INDICES DIRECT LATTICE VECTOR    14    14    14
 NO.OF VECTORS CREATED 6999 STARS  548 RMAX    52.63539 BOHR

 *******************************************************************************
 * SUPERCELL OPTION
 *******************************************************************************


        EXPANSION MATRIX OF PRIMITIVE CELL
 E1     2.000     0.000     0.000
 E2     0.000     2.000     0.000
 E3     0.000     0.000     2.000

 NUMBER OF ATOMS PER SUPERCELL    64

        DIRECT LATTICE VECTORS COMPONENTS (ANGSTROM)
 B1     7.291     0.000     5.058
 B2     3.645    -6.314    -5.058
 B3     3.645     6.314    -5.058

 LATTICE PARAMETERS  (ANGSTROM AND DEGREES)
       A          B          C         ALPHA     BETA     GAMMA        VOLUME
    8.87356    8.87356    8.87356    90.72279  89.27721  89.27721    698.535941


 **** ATOMS BELONGING TO THE SUPERCELL
 LABEL AT.NO.      COORDINATES (ANGSTROM AND FRACTIONAL)
     1     1     0.0000     0.0000     0.0000     0.0000     0.0000     0.0000
     2     1    -1.8227    -3.1570     2.5291     0.0000     0.0000    -0.5000
     3     1    -1.8227     3.1570     2.5291     0.0000    -0.5000     0.0000
     4     1    -3.6454     0.0000     5.0581     0.0000    -0.5000    -0.5000
     5     1    -3.6454     0.0000    -2.5291    -0.5000     0.0000     0.0000
     6     1     5.4681     3.1570     0.0000     0.5000     0.0000     0.5000
     7     1     5.4681    -3.1570     0.0000     0.5000     0.5000     0.0000
     8     1    -7.2908     0.0000     2.5291    -0.5000    -0.5000    -0.5000
     9    25     2.7340    -1.5785    -0.0000     0.2500     0.2500     0.0000
    10    25     0.9113    -4.7355     2.5291     0.2500     0.2500    -0.5000
    11    25     0.9113     1.5785     2.5291     0.2500    -0.2500     0.0000
    12    25    -0.9113    -1.5785     5.0581     0.2500    -0.2500    -0.5000
    13    25    -0.9113    -1.5785    -2.5291    -0.2500     0.2500     0.0000
    14    25    -2.7340    -4.7355    -0.0000    -0.2500     0.2500    -0.5000
    15    25    -2.7340     1.5785    -0.0000    -0.2500    -0.2500     0.0000
    16    25    -4.5567    -1.5785     2.5291    -0.2500    -0.2500    -0.5000
    17    25     2.7340     1.5785    -0.0000     0.2500     0.0000     0.2500
    18    25     0.9113    -1.5785     2.5291     0.2500     0.0000    -0.2500
    19    25     0.9113     4.7355     2.5291     0.2500    -0.5000     0.2500
    20    25    -0.9113     1.5785     5.0581     0.2500    -0.5000    -0.2500
    21    25    -0.9113     1.5785    -2.5291    -0.2500     0.0000     0.2500
    22    25    -2.7340    -1.5785    -0.0000    -0.2500     0.0000    -0.2500
    23    25    -2.7340     4.7355    -0.0000    -0.2500    -0.5000     0.2500
    24    25    -4.5567     1.5785     2.5291    -0.2500    -0.5000    -0.2500
    25     1     1.8227     0.0000    -2.5291     0.0000     0.2500     0.2500
    26     1     0.0000    -3.1570     0.0000     0.0000     0.2500    -0.2500
    27     1     0.0000     3.1570     0.0000     0.0000    -0.2500     0.2500
    28     1    -1.8227     0.0000     2.5291     0.0000    -0.2500    -0.2500
    29     1    -1.8227     0.0000    -5.0581    -0.5000     0.2500     0.2500
    30     1    -3.6454    -3.1570    -2.5291    -0.5000     0.2500    -0.2500
    31     1    -3.6454     3.1570    -2.5291    -0.5000    -0.2500     0.2500
    32     1    -5.4681     0.0000     0.0000    -0.5000    -0.2500    -0.2500
    33     8     1.8227     0.0000     1.2645     0.2500     0.0000     0.0000
    34     8     0.0000    -3.1570     3.7936     0.2500     0.0000    -0.5000
    35     8     0.0000     3.1570     3.7936     0.2500    -0.5000     0.0000
    36     8    -1.8227     0.0000     6.3226     0.2500    -0.5000    -0.5000
    37     8    -1.8227     0.0000    -1.2645    -0.2500     0.0000     0.0000
    38     8    -3.6454    -3.1570     1.2645    -0.2500     0.0000    -0.5000
    39     8    -3.6454     3.1570     1.2645    -0.2500    -0.5000     0.0000
    40     8    -5.4681     0.0000     3.7936    -0.2500    -0.5000    -0.5000
    41     8     0.9113    -1.5785    -1.2645     0.0000     0.2500     0.0000
    42     8    -0.9113    -4.7355     1.2645     0.0000     0.2500    -0.5000
    43     8    -0.9113     1.5785     1.2645     0.0000    -0.2500     0.0000
    44     8    -2.7340    -1.5785     3.7936     0.0000    -0.2500    -0.5000
    45     8    -2.7340    -1.5785    -3.7936    -0.5000     0.2500     0.0000
    46     8    -4.5567    -4.7355    -1.2645    -0.5000     0.2500    -0.5000
    47     8    -4.5567     1.5785    -1.2645    -0.5000    -0.2500     0.0000
    48     8    -6.3794    -1.5785     1.2645    -0.5000    -0.2500    -0.5000
    49     8     0.9113     1.5785    -1.2645     0.0000     0.0000     0.2500
    50     8    -0.9113    -1.5785     1.2645     0.0000     0.0000    -0.2500
    51     8    -0.9113     4.7355     1.2645     0.0000    -0.5000     0.2500
    52     8    -2.7340     1.5785     3.7936     0.0000    -0.5000    -0.2500
    53     8    -2.7340     1.5785    -3.7936    -0.5000     0.0000     0.2500
    54     8    -4.5567    -1.5785    -1.2645    -0.5000     0.0000    -0.2500
    55     8    -4.5567     4.7355    -1.2645    -0.5000    -0.5000     0.2500
    56     8    -6.3794     1.5785     1.2645    -0.5000    -0.5000    -0.2500
    57     8     3.6454     0.0000    -1.2645     0.2500     0.2500     0.2500
    58     8     1.8227    -3.1570     1.2645     0.2500     0.2500    -0.2500
    59     8     1.8227     3.1570     1.2645     0.2500    -0.2500     0.2500
    60     8     0.0000     0.0000     3.7936     0.2500    -0.2500    -0.2500
    61     8    -0.0000     0.0000    -3.7936    -0.2500     0.2500     0.2500
    62     8    -1.8227    -3.1570    -1.2645    -0.2500     0.2500    -0.2500
    63     8    -1.8227     3.1570    -1.2645    -0.2500    -0.2500     0.2500
    64     8    -3.6454     0.0000     1.2645    -0.2500    -0.2500    -0.2500

 **************************** SUPERCELL GENERATED ****************************

 **** ATOMS IN THE SUPERCELL REORDERED FOR PHONON CALCULATION
      ATOMS IN THE SMALL CELL ON TOP

 LABEL AT.NO.      COORDINATES (ANGSTROM)
     1     1     0.0000     0.0000     0.0000
     2    25     2.7340    -1.5785    -0.0000
     3    25     2.7340     1.5785    -0.0000
     4     1     1.8227     0.0000    -2.5291
     5     8     1.8227     0.0000     1.2645
     6     8     0.9113    -1.5785    -1.2645
     7     8     0.9113     1.5785    -1.2645
     8     8     3.6454     0.0000    -1.2645
     9     1    -1.8227    -3.1570     2.5291
    10    25     0.9113    -4.7355     2.5291
    11    25     0.9113     1.5785     2.5291
    12    25    -0.9113    -1.5785     5.0581
    13    25    -0.9113    -1.5785    -2.5291
    14    25    -2.7340    -4.7355    -0.0000
    15    25    -2.7340     1.5785    -0.0000
    16    25    -4.5567    -1.5785     2.5291
    17     1    -1.8227     3.1570     2.5291
    18    25     0.9113    -1.5785     2.5291
    19    25     0.9113     4.7355     2.5291
    20    25    -0.9113     1.5785     5.0581
    21    25    -0.9113     1.5785    -2.5291
    22    25    -2.7340    -1.5785    -0.0000
    23    25    -2.7340     4.7355    -0.0000
    24    25    -4.5567     1.5785     2.5291
    25     1    -3.6454     0.0000     5.0581
    26     1     0.0000    -3.1570     0.0000
    27     1     0.0000     3.1570     0.0000
    28     1    -1.8227     0.0000     2.5291
    29     1    -1.8227     0.0000    -5.0581
    30     1    -3.6454    -3.1570    -2.5291
    31     1    -3.6454     3.1570    -2.5291
    32     1    -5.4681     0.0000     0.0000
    33     1    -3.6454     0.0000    -2.5291
    34     8     0.0000    -3.1570     3.7936
    35     8     0.0000     3.1570     3.7936
    36     8    -1.8227     0.0000     6.3226
    37     8    -1.8227     0.0000    -1.2645
    38     8    -3.6454    -3.1570     1.2645
    39     8    -3.6454     3.1570     1.2645
    40     8    -5.4681     0.0000     3.7936
    41     1     5.4681     3.1570    -0.0000
    42     8    -0.9113    -4.7355     1.2645
    43     8    -0.9113     1.5785     1.2645
    44     8    -2.7340    -1.5785     3.7936
    45     8    -2.7340    -1.5785    -3.7936
    46     8    -4.5567    -4.7355    -1.2645
    47     8    -4.5567     1.5785    -1.2645
    48     8    -6.3794    -1.5785     1.2645
    49     1     5.4681    -3.1570    -0.0000
    50     8    -0.9113    -1.5785     1.2645
    51     8    -0.9113     4.7355     1.2645
    52     8    -2.7340     1.5785     3.7936
    53     8    -2.7340     1.5785    -3.7936
    54     8    -4.5567    -1.5785    -1.2645
    55     8    -4.5567     4.7355    -1.2645
    56     8    -6.3794     1.5785     1.2645
    57     1    -7.2908     0.0000     2.5291
    58     8     1.8227    -3.1570     1.2645
    59     8     1.8227     3.1570     1.2645
    60     8     0.0000     0.0000     3.7936
    61     8    -0.0000     0.0000    -3.7936
    62     8    -1.8227    -3.1570    -1.2645
    63     8    -1.8227     3.1570    -1.2645
    64     8    -3.6454     0.0000     1.2645

 GCALCO - MAX INDICES DIRECT LATTICE VECTOR    14    14    14
 NO.OF VECTORS CREATED 6999 STARS  548 RMAX   198.93293 BOHR

 GEOMETRY FOR WAVE FUNCTION - DIMENSIONALITY OF THE SYSTEM    3
 (NON PERIODIC DIRECTION: LATTICE PARAMETER FORMALLY SET TO 500)
 *******************************************************************************
 LATTICE PARAMETERS (ANGSTROMS AND DEGREES) - BOHR = 0.5291772083 ANGSTROM
 PRIMITIVE CELL - CENTRING CODE 1/0 VOLUME=   698.535941 - DENSITY  3.345 g/cm^3
         A              B              C           ALPHA      BETA       GAMMA 
     8.87355759     8.87355759     8.87355759    90.722786  89.277214  89.277214
 *******************************************************************************
 ATOMS IN THE ASYMMETRIC UNIT   40 - ATOMS IN THE UNIT CELL:   64
     ATOM                 X/A                 Y/B                 Z/C    
 *******************************************************************************
      1 T   1 H     0.000000000000E+00  0.000000000000E+00  0.000000000000E+00
      2 T  25 MN    2.500000000000E-01  2.500000000000E-01  3.348792436770E-13
      3 F  25 MN    2.500000000000E-01  3.348808357347E-13  2.500000000000E-01
      4 T   1 H     2.595423875817E-13  2.500000000000E-01  2.500000000000E-01
      5 T   8 O     2.500000000000E-01  6.591949208712E-14  6.591949208712E-14
      6 T   8 O     1.169897512199E-13  2.500000000000E-01  1.573602359528E-13
      7 F   8 O     1.169897512199E-13  1.573602359528E-13  2.500000000000E-01
      8 T   8 O     2.500000000000E-01  2.500000000000E-01  2.500000000000E-01
      9 T   1 H     0.000000000000E+00  2.775557561563E-17 -5.000000000000E-01
     10 T  25 MN    2.500000000000E-01  2.500000000000E-01 -5.000000000000E-01
     11 T  25 MN    2.500000000000E-01 -2.500000000000E-01  3.348432642269E-13
     12 T  25 MN    2.500000000000E-01 -2.500000000000E-01  5.000000000000E-01
     13 T  25 MN   -2.500000000000E-01  2.500000000000E-01  3.348710198026E-13
     14 T  25 MN   -2.500000000000E-01  2.500000000000E-01 -5.000000000000E-01
     15 T  25 MN   -2.500000000000E-01 -2.500000000000E-01  3.348844942106E-13
     16 T  25 MN   -2.500000000000E-01 -2.500000000000E-01 -5.000000000000E-01
     17 F   1 H     0.000000000000E+00 -5.000000000000E-01  2.775557561563E-17
     18 F  25 MN    2.500000000000E-01  3.348987753782E-13 -2.500000000000E-01
     19 F  25 MN    2.500000000000E-01 -5.000000000000E-01  2.500000000000E-01
     20 F  25 MN    2.500000000000E-01 -5.000000000000E-01 -2.500000000000E-01
     21 F  25 MN   -2.500000000000E-01  3.348987753782E-13  2.500000000000E-01
     22 F  25 MN   -2.500000000000E-01  3.349176420578E-13 -2.500000000000E-01
     23 F  25 MN   -2.500000000000E-01 -5.000000000000E-01  2.500000000000E-01
     24 F  25 MN   -2.500000000000E-01 -5.000000000000E-01 -2.500000000000E-01
     25 T   1 H     0.000000000000E+00 -5.000000000000E-01 -5.000000000000E-01
     26 T   1 H     2.595715468316E-13  2.500000000000E-01 -2.500000000000E-01
     27 F   1 H     2.595715468316E-13 -2.500000000000E-01  2.500000000000E-01
     28 T   1 H     2.595146320061E-13 -2.500000000000E-01 -2.500000000000E-01
     29 T   1 H    -5.000000000000E-01  2.500000000000E-01  2.500000000000E-01
     30 T   1 H    -5.000000000000E-01  2.500000000000E-01 -2.500000000000E-01
     31 F   1 H     5.000000000000E-01 -2.500000000000E-01  2.500000000000E-01
     32 T   1 H     5.000000000000E-01 -2.500000000000E-01 -2.500000000000E-01
     33 T   1 H    -5.000000000000E-01 -2.775557561563E-17 -2.775557561563E-17
     34 T   8 O     2.500000000000E-01  6.582234757246E-14 -5.000000000000E-01
     35 F   8 O     2.500000000000E-01 -5.000000000000E-01  6.586398093589E-14
     36 T   8 O     2.500000000000E-01 -5.000000000000E-01 -5.000000000000E-01
     37 T   8 O    -2.500000000000E-01  6.597500323835E-14  6.597500323835E-14
     38 T   8 O    -2.500000000000E-01  6.594724766273E-14 -5.000000000000E-01
     39 F   8 O    -2.500000000000E-01 -5.000000000000E-01  6.600275881397E-14
     40 T   8 O    -2.500000000000E-01 -5.000000000000E-01 -5.000000000000E-01
     41 T   1 H     5.000000000000E-01  5.872917807689E-17 -5.000000000000E-01
     42 T   8 O     1.170452623711E-13  2.500000000000E-01 -5.000000000000E-01
     43 T   8 O     1.170175067955E-13 -2.500000000000E-01  1.573602359528E-13
     44 T   8 O     1.170730179467E-13 -2.500000000000E-01 -5.000000000000E-01
     45 T   8 O    -5.000000000000E-01  2.500000000000E-01  1.573047248016E-13
     46 T   8 O    -5.000000000000E-01  2.500000000000E-01 -5.000000000000E-01
     47 T   8 O    -5.000000000000E-01 -2.500000000000E-01  1.573741137406E-13
     48 T   8 O    -5.000000000000E-01 -2.500000000000E-01 -5.000000000000E-01
     49 F   1 H    -5.000000000000E-01 -5.000000000000E-01  4.317533984655E-17
     50 F   8 O     1.169897512199E-13  1.574157471040E-13 -2.500000000000E-01
     51 F   8 O     1.170175067955E-13 -5.000000000000E-01  2.500000000000E-01
     52 F   8 O     1.170036290077E-13 -5.000000000000E-01 -2.500000000000E-01
     53 F   8 O    -5.000000000000E-01  1.573047248016E-13  2.500000000000E-01
     54 F   8 O    -5.000000000000E-01  1.573186025894E-13 -2.500000000000E-01
     55 F   8 O    -5.000000000000E-01 -5.000000000000E-01  2.500000000000E-01
     56 F   8 O    -5.000000000000E-01 -5.000000000000E-01 -2.500000000000E-01
     57 T   1 H     5.000000000000E-01 -5.000000000000E-01 -5.000000000000E-01
     58 T   8 O     2.500000000000E-01  2.500000000000E-01 -2.500000000000E-01
     59 F   8 O     2.500000000000E-01 -2.500000000000E-01  2.500000000000E-01
     60 T   8 O     2.500000000000E-01 -2.500000000000E-01 -2.500000000000E-01
     61 T   8 O    -2.500000000000E-01  2.500000000000E-01  2.500000000000E-01
     62 T   8 O    -2.500000000000E-01  2.500000000000E-01 -2.500000000000E-01
     63 F   8 O    -2.500000000000E-01 -2.500000000000E-01  2.500000000000E-01
     64 T   8 O    -2.500000000000E-01 -2.500000000000E-01 -2.500000000000E-01

 T = ATOM BELONGING TO THE ASYMMETRIC UNIT

 ****    2 SYMMOPS - TRANSLATORS IN FRACTIONAL UNITS
 **** MATRICES AND TRANSLATORS IN THE CRYSTALLOGRAPHIC REFERENCE FRAME
   V INV                    ROTATION MATRICES                   TRANSLATORS
   1   1  1.00  0.00  0.00  0.00  1.00  0.00  0.00  0.00  1.00  0.00  0.00  0.00
   2   2  1.00  0.00  0.00 -0.00  0.00  1.00 -0.00  1.00  0.00  0.00  0.00  0.00

 DIRECT LATTICE VECTORS CARTESIAN COMPONENTS (ANGSTROM)
          X                    Y                    Z
   0.729078428054E+01   0.000000000000E+00   0.505811120074E+01
   0.364539214026E+01  -0.631400440046E+01  -0.505811120074E+01
   0.364539214026E+01   0.631400440046E+01  -0.505811120074E+01


 CARTESIAN COORDINATES - PRIMITIVE CELL
 *******************************************************************************
 *      ATOM          X(ANGSTROM)         Y(ANGSTROM)         Z(ANGSTROM)
 *******************************************************************************
    1     1 H     0.000000000000E+00  0.000000000000E+00  0.000000000000E+00
    2    25 MN    2.734044105201E+00 -1.578501100113E+00 -1.693869452485E-12
    3    25 MN    2.734044105201E+00  1.578501100113E+00 -1.693893610900E-12
    4     1 H     1.822696070132E+00  0.000000000000E+00 -2.529055600369E+00
    5     8 O     1.822696070135E+00  0.000000000000E+00  1.264527800184E+00
    6     8 O     9.113480350664E-01 -1.578501100114E+00 -1.264527800185E+00
    7     8 O     9.113480350664E-01  1.578501100114E+00 -1.264527800185E+00
    8     8 O     3.645392140265E+00  0.000000000000E+00 -1.264527800185E+00
    9     1 H     1.822696070130E+00  3.157002200230E+00 -2.529055600370E+00
   10    25 MN    4.556740175330E+00  1.578501100115E+00 -2.529055600370E+00
   11    25 MN    9.113480350712E-01  1.578501100117E+00  2.529055600368E+00
   12    25 MN    2.734044105200E+00  4.735503300345E+00  0.000000000000E+00
   13    25 MN   -9.113480350688E-01 -1.578501100113E+00 -2.529055600372E+00
   14    25 MN    9.113480350600E-01  1.578501100115E+00 -5.058111200740E+00
   15    25 MN   -2.734044105199E+00  1.578501100117E+00 -1.693106781107E-12
   16    25 MN   -9.113480350700E-01  4.735503300345E+00 -2.529055600370E+00
   17     1 H     1.822696070130E+00 -3.157002200230E+00 -2.529055600370E+00
   18    25 MN    9.113480350712E-01 -1.578501100117E+00  2.529055600368E+00
   19    25 MN    4.556740175330E+00 -1.578501100115E+00 -2.529055600370E+00
   20    25 MN    2.734044105200E+00 -4.735503300345E+00  0.000000000000E+00
   21    25 MN   -9.113480350688E-01  1.578501100113E+00 -2.529055600372E+00
   22    25 MN   -2.734044105199E+00 -1.578501100117E+00 -1.693188605235E-12
   23    25 MN    9.113480350600E-01 -1.578501100115E+00 -5.058111200740E+00
   24    25 MN   -9.113480350700E-01 -4.735503300345E+00 -2.529055600370E+00
   25     1 H     3.645392140260E+00  0.000000000000E+00 -5.058111200740E+00
   26     1 H     1.892470206517E-12 -3.157002200230E+00  1.312955549958E-12
   27     1 H     1.892470206517E-12  3.157002200230E+00  1.312955549958E-12
   28     1 H    -1.822696070128E+00  0.000000000000E+00  2.529055600371E+00
   29     1 H     5.468088210400E+00  0.000000000000E+00 -9.400075532184E-16
   30     1 H     3.645392140270E+00 -3.157002200230E+00  2.529055600370E+00
   31     1 H     3.645392140270E+00  3.157002200230E+00  2.529055600370E+00
   32     1 H     1.822696070140E+00  0.000000000000E+00  5.058111200740E+00
   33     1 H     3.645392140270E+00  0.000000000000E+00  2.529055600370E+00
   34     8 O     3.645392140265E+00  3.157002200230E+00 -1.264527800185E+00
   35     8 O     3.645392140265E+00 -3.157002200230E+00 -1.264527800185E+00
   36     8 O     5.468088210395E+00  0.000000000000E+00 -3.793583400555E+00
   37     8 O    -1.822696070135E+00  0.000000000000E+00 -1.264527800186E+00
   38     8 O    -4.759963247610E-12  3.157002200230E+00 -3.793583400555E+00
   39     8 O    -4.759312185358E-12 -3.157002200230E+00 -3.793583400555E+00
   40     8 O     1.822696070125E+00  0.000000000000E+00 -6.322639000925E+00
   41     1 H     5.468088210400E+00  3.157002200230E+00 -4.700037766092E-16
   42     8 O     2.734044105196E+00  1.578501100115E+00 -3.793583400554E+00
   43     8 O    -9.113480350636E-01  1.578501100116E+00  1.264527800185E+00
   44     8 O     9.113480350659E-01  4.735503300345E+00 -1.264527800184E+00
   45     8 O     4.556740175336E+00 -1.578501100114E+00  1.264527800184E+00
   46     8 O     6.379436245465E+00  1.578501100115E+00 -1.264527800185E+00
   47     8 O     2.734044105206E+00  1.578501100116E+00  3.793583400554E+00
   48     8 O     4.556740175335E+00  4.735503300345E+00  1.264527800185E+00
   49     1 H     5.468088210400E+00 -3.157002200230E+00 -2.339846465074E-16
   50     8 O    -9.113480350636E-01 -1.578501100116E+00  1.264527800185E+00
   51     8 O     2.734044105196E+00 -1.578501100115E+00 -3.793583400554E+00
   52     8 O     9.113480350659E-01 -4.735503300345E+00 -1.264527800184E+00
   53     8 O     4.556740175336E+00  1.578501100114E+00  1.264527800184E+00
   54     8 O     2.734044105206E+00 -1.578501100116E+00  3.793583400554E+00
   55     8 O     6.379436245465E+00 -1.578501100115E+00 -1.264527800185E+00
   56     8 O     4.556740175335E+00 -4.735503300345E+00  1.264527800185E+00
   57     1 H     7.290784280530E+00  0.000000000000E+00 -2.529055600370E+00
   58     8 O     1.822696070135E+00 -3.157002200230E+00  1.264527800185E+00
   59     8 O     1.822696070135E+00  3.157002200230E+00  1.264527800185E+00
   60     8 O     5.000370179345E-12  0.000000000000E+00  3.793583400555E+00
   61     8 O    -4.999900175569E-12  0.000000000000E+00 -3.793583400555E+00
   62     8 O    -1.822696070135E+00 -3.157002200230E+00 -1.264527800185E+00
   63     8 O    -1.822696070135E+00  3.157002200230E+00 -1.264527800185E+00
   64     8 O    -3.645392140265E+00  0.000000000000E+00  1.264527800185E+00
 WARNING **** CRYSTA **** TESTGEOM  DIRECTIVE - GEOMETRY EDITING COMPLETE
 TTTTTTTTTTTTTTTTTTTTTTTTTTTTTT END         TELAPSE        0.03 TCPU        0.01
 EEEEEEEEEE TERMINATION  DATE 11 05 2023 TIME 15:24:26.1
Thu 11 May 2023 15:24:26 BST
Contents of temporary directory:
total 158456
-rw-r--r--  1 brunocamino  admin      2336 11 May 15:21 SCFOUT.LOG
-rw-r--r--  1 brunocamino  admin         0 11 May 15:21 diis_Fg
-rw-r--r--  1 brunocamino  admin         0 11 May 15:21 diis_Fia1
-rw-r--r--  1 brunocamino  admin         0 11 May 15:21 diis_Fia2
-rw-r--r--  1 brunocamino  admin         0 11 May 15:21 diis_Sk
-rw-r--r--  1 brunocamino  admin         0 11 May 15:21 fort.10
-rw-r--r--  1 brunocamino  admin         0 11 May 15:21 fort.20
-rw-r--r--  1 brunocamino  admin         0 11 May 15:21 fort.28
-rw-r--r--  1 brunocamino  admin         0 11 May 15:21 fort.29
-rw-r--r--  1 brunocamino  admin   3622088 11 May 15:21 fort.3
-rw-r--r--  1 brunocamino  admin      4931 11 May 15:24 fort.34
-rw-r--r--  1 brunocamino  admin    195520 11 May 15:21 fort.61
-rw-r--r--  1 brunocamino  admin     97760 11 May 15:21 fort.62
-rw-r--r--  1 brunocamino  admin  65960160 11 May 15:21 fort.8
-rw-r--r--  1 brunocamino  admin         0 11 May 15:21 fort.9
-rw-r--r--  1 brunocamino  admin  11128856 11 May 15:21 fort.95
SCF abnormal end - no wf written in fort.9
file SCFOUT.LOG saved as /Users/brunocamino/Desktop/UCL/crystal/phonons/data/primitive/MnO_super_af1_symm.SCFLOG
geometry input file fort.34 saved as /Users/brunocamino/Desktop/UCL/crystal/phonons/data/primitive/MnO_super_af1_symm.gui
temporary directory /Users/brunocamino/crystal/tmp removed
