date Tue 4 Oct 2022 15:36:10 BST
hostname eduroam-int-dhcp-97-134-85.ucl.ac.uk
system Darwin eduroam-int-dhcp-97-134-85.ucl.ac.uk 21.6.0 Darwin Kernel Version 21.6.0: Mon Aug 22 20:20:05 PDT 2022; root:xnu-8020.140.49~2/RELEASE_ARM64_T8101 arm64
user brunocamino
output data in /Users/brunocamino/Desktop/UCL/crystal/phonons/data/scelphono/scelphono_4.out
crystal executable in /Users/brunocamino/crystal
input data in /Users/brunocamino/Desktop/UCL/crystal/phonons/data/scelphono/scelphono_4.d12
temporary directory /Users/brunocamino/crystal/tmp
external geometry input from /Users/brunocamino/Desktop/UCL/crystal/phonons/data/scelphono/scelphono_4.gui
external geometry input saved in /Users/brunocamino/Desktop/UCL/crystal/phonons/data/scelphono/scelphono_4_inp.gui
MnO
EXTERNAL
SCELPHONO
4 0 0
0 4 0
0 0 4
TESTGEOM
ENDG
25 12
0 0 8 2.0 1.0
277185.00153     .22838385133E-03 
41550.769890     .17707650375E-02 
9455.9700152     .92077209994E-02 
2676.5206482     .37415971825E-01 
871.46687530     .12164861426
312.98306420     .28824392499  
121.44454051     .41041600847
47.922598829     .21372375145
0 0 4 2.0 1.0 
303.66723163    -.24589926140E-01
93.881403187    -.11602608038
14.879421214     .55112059677 
6.2865200745     .53707560756
0 0 2 2.0 1.0 
9.4858591337    -.22889262695 
1.5698706158     .71196169587
0 0 1 2.0 1.0 
0.65903213608   1.0000000000
0 0 1 0.0 1.0 
0.30            1.0
0 1 1 0.0 1.0 
0.13            1.0 1.0
0 2 6 6.0 1.0 
1444.7978182    .23994136455E-02
342.06551197    .19369286864E-01
109.58400891    .90236108988E-01
40.747988173    .25745467851
16.188626566    .41272351958 
6.5484505964    .24087700007
0 2 3 6.0 1.0 
25.357086437   -.28707174058E-01
3.4830168782    .55208100712
1.3858800906    .97226901379
0 2 1 0.0 1.0 
0.52555094893   1.0000000000
0 3 4 5.0 1.0 
56.563189119    .11543245294532D-01
16.278734711    .70299845987196D-01
5.6964273914    .22450770821295
2.1411147942    .39703065434226
0 3 1 0.0 1.0 
0.78291801938   1.0
0 3 1 0.0 1.0 
0.25952311214   1.0
8 9
0 0 6 2.0 1.0
  27032.382631    0.21726302465E-03 
  4052.3871392    0.16838662199E-02
  922.32722710    0.87395616265E-02
  261.24070989    0.35239968808E-01
  85.354641351    0.11153519115
  31.035035245    0.25588953961
0 0 2 2.0 1.0
  12.271113873    0.39768730901
  4.9159842006    0.24627849430
0 0 1 0.0 1.0
  0.90086482370    1.0000000000
0 1 1 0.0 1.0
  0.25000000000    1.0 1.0
0 2 4 4.0 1.0
  75.300554155     0.60685103418E-02
  17.743733858     0.41912575824E-01
  5.5355828651     0.16153841088
  2.0685535103     0.35706951311
0 2 1 0.0 1.0
  0.78238772422    1.0000000000
0 3 1 0.0 1.0
  2.31400000       1.0000000000
0 3 1 0.0 1.0
  0.64500000       1.0000000000
0 4 1 0.0 1.0
  1.42800000       1.0000000000
99 0
ENDBS
DFT
SPIN
EXCHANGE
PBESOL
CORRELAT
PBESOL
HYBRID
25
TOLLDENS
8
ENDDFT
TOLINTEG
8 8 8 8 16
SCFDIR
SHRINK
2 4 
FMIXING
20
SLOSHING
SLOSHFAC
1.5
MAXCYCLE
200
TOLDEE
10
SPINLOCK
0 10
BIPOSIZE
100000000
EXCHSIZE
500000000
GRADCAL
ENDSCF

         
 *******************************************************************************
 *                                                                             *
 *                               CRYSTAL17                                     *
 *                      public : 1.0.1 - Feb 1st, 2017                         *
 *                       HTTP://WWW.CRYSTAL.UNITO.IT                           *
 *                                                                             *
 *                              MAIN AUTHORS                                   *
 *                                                                             *
 *  R. DOVESI(1,11), V.R. SAUNDERS(2), C. ROETTI(1,11), R. ORLANDO(1,11),      *
 *  C.M. ZICOVICH-WILSON(1,3), F. PASCALE(4), B. CIVALLERI(1,11),              *
 *  K. DOLL(5), N.M. HARRISON(2,6), I.J. BUSH(7), Ph. D'ARCO(8),               *
 *  M. LLUNELL(9), M. CAUSA'(10), Y. NOEL(8), L. MASCHIO(1,11), A. ERBA(1,11)  *
 *  M. RE'RAT(14), S. CASASSA(1,11)                                            *
 *                                                                             *
 *        CONTRIBUTIONS TO THE CODE HAVE ALSO BEEN GIVEN BY                    *
 *                                                                             *
 *  M. FERRABONE(1,11), M. DE LA PIERRE(1,11), M. FERRERO(1,11),               *
 *  J. BAIMA(1,11), E. ALBANESE(1,11), M.F. PEINTINGER(12), R. BAST(13),       *
 *  B. KIRTMAN(15), V. LACIVITA(1,11), R. DEMICHELIS(1,16)                     *
 *  G. BRANDEBURG(17), S. SALUSTRO(1,11), G. SANSONE(1,11)                     *
 *  M.T. RUGGIERO(18)                                                          *
 *                                                                             *
 * (1) THEORETICAL CHEMISTRY GROUP - UNIVERSITA' DI TORINO - TORINO (ITALY)    *

 * (2) COMPUTATIONAL SCIENCE & ENGINEERING DEPARTMENT - STFC DARESBURY (UK)    *
 * (3) UNIVERSIDAD AUTONOMA DEL ESTADO DE MORELOS - CUERNAVACA (MEXICO)        *
 * (4) UNIVERSITE' DE LORRAINE - NANCY (FRANCE)                                *
 * (5) UNIVERSITAET STUTTGART- STUTTGART (GERMANY)                             *
 * (6) IMPERIAL COLLEGE - LONDON (UK)                                          *
 * (7) OXFORD E-RESEARCH CENTRE - OXFORD (UK)                                  *
 * (8) UPMC - SORBONNE UNIVERSITES - PARIS (FRANCE)                            *
 * (9) UNIVERSIDAD DE BARCELONA - BARCELONA (SPAIN)                            *
 *(10) UNIVERSITA' DI NAPOLI "FEDERICO II" - NAPOLI (ITALY)                    *
 *(11) NIS - NANOSTRUCTURED INTERFACES AND SURFACES - TORINO (ITALY)           *
 *(12) MPI FUER CHEMISCHE ENERGIEKONVERSION - MUELHEIM AN DER RUHR (GERMANY)   *
 *(13) UNIVERSITY OF TROMSO - TROMSO (NORWAY)                                  *
 *(14) UNIVERSITE' DE PAU ET DES PAYS DE L'ADOUR - PAU (FRANCE)                *
 *(15) UNIVERSITY OF CALIFORNIA SANTA BARBARA - SANTA BARBARA (USA)            *
 *(16) CURTIN UNIVERSITY - PERTH (AUSTRALIA)                                   *
 *(17) UNIVERSITY COLLEGE LONDON - LONDON (UK)                                 *
 *(18) CAMBRIDGE UNIVERSITY - CAMBRIDGE (UK)                                   *
 *                                                                             *
 *******************************************************************************
 EEEEEEEEEE STARTING  DATE 04 10 2022 TIME 15:36:10.6
 MnO                                                                             

 GEOMETRY INPUT FROM EXTERNAL FILE (FORTRAN UNIT 34)
 3D - CRYSTAL 

 *******************************************************************************
 LATTICE PARAMETERS  (ANGSTROMS AND DEGREES) - PRIMITIVE CELL
       A          B          C        ALPHA      BETA     GAMMA        VOLUME
    5.31512    5.31512    5.31512    34.22791  34.22791  34.22791     42.363148
 INFORMATION **** CHKGRP **** SPGR WITH NO INVERSION

 NUMBER OF IRREDUCIBLE ATOMS IN THE CELL:    4

 CARTESIAN COORDINATES (ANGSTROM) - IRREDUCIBLE ATOMS AND SYMMETRY RELATED

 AT.IRR.  AT  AT.N.          X                   Y                   Z
     1     1    25    0.000000000000E+00  0.000000000000E+00  0.000000000000E+00
     2     2     8   -1.806062189318E+00  0.000000000000E+00 -1.249714882767E+00
     3     3    25   -9.030310946590E-01 -1.564095736764E+00 -2.499429765534E+00
     4     4     8   -9.030310946590E-01 -1.564095736764E+00  1.249714882767E+00

 SPACE  GROUP  N.                     :  160
 NUMBER OF SYMMETRY OPERATORS         :    6
 *******************************************************************************
 LATTICE PARAMETERS (ANGSTROMS AND DEGREES) - BOHR = 0.5291772083 ANGSTROM
 PRIMITIVE CELL - CENTRING CODE 7/0 VOLUME=    42.363148 - DENSITY  5.561 g/cm^3
         A              B              C           ALPHA      BETA       GAMMA 
     5.31511592     5.31511592     5.31511592    34.227911  34.227911  34.227911
 *******************************************************************************
 ATOMS IN THE ASYMMETRIC UNIT    4 - ATOMS IN THE UNIT CELL:    4
     ATOM                 X/A                 Y/B                 Z/C    
 *******************************************************************************
      1 T  25 MN    0.000000000000E+00  0.000000000000E+00  0.000000000000E+00
      2 T   8 O     2.500000000006E-01  2.499999999998E-01  2.499999999998E-01
      3 T  25 MN   -4.999999999996E-01  4.999999999986E-01 -4.999999999988E-01
      4 T   8 O    -2.499999999998E-01 -2.500000000014E-01 -2.499999999988E-01

 TRANSFORMATION MATRIX PRIMITIVE-CRYSTALLOGRAPHIC CELL
  1.0000  0.0000  1.0000 -1.0000  1.0000  1.0000  0.0000 -1.0000  1.0000

 *******************************************************************************
 CRYSTALLOGRAPHIC CELL (VOLUME=        127.08944275)
         A              B              C           ALPHA      BETA       GAMMA 
     3.12819147     3.12819147    14.99657859    90.000000  90.000000 120.000000

 COORDINATES IN THE CRYSTALLOGRAPHIC CELL
     ATOM                 X/A                 Y/B                 Z/C    
 *******************************************************************************
      1 T  25 MN    0.000000000000E+00  0.000000000000E+00  0.000000000000E+00
      2 T   8 O     3.333333333339E-01 -3.333333333331E-01 -8.333333333330E-02
      3 T  25 MN   -3.333333333330E-01  3.333333333322E-01 -1.666666666666E-01
      4 T   8 O    -3.333333333331E-01  3.333333333321E-01  8.333333333330E-02

 T = ATOM BELONGING TO THE ASYMMETRIC UNIT
 *******************************************************************************
 * GEOMETRY EDITING - INPUT COORDINATES ARE GIVEN IN ANGSTROM         
 *******************************************************************************

 GEOMETRY NOW FULLY CONSISTENT WITH THE GROUP

 NO SYMMOPS WITH FINITE TRANSLATIONAL COMPONENT

 GCALCO - MAX INDICES DIRECT LATTICE VECTOR    14    14    14
 NO.OF VECTORS CREATED 6999 STARS  512 RMAX    41.64035 BOHR

 *******************************************************************************
 * SUPERCELL OPTION
 *******************************************************************************


        EXPANSION MATRIX OF PRIMITIVE CELL
 E1     4.000     0.000     0.000
 E2     0.000     4.000     0.000
 E3     0.000     0.000     4.000

 NUMBER OF ATOMS PER SUPERCELL   256

        DIRECT LATTICE VECTORS COMPONENTS (ANGSTROM)
 B1     7.224     0.000    19.995
 B2    -3.612     6.256    19.995
 B3    -3.612    -6.256    19.995

 LATTICE PARAMETERS  (ANGSTROM AND DEGREES)
       A          B          C         ALPHA     BETA     GAMMA        VOLUME
   21.26046   21.26046   21.26046    34.22791  34.22791  34.22791   2711.241445


 **** ATOMS BELONGING TO THE SUPERCELL
 LABEL AT.NO.      COORDINATES (ANGSTROM AND FRACTIONAL)
     1    25     0.0000     0.0000     0.0000     0.0000     0.0000     0.0000
     2    25    -0.9030    -1.5641     4.9989     0.0000    -0.0000     0.2500
     3    25     1.8061     3.1282    -9.9977     0.0000    -0.0000    -0.5000
     4    25     0.9030     1.5641    -4.9989     0.0000    -0.0000    -0.2500
     5    25    -0.9030     1.5641     4.9989     0.0000     0.2500    -0.0000
     6    25    -1.8061     0.0000     9.9977     0.0000     0.2500     0.2500
     7    25    -2.7091    -1.5641    14.9966     0.0000     0.2500     0.5000
     8    25     0.0000     3.1282    -0.0000     0.0000     0.2500    -0.2500
     9    25     1.8061    -3.1282    -9.9977     0.0000    -0.5000    -0.0000
    10    25    -2.7091     1.5641    14.9966     0.0000     0.5000     0.2500
    11    25    -3.6121     0.0000    19.9954     0.0000     0.5000     0.5000
    12    25    -0.9030     4.6923     4.9989     0.0000     0.5000    -0.2500
    13    25     0.9030    -1.5641    -4.9989     0.0000    -0.2500    -0.0000
    14    25     0.0000    -3.1282    -0.0000     0.0000    -0.2500     0.2500
    15    25    -0.9030    -4.6923     4.9989     0.0000    -0.2500     0.5000
    16    25     1.8061     0.0000    -9.9977     0.0000    -0.2500    -0.2500
    17    25     1.8061     0.0000     4.9989     0.2500    -0.0000    -0.0000
    18    25     0.9030    -1.5641     9.9977     0.2500    -0.0000     0.2500
    19    25     3.6121     3.1282    -4.9989     0.2500    -0.0000    -0.5000
    20    25     2.7091     1.5641    -0.0000     0.2500    -0.0000    -0.2500
    21    25     0.9030     1.5641     9.9977     0.2500     0.2500    -0.0000
    22    25     0.0000     0.0000    14.9966     0.2500     0.2500     0.2500
    23    25    -0.9030    -1.5641    19.9954     0.2500     0.2500     0.5000
    24    25     1.8061     3.1282     4.9989     0.2500     0.2500    -0.2500
    25    25     3.6121    -3.1282    -4.9989     0.2500    -0.5000    -0.0000
    26    25    -0.9030     1.5641    19.9954     0.2500     0.5000     0.2500
    27    25    -1.8061     0.0000    24.9943     0.2500     0.5000     0.5000
    28    25     0.9030     4.6923     9.9977     0.2500     0.5000    -0.2500
    29    25     2.7091    -1.5641    -0.0000     0.2500    -0.2500    -0.0000
    30    25     1.8061    -3.1282     4.9989     0.2500    -0.2500     0.2500
    31    25     0.9030    -4.6923     9.9977     0.2500    -0.2500     0.5000
    32    25     3.6121     0.0000    -4.9989     0.2500    -0.2500    -0.2500
    33    25    -3.6121     0.0000    -9.9977    -0.5000    -0.0000    -0.0000
    34    25     2.7091    -1.5641    14.9966     0.5000     0.0000     0.2500
    35    25    -5.4182    -3.1282    -0.0000    -0.5000    -0.0000     0.5000
    36    25     4.5152     1.5641     4.9989     0.5000    -0.0000    -0.2500
    37    25     2.7091     1.5641    14.9966     0.5000     0.2500     0.0000
    38    25    -5.4182     0.0000    -0.0000    -0.5000     0.2500     0.2500
    39    25     4.5152     4.6923     4.9989     0.5000     0.2500    -0.5000
    40    25     3.6121     3.1282     9.9977     0.5000     0.2500    -0.2500
    41    25    -5.4182     3.1282    -0.0000    -0.5000     0.5000    -0.0000
    42    25     4.5152    -4.6923     4.9989     0.5000    -0.5000     0.2500
    43    25     0.0000     0.0000    29.9932     0.5000     0.5000     0.5000
    44    25    -4.5152     4.6923    -4.9989    -0.5000     0.5000    -0.2500
    45    25     4.5152    -1.5641     4.9989     0.5000    -0.2500    -0.0000
    46    25     3.6121    -3.1282     9.9977     0.5000    -0.2500     0.2500
    47    25    -4.5152    -4.6923    -4.9989    -0.5000    -0.2500     0.5000
    48    25    -1.8061     0.0000   -19.9954    -0.5000    -0.2500    -0.2500
    49    25    -1.8061     0.0000    -4.9989    -0.2500     0.0000     0.0000
    50    25    -2.7091    -1.5641    -0.0000    -0.2500    -0.0000     0.2500
    51    25    -0.0000     3.1282   -14.9966    -0.2500     0.0000    -0.5000
    52    25    -0.9030     1.5641    -9.9977    -0.2500     0.0000    -0.2500
    53    25    -2.7091     1.5641    -0.0000    -0.2500     0.2500    -0.0000
    54    25    -3.6121     0.0000     4.9989    -0.2500     0.2500     0.2500
    55    25    -0.9030     4.6923    -9.9977    -0.2500     0.2500    -0.5000
    56    25    -1.8061     3.1282    -4.9989    -0.2500     0.2500    -0.2500
    57    25    -0.0000    -3.1282   -14.9966    -0.2500    -0.5000     0.0000
    58    25    -0.9030    -4.6923    -9.9977    -0.2500    -0.5000     0.2500
    59    25     1.8061     0.0000   -24.9943    -0.2500    -0.5000    -0.5000
    60    25    -2.7091     4.6923    -0.0000    -0.2500     0.5000    -0.2500
    61    25    -0.9030    -1.5641    -9.9977    -0.2500    -0.2500     0.0000
    62    25    -1.8061    -3.1282    -4.9989    -0.2500    -0.2500     0.2500
    63    25    -2.7091    -4.6923    -0.0000    -0.2500    -0.2500     0.5000
    64    25    -0.0000     0.0000   -14.9966    -0.2500    -0.2500    -0.2500
    65     8    -1.8061     0.0000    -1.2497    -0.1875     0.0625     0.0625
    66     8    -2.7091    -1.5641     3.7491    -0.1875     0.0625     0.3125
    67     8    -0.0000     3.1282   -11.2474    -0.1875     0.0625    -0.4375
    68     8    -0.9030     1.5641    -6.2486    -0.1875     0.0625    -0.1875
    69     8    -2.7091     1.5641     3.7491    -0.1875     0.3125     0.0625
    70     8    -3.6121     0.0000     8.7480    -0.1875     0.3125     0.3125
    71     8    -0.9030     4.6923    -6.2486    -0.1875     0.3125    -0.4375
    72     8    -1.8061     3.1282    -1.2497    -0.1875     0.3125    -0.1875
    73     8    -0.0000    -3.1282   -11.2474    -0.1875    -0.4375     0.0625
    74     8    -0.9030    -4.6923    -6.2486    -0.1875    -0.4375     0.3125
    75     8     1.8061     0.0000   -21.2452    -0.1875    -0.4375    -0.4375
    76     8     0.9030    -1.5641   -16.2463    -0.1875    -0.4375    -0.1875
    77     8    -0.9030    -1.5641    -6.2486    -0.1875    -0.1875     0.0625
    78     8    -1.8061    -3.1282    -1.2497    -0.1875    -0.1875     0.3125
    79     8     0.9030     1.5641   -16.2463    -0.1875    -0.1875    -0.4375
    80     8    -0.0000     0.0000   -11.2474    -0.1875    -0.1875    -0.1875
    81     8     0.0000     0.0000     3.7491     0.0625     0.0625     0.0625
    82     8    -0.9030    -1.5641     8.7480     0.0625     0.0625     0.3125
    83     8     1.8061     3.1282    -6.2486     0.0625     0.0625    -0.4375
    84     8     0.9030     1.5641    -1.2497     0.0625     0.0625    -0.1875
    85     8    -0.9030     1.5641     8.7480     0.0625     0.3125     0.0625
    86     8    -1.8061     0.0000    13.7469     0.0625     0.3125     0.3125
    87     8     0.9030     4.6923    -1.2497     0.0625     0.3125    -0.4375
    88     8     0.0000     3.1282     3.7491     0.0625     0.3125    -0.1875
    89     8     1.8061    -3.1282    -6.2486     0.0625    -0.4375     0.0625
    90     8     0.9030    -4.6923    -1.2497     0.0625    -0.4375     0.3125
    91     8     3.6121     0.0000   -16.2463     0.0625    -0.4375    -0.4375
    92     8     2.7091    -1.5641   -11.2474     0.0625    -0.4375    -0.1875
    93     8     0.9030    -1.5641    -1.2497     0.0625    -0.1875     0.0625
    94     8     0.0000    -3.1282     3.7491     0.0625    -0.1875     0.3125
    95     8     2.7091     1.5641   -11.2474     0.0625    -0.1875    -0.4375
    96     8     1.8061     0.0000    -6.2486     0.0625    -0.1875    -0.1875
    97     8     1.8061     0.0000     8.7480     0.3125     0.0625     0.0625
    98     8     0.9030    -1.5641    13.7469     0.3125     0.0625     0.3125
    99     8     3.6121     3.1282    -1.2497     0.3125     0.0625    -0.4375
   100     8     2.7091     1.5641     3.7491     0.3125     0.0625    -0.1875
   101     8     0.9030     1.5641    13.7469     0.3125     0.3125     0.0625
   102     8     0.0000     0.0000    18.7457     0.3125     0.3125     0.3125
   103     8     2.7091     4.6923     3.7491     0.3125     0.3125    -0.4375
   104     8     1.8061     3.1282     8.7480     0.3125     0.3125    -0.1875
   105     8     3.6121    -3.1282    -1.2497     0.3125    -0.4375     0.0625
   106     8     2.7091    -4.6923     3.7491     0.3125    -0.4375     0.3125
   107     8     5.4182     0.0000   -11.2474     0.3125    -0.4375    -0.4375
   108     8     4.5152    -1.5641    -6.2486     0.3125    -0.4375    -0.1875
   109     8     2.7091    -1.5641     3.7491     0.3125    -0.1875     0.0625
   110     8     1.8061    -3.1282     8.7480     0.3125    -0.1875     0.3125
   111     8     4.5152     1.5641    -6.2486     0.3125    -0.1875    -0.4375
   112     8     3.6121     0.0000    -1.2497     0.3125    -0.1875    -0.1875
   113     8    -3.6121     0.0000    -6.2486    -0.4375     0.0625     0.0625
   114     8    -4.5152    -1.5641    -1.2497    -0.4375     0.0625     0.3125
   115     8    -1.8061     3.1282   -16.2463    -0.4375     0.0625    -0.4375
   116     8    -2.7091     1.5641   -11.2474    -0.4375     0.0625    -0.1875
   117     8    -4.5152     1.5641    -1.2497    -0.4375     0.3125     0.0625
   118     8    -5.4182     0.0000     3.7491    -0.4375     0.3125     0.3125
   119     8    -2.7091     4.6923   -11.2474    -0.4375     0.3125    -0.4375
   120     8    -3.6121     3.1282    -6.2486    -0.4375     0.3125    -0.1875
   121     8    -1.8061    -3.1282   -16.2463    -0.4375    -0.4375     0.0625
   122     8    -2.7091    -4.6923   -11.2474    -0.4375    -0.4375     0.3125
   123     8    -0.0000     0.0000   -26.2440    -0.4375    -0.4375    -0.4375
   124     8    -0.9030    -1.5641   -21.2452    -0.4375    -0.4375    -0.1875
   125     8    -2.7091    -1.5641   -11.2474    -0.4375    -0.1875     0.0625
   126     8    -3.6121    -3.1282    -6.2486    -0.4375    -0.1875     0.3125
   127     8    -0.9030     1.5641   -21.2452    -0.4375    -0.1875    -0.4375
   128     8    -1.8061     0.0000   -16.2463    -0.4375    -0.1875    -0.1875
   129    25     0.0000     0.0000     7.4983     0.1250     0.1250     0.1250
   130    25    -0.9030    -1.5641    12.4971     0.1250     0.1250     0.3750
   131    25     1.8061     3.1282    -2.4994     0.1250     0.1250    -0.3750
   132    25     0.9030     1.5641     2.4994     0.1250     0.1250    -0.1250
   133    25    -0.9030     1.5641    12.4971     0.1250     0.3750     0.1250
   134    25    -1.8061     0.0000    17.4960     0.1250     0.3750     0.3750
   135    25     0.9030     4.6923     2.4994     0.1250     0.3750    -0.3750
   136    25     0.0000     3.1282     7.4983     0.1250     0.3750    -0.1250
   137    25     1.8061    -3.1282    -2.4994     0.1250    -0.3750     0.1250
   138    25     0.9030    -4.6923     2.4994     0.1250    -0.3750     0.3750
   139    25     3.6121     0.0000   -12.4971     0.1250    -0.3750    -0.3750
   140    25     2.7091    -1.5641    -7.4983     0.1250    -0.3750    -0.1250
   141    25     0.9030    -1.5641     2.4994     0.1250    -0.1250     0.1250
   142    25     0.0000    -3.1282     7.4983     0.1250    -0.1250     0.3750
   143    25     2.7091     1.5641    -7.4983     0.1250    -0.1250    -0.3750
   144    25     1.8061     0.0000    -2.4994     0.1250    -0.1250    -0.1250
   145    25     1.8061     0.0000    12.4971     0.3750     0.1250     0.1250
   146    25     0.9030    -1.5641    17.4960     0.3750     0.1250     0.3750
   147    25     3.6121     3.1282     2.4994     0.3750     0.1250    -0.3750
   148    25     2.7091     1.5641     7.4983     0.3750     0.1250    -0.1250
   149    25     0.9030     1.5641    17.4960     0.3750     0.3750     0.1250
   150    25     0.0000     0.0000    22.4949     0.3750     0.3750     0.3750
   151    25     2.7091     4.6923     7.4983     0.3750     0.3750    -0.3750
   152    25     1.8061     3.1282    12.4971     0.3750     0.3750    -0.1250
   153    25     3.6121    -3.1282     2.4994     0.3750    -0.3750     0.1250
   154    25     2.7091    -4.6923     7.4983     0.3750    -0.3750     0.3750
   155    25     5.4182     0.0000    -7.4983     0.3750    -0.3750    -0.3750
   156    25     4.5152    -1.5641    -2.4994     0.3750    -0.3750    -0.1250
   157    25     2.7091    -1.5641     7.4983     0.3750    -0.1250     0.1250
   158    25     1.8061    -3.1282    12.4971     0.3750    -0.1250     0.3750
   159    25     4.5152     1.5641    -2.4994     0.3750    -0.1250    -0.3750
   160    25     3.6121     0.0000     2.4994     0.3750    -0.1250    -0.1250
   161    25    -3.6121     0.0000    -2.4994    -0.3750     0.1250     0.1250
   162    25    -4.5152    -1.5641     2.4994    -0.3750     0.1250     0.3750
   163    25    -1.8061     3.1282   -12.4971    -0.3750     0.1250    -0.3750
   164    25    -2.7091     1.5641    -7.4983    -0.3750     0.1250    -0.1250
   165    25    -4.5152     1.5641     2.4994    -0.3750     0.3750     0.1250
   166    25    -5.4182     0.0000     7.4983    -0.3750     0.3750     0.3750
   167    25    -2.7091     4.6923    -7.4983    -0.3750     0.3750    -0.3750
   168    25    -3.6121     3.1282    -2.4994    -0.3750     0.3750    -0.1250
   169    25    -1.8061    -3.1282   -12.4971    -0.3750    -0.3750     0.1250
   170    25    -2.7091    -4.6923    -7.4983    -0.3750    -0.3750     0.3750
   171    25    -0.0000     0.0000   -22.4949    -0.3750    -0.3750    -0.3750
   172    25    -0.9030    -1.5641   -17.4960    -0.3750    -0.3750    -0.1250
   173    25    -2.7091    -1.5641    -7.4983    -0.3750    -0.1250     0.1250
   174    25    -3.6121    -3.1282    -2.4994    -0.3750    -0.1250     0.3750
   175    25    -0.9030     1.5641   -17.4960    -0.3750    -0.1250    -0.3750
   176    25    -1.8061     0.0000   -12.4971    -0.3750    -0.1250    -0.1250
   177    25    -1.8061     0.0000     2.4994    -0.1250     0.1250     0.1250
   178    25    -2.7091    -1.5641     7.4983    -0.1250     0.1250     0.3750
   179    25    -0.0000     3.1282    -7.4983    -0.1250     0.1250    -0.3750
   180    25    -0.9030     1.5641    -2.4994    -0.1250     0.1250    -0.1250
   181    25    -2.7091     1.5641     7.4983    -0.1250     0.3750     0.1250
   182    25    -3.6121     0.0000    12.4971    -0.1250     0.3750     0.3750
   183    25    -0.9030     4.6923    -2.4994    -0.1250     0.3750    -0.3750
   184    25    -1.8061     3.1282     2.4994    -0.1250     0.3750    -0.1250
   185    25    -0.0000    -3.1282    -7.4983    -0.1250    -0.3750     0.1250
   186    25    -0.9030    -4.6923    -2.4994    -0.1250    -0.3750     0.3750
   187    25     1.8061     0.0000   -17.4960    -0.1250    -0.3750    -0.3750
   188    25     0.9030    -1.5641   -12.4971    -0.1250    -0.3750    -0.1250
   189    25    -0.9030    -1.5641    -2.4994    -0.1250    -0.1250     0.1250
   190    25    -1.8061    -3.1282     2.4994    -0.1250    -0.1250     0.3750
   191    25     0.9030     1.5641   -12.4971    -0.1250    -0.1250    -0.3750
   192    25    -0.0000     0.0000    -7.4983    -0.1250    -0.1250    -0.1250
   193     8    -0.9030    -1.5641     1.2497    -0.0625    -0.0625     0.1875
   194     8    -1.8061    -3.1282     6.2486    -0.0625    -0.0625     0.4375
   195     8     0.9030     1.5641    -8.7480    -0.0625    -0.0625    -0.3125
   196     8    -0.0000     0.0000    -3.7491    -0.0625    -0.0625    -0.0625
   197     8    -1.8061     0.0000     6.2486    -0.0625     0.1875     0.1875
   198     8    -2.7091    -1.5641    11.2474    -0.0625     0.1875     0.4375
   199     8    -0.0000     3.1282    -3.7491    -0.0625     0.1875    -0.3125
   200     8    -0.9030     1.5641     1.2497    -0.0625     0.1875    -0.0625
   201     8    -2.7091     1.5641    11.2474    -0.0625     0.4375     0.1875
   202     8    -3.6121     0.0000    16.2463    -0.0625     0.4375     0.4375
   203     8    -0.9030     4.6923     1.2497    -0.0625     0.4375    -0.3125
   204     8    -1.8061     3.1282     6.2486    -0.0625     0.4375    -0.0625
   205     8    -0.0000    -3.1282    -3.7491    -0.0625    -0.3125     0.1875
   206     8    -0.9030    -4.6923     1.2497    -0.0625    -0.3125     0.4375
   207     8     1.8061     0.0000   -13.7469    -0.0625    -0.3125    -0.3125
   208     8     0.9030    -1.5641    -8.7480    -0.0625    -0.3125    -0.0625
   209     8     0.9030    -1.5641     6.2486     0.1875    -0.0625     0.1875
   210     8     0.0000    -3.1282    11.2474     0.1875    -0.0625     0.4375
   211     8     2.7091     1.5641    -3.7491     0.1875    -0.0625    -0.3125
   212     8     1.8061    -0.0000     1.2497     0.1875    -0.0625    -0.0625
   213     8     0.0000     0.0000    11.2474     0.1875     0.1875     0.1875
   214     8    -0.9030    -1.5641    16.2463     0.1875     0.1875     0.4375
   215     8     1.8061     3.1282     1.2497     0.1875     0.1875    -0.3125
   216     8     0.9030     1.5641     6.2486     0.1875     0.1875    -0.0625
   217     8    -0.9030     1.5641    16.2463     0.1875     0.4375     0.1875
   218     8    -1.8061     0.0000    21.2452     0.1875     0.4375     0.4375
   219     8     0.9030     4.6923     6.2486     0.1875     0.4375    -0.3125
   220     8     0.0000     3.1282    11.2474     0.1875     0.4375    -0.0625
   221     8     1.8061    -3.1282     1.2497     0.1875    -0.3125     0.1875
   222     8     0.9030    -4.6923     6.2486     0.1875    -0.3125     0.4375
   223     8     3.6121     0.0000    -8.7480     0.1875    -0.3125    -0.3125
   224     8     2.7091    -1.5641    -3.7491     0.1875    -0.3125    -0.0625
   225     8     2.7091    -1.5641    11.2474     0.4375    -0.0625     0.1875
   226     8     1.8061    -3.1282    16.2463     0.4375    -0.0625     0.4375
   227     8     4.5152     1.5641     1.2497     0.4375    -0.0625    -0.3125
   228     8     3.6121    -0.0000     6.2486     0.4375    -0.0625    -0.0625
   229     8     1.8061     0.0000    16.2463     0.4375     0.1875     0.1875
   230     8     0.9030    -1.5641    21.2452     0.4375     0.1875     0.4375
   231     8     3.6121     3.1282     6.2486     0.4375     0.1875    -0.3125
   232     8     2.7091     1.5641    11.2474     0.4375     0.1875    -0.0625
   233     8     0.9030     1.5641    21.2452     0.4375     0.4375     0.1875
   234     8     0.0000     0.0000    26.2440     0.4375     0.4375     0.4375
   235     8     2.7091     4.6923    11.2474     0.4375     0.4375    -0.3125
   236     8     1.8061     3.1282    16.2463     0.4375     0.4375    -0.0625
   237     8     3.6121    -3.1282     6.2486     0.4375    -0.3125     0.1875
   238     8     2.7091    -4.6923    11.2474     0.4375    -0.3125     0.4375
   239     8     5.4182     0.0000    -3.7491     0.4375    -0.3125    -0.3125
   240     8     4.5152    -1.5641     1.2497     0.4375    -0.3125    -0.0625
   241     8    -2.7091    -1.5641    -3.7491    -0.3125    -0.0625     0.1875
   242     8    -3.6121    -3.1282     1.2497    -0.3125    -0.0625     0.4375
   243     8    -0.9030     1.5641   -13.7469    -0.3125    -0.0625    -0.3125
   244     8    -1.8061     0.0000    -8.7480    -0.3125    -0.0625    -0.0625
   245     8    -3.6121     0.0000     1.2497    -0.3125     0.1875     0.1875
   246     8    -4.5152    -1.5641     6.2486    -0.3125     0.1875     0.4375
   247     8    -1.8061     3.1282    -8.7480    -0.3125     0.1875    -0.3125
   248     8    -2.7091     1.5641    -3.7491    -0.3125     0.1875    -0.0625
   249     8    -4.5152     1.5641     6.2486    -0.3125     0.4375     0.1875
   250     8    -5.4182     0.0000    11.2474    -0.3125     0.4375     0.4375
   251     8    -2.7091     4.6923    -3.7491    -0.3125     0.4375    -0.3125
   252     8    -3.6121     3.1282     1.2497    -0.3125     0.4375    -0.0625
   253     8    -1.8061    -3.1282    -8.7480    -0.3125    -0.3125     0.1875
   254     8    -2.7091    -4.6923    -3.7491    -0.3125    -0.3125     0.4375
   255     8    -0.0000     0.0000   -18.7457    -0.3125    -0.3125    -0.3125
   256     8    -0.9030    -1.5641   -13.7469    -0.3125    -0.3125    -0.0625

 **************************** SUPERCELL GENERATED ****************************

 **** ATOMS IN THE SUPERCELL REORDERED FOR PHONON CALCULATION
      ATOMS IN THE SMALL CELL ON TOP

 LABEL AT.NO.      COORDINATES (ANGSTROM)
     1    25     0.0000     0.0000     0.0000
     2     8    -1.8061     0.0000    -1.2497
     3    25     0.0000     0.0000     7.4983
     4     8    -0.9030    -1.5641     1.2497
     5    25    -0.9030     1.5641     4.9989
     6    25    -1.8061     0.0000     9.9977
     7    25    -2.7091    -1.5641    14.9966
     8    25     0.0000     3.1282    -0.0000
     9    25     1.8061    -3.1282    -9.9977
    10    25    -2.7091     1.5641    14.9966
    11    25    -3.6121     0.0000    19.9954
    12    25    -0.9030     4.6923     4.9989
    13    25     0.9030    -1.5641    -4.9989
    14    25     0.0000    -3.1282    -0.0000
    15    25    -0.9030    -4.6923     4.9989
    16    25     1.8061     0.0000    -9.9977
    17    25     1.8061     0.0000     4.9989
    18    25     0.9030    -1.5641     9.9977
    19    25     3.6121     3.1282    -4.9989
    20    25     2.7091     1.5641    -0.0000
    21    25     0.9030     1.5641     9.9977
    22    25     0.0000     0.0000    14.9966
    23    25    -0.9030    -1.5641    19.9954
    24    25     1.8061     3.1282     4.9989
    25    25     3.6121    -3.1282    -4.9989
    26    25    -0.9030     1.5641    19.9954
    27    25    -1.8061     0.0000    24.9943
    28    25     0.9030     4.6923     9.9977
    29    25     2.7091    -1.5641    -0.0000
    30    25     1.8061    -3.1282     4.9989
    31    25     0.9030    -4.6923     9.9977
    32    25     3.6121     0.0000    -4.9989
    33    25    -3.6121     0.0000    -9.9977
    34    25     2.7091    -1.5641    14.9966
    35    25    -5.4182    -3.1282    -0.0000
    36    25     4.5152     1.5641     4.9989
    37    25     2.7091     1.5641    14.9966
    38    25    -5.4182     0.0000    -0.0000
    39    25     4.5152     4.6923     4.9989
    40    25     3.6121     3.1282     9.9977
    41    25    -5.4182     3.1282    -0.0000
    42    25     4.5152    -4.6923     4.9989
    43    25     0.0000     0.0000    29.9932
    44    25    -4.5152     4.6923    -4.9989
    45    25     4.5152    -1.5641     4.9989
    46    25     3.6121    -3.1282     9.9977
    47    25    -4.5152    -4.6923    -4.9989
    48    25    -1.8061     0.0000   -19.9954
    49    25    -1.8061     0.0000    -4.9989
    50    25    -2.7091    -1.5641    -0.0000
    51    25    -0.0000     3.1282   -14.9966
    52    25    -0.9030     1.5641    -9.9977
    53    25    -2.7091     1.5641    -0.0000
    54    25    -3.6121     0.0000     4.9989
    55    25    -0.9030     4.6923    -9.9977
    56    25    -1.8061     3.1282    -4.9989
    57    25    -0.0000    -3.1282   -14.9966
    58    25    -0.9030    -4.6923    -9.9977
    59    25     1.8061     0.0000   -24.9943
    60    25    -2.7091     4.6923    -0.0000
    61    25    -0.9030    -1.5641    -9.9977
    62    25    -1.8061    -3.1282    -4.9989
    63    25    -2.7091    -4.6923    -0.0000
    64    25    -0.0000     0.0000   -14.9966
    65    25    -0.9030    -1.5641     4.9989
    66     8    -2.7091    -1.5641     3.7491
    67     8    -0.0000     3.1282   -11.2474
    68     8    -0.9030     1.5641    -6.2486
    69     8    -2.7091     1.5641     3.7491
    70     8    -3.6121     0.0000     8.7480
    71     8    -0.9030     4.6923    -6.2486
    72     8    -1.8061     3.1282    -1.2497
    73     8    -0.0000    -3.1282   -11.2474
    74     8    -0.9030    -4.6923    -6.2486
    75     8     1.8061     0.0000   -21.2452
    76     8     0.9030    -1.5641   -16.2463
    77     8    -0.9030    -1.5641    -6.2486
    78     8    -1.8061    -3.1282    -1.2497
    79     8     0.9030     1.5641   -16.2463
    80     8    -0.0000     0.0000   -11.2474
    81     8     0.0000     0.0000     3.7491
    82     8    -0.9030    -1.5641     8.7480
    83     8     1.8061     3.1282    -6.2486
    84     8     0.9030     1.5641    -1.2497
    85     8    -0.9030     1.5641     8.7480
    86     8    -1.8061     0.0000    13.7469
    87     8     0.9030     4.6923    -1.2497
    88     8     0.0000     3.1282     3.7491
    89     8     1.8061    -3.1282    -6.2486
    90     8     0.9030    -4.6923    -1.2497
    91     8     3.6121     0.0000   -16.2463
    92     8     2.7091    -1.5641   -11.2474
    93     8     0.9030    -1.5641    -1.2497
    94     8     0.0000    -3.1282     3.7491
    95     8     2.7091     1.5641   -11.2474
    96     8     1.8061     0.0000    -6.2486
    97     8     1.8061     0.0000     8.7480
    98     8     0.9030    -1.5641    13.7469
    99     8     3.6121     3.1282    -1.2497
   100     8     2.7091     1.5641     3.7491
   101     8     0.9030     1.5641    13.7469
   102     8     0.0000     0.0000    18.7457
   103     8     2.7091     4.6923     3.7491
   104     8     1.8061     3.1282     8.7480
   105     8     3.6121    -3.1282    -1.2497
   106     8     2.7091    -4.6923     3.7491
   107     8     5.4182     0.0000   -11.2474
   108     8     4.5152    -1.5641    -6.2486
   109     8     2.7091    -1.5641     3.7491
   110     8     1.8061    -3.1282     8.7480
   111     8     4.5152     1.5641    -6.2486
   112     8     3.6121     0.0000    -1.2497
   113     8    -3.6121     0.0000    -6.2486
   114     8    -4.5152    -1.5641    -1.2497
   115     8    -1.8061     3.1282   -16.2463
   116     8    -2.7091     1.5641   -11.2474
   117     8    -4.5152     1.5641    -1.2497
   118     8    -5.4182     0.0000     3.7491
   119     8    -2.7091     4.6923   -11.2474
   120     8    -3.6121     3.1282    -6.2486
   121     8    -1.8061    -3.1282   -16.2463
   122     8    -2.7091    -4.6923   -11.2474
   123     8    -0.0000     0.0000   -26.2440
   124     8    -0.9030    -1.5641   -21.2452
   125     8    -2.7091    -1.5641   -11.2474
   126     8    -3.6121    -3.1282    -6.2486
   127     8    -0.9030     1.5641   -21.2452
   128     8    -1.8061     0.0000   -16.2463
   129    25     1.8061     3.1282    -9.9977
   130    25    -0.9030    -1.5641    12.4971
   131    25     1.8061     3.1282    -2.4994
   132    25     0.9030     1.5641     2.4994
   133    25    -0.9030     1.5641    12.4971
   134    25    -1.8061     0.0000    17.4960
   135    25     0.9030     4.6923     2.4994
   136    25     0.0000     3.1282     7.4983
   137    25     1.8061    -3.1282    -2.4994
   138    25     0.9030    -4.6923     2.4994
   139    25     3.6121     0.0000   -12.4971
   140    25     2.7091    -1.5641    -7.4983
   141    25     0.9030    -1.5641     2.4994
   142    25     0.0000    -3.1282     7.4983
   143    25     2.7091     1.5641    -7.4983
   144    25     1.8061     0.0000    -2.4994
   145    25     1.8061     0.0000    12.4971
   146    25     0.9030    -1.5641    17.4960
   147    25     3.6121     3.1282     2.4994
   148    25     2.7091     1.5641     7.4983
   149    25     0.9030     1.5641    17.4960
   150    25     0.0000     0.0000    22.4949
   151    25     2.7091     4.6923     7.4983
   152    25     1.8061     3.1282    12.4971
   153    25     3.6121    -3.1282     2.4994
   154    25     2.7091    -4.6923     7.4983
   155    25     5.4182     0.0000    -7.4983
   156    25     4.5152    -1.5641    -2.4994
   157    25     2.7091    -1.5641     7.4983
   158    25     1.8061    -3.1282    12.4971
   159    25     4.5152     1.5641    -2.4994
   160    25     3.6121     0.0000     2.4994
   161    25    -3.6121     0.0000    -2.4994
   162    25    -4.5152    -1.5641     2.4994
   163    25    -1.8061     3.1282   -12.4971
   164    25    -2.7091     1.5641    -7.4983
   165    25    -4.5152     1.5641     2.4994
   166    25    -5.4182     0.0000     7.4983
   167    25    -2.7091     4.6923    -7.4983
   168    25    -3.6121     3.1282    -2.4994
   169    25    -1.8061    -3.1282   -12.4971
   170    25    -2.7091    -4.6923    -7.4983
   171    25    -0.0000     0.0000   -22.4949
   172    25    -0.9030    -1.5641   -17.4960
   173    25    -2.7091    -1.5641    -7.4983
   174    25    -3.6121    -3.1282    -2.4994
   175    25    -0.9030     1.5641   -17.4960
   176    25    -1.8061     0.0000   -12.4971
   177    25    -1.8061     0.0000     2.4994
   178    25    -2.7091    -1.5641     7.4983
   179    25    -0.0000     3.1282    -7.4983
   180    25    -0.9030     1.5641    -2.4994
   181    25    -2.7091     1.5641     7.4983
   182    25    -3.6121     0.0000    12.4971
   183    25    -0.9030     4.6923    -2.4994
   184    25    -1.8061     3.1282     2.4994
   185    25    -0.0000    -3.1282    -7.4983
   186    25    -0.9030    -4.6923    -2.4994
   187    25     1.8061     0.0000   -17.4960
   188    25     0.9030    -1.5641   -12.4971
   189    25    -0.9030    -1.5641    -2.4994
   190    25    -1.8061    -3.1282     2.4994
   191    25     0.9030     1.5641   -12.4971
   192    25    -0.0000     0.0000    -7.4983
   193    25     0.9030     1.5641    -4.9989
   194     8    -1.8061    -3.1282     6.2486
   195     8     0.9030     1.5641    -8.7480
   196     8    -0.0000     0.0000    -3.7491
   197     8    -1.8061     0.0000     6.2486
   198     8    -2.7091    -1.5641    11.2474
   199     8    -0.0000     3.1282    -3.7491
   200     8    -0.9030     1.5641     1.2497
   201     8    -2.7091     1.5641    11.2474
   202     8    -3.6121     0.0000    16.2463
   203     8    -0.9030     4.6923     1.2497
   204     8    -1.8061     3.1282     6.2486
   205     8    -0.0000    -3.1282    -3.7491
   206     8    -0.9030    -4.6923     1.2497
   207     8     1.8061     0.0000   -13.7469
   208     8     0.9030    -1.5641    -8.7480
   209     8     0.9030    -1.5641     6.2486
   210     8     0.0000    -3.1282    11.2474
   211     8     2.7091     1.5641    -3.7491
   212     8     1.8061    -0.0000     1.2497
   213     8     0.0000     0.0000    11.2474
   214     8    -0.9030    -1.5641    16.2463
   215     8     1.8061     3.1282     1.2497
   216     8     0.9030     1.5641     6.2486
   217     8    -0.9030     1.5641    16.2463
   218     8    -1.8061     0.0000    21.2452
   219     8     0.9030     4.6923     6.2486
   220     8     0.0000     3.1282    11.2474
   221     8     1.8061    -3.1282     1.2497
   222     8     0.9030    -4.6923     6.2486
   223     8     3.6121     0.0000    -8.7480
   224     8     2.7091    -1.5641    -3.7491
   225     8     2.7091    -1.5641    11.2474
   226     8     1.8061    -3.1282    16.2463
   227     8     4.5152     1.5641     1.2497
   228     8     3.6121    -0.0000     6.2486
   229     8     1.8061     0.0000    16.2463
   230     8     0.9030    -1.5641    21.2452
   231     8     3.6121     3.1282     6.2486
   232     8     2.7091     1.5641    11.2474
   233     8     0.9030     1.5641    21.2452
   234     8     0.0000     0.0000    26.2440
   235     8     2.7091     4.6923    11.2474
   236     8     1.8061     3.1282    16.2463
   237     8     3.6121    -3.1282     6.2486
   238     8     2.7091    -4.6923    11.2474
   239     8     5.4182     0.0000    -3.7491
   240     8     4.5152    -1.5641     1.2497
   241     8    -2.7091    -1.5641    -3.7491
   242     8    -3.6121    -3.1282     1.2497
   243     8    -0.9030     1.5641   -13.7469
   244     8    -1.8061     0.0000    -8.7480
   245     8    -3.6121     0.0000     1.2497
   246     8    -4.5152    -1.5641     6.2486
   247     8    -1.8061     3.1282    -8.7480
   248     8    -2.7091     1.5641    -3.7491
   249     8    -4.5152     1.5641     6.2486
   250     8    -5.4182     0.0000    11.2474
   251     8    -2.7091     4.6923    -3.7491
   252     8    -3.6121     3.1282     1.2497
   253     8    -1.8061    -3.1282    -8.7480
   254     8    -2.7091    -4.6923    -3.7491
   255     8    -0.0000     0.0000   -18.7457
   256     8    -0.9030    -1.5641   -13.7469

 GCALCO - MAX INDICES DIRECT LATTICE VECTOR    14    14    14
 NO.OF VECTORS CREATED 6999 STARS  512 RMAX   314.75541 BOHR

 GEOMETRY FOR WAVE FUNCTION - DIMENSIONALITY OF THE SYSTEM    3
 (NON PERIODIC DIRECTION: LATTICE PARAMETER FORMALLY SET TO 500)
 *******************************************************************************
 LATTICE PARAMETERS (ANGSTROMS AND DEGREES) - BOHR = 0.5291772083 ANGSTROM
 PRIMITIVE CELL - CENTRING CODE 1/0 VOLUME=  2711.241445 - DENSITY  5.561 g/cm^3
         A              B              C           ALPHA      BETA       GAMMA 
    21.26046368    21.26046368    21.26046368    34.227911  34.227911  34.227911
 *******************************************************************************
 ATOMS IN THE ASYMMETRIC UNIT   80 - ATOMS IN THE UNIT CELL:  256
     ATOM                 X/A                 Y/B                 Z/C    
 *******************************************************************************
      1 T  25 MN    0.000000000000E+00  0.000000000000E+00  0.000000000000E+00
      2 T   8 O    -1.875000000000E-01  6.250000000000E-02  6.250000000000E-02
      3 T  25 MN    1.250000000000E-01  1.250000000000E-01  1.250000000000E-01
      4 T   8 O    -6.250000000002E-02 -6.250000000000E-02  1.875000000000E-01
      5 T  25 MN   -1.387778780781E-17  2.500000000000E-01  0.000000000000E+00
      6 T  25 MN    5.551115123126E-17  2.500000000000E-01  2.500000000000E-01
      7 T  25 MN   -2.775557561563E-17  2.500000000000E-01 -5.000000000000E-01
      8 T  25 MN    4.575051681200E-17  2.500000000000E-01 -2.500000000000E-01
      9 T  25 MN    0.000000000000E+00 -5.000000000000E-01  0.000000000000E+00
     10 F  25 MN   -2.775557561563E-17 -5.000000000000E-01  2.500000000000E-01
     11 T  25 MN    1.110223024625E-16 -5.000000000000E-01 -5.000000000000E-01
     12 T  25 MN   -1.387778780781E-17 -5.000000000000E-01 -2.500000000000E-01
     13 T  25 MN    5.551115123126E-17 -2.500000000000E-01 -2.775557561563E-17
     14 F  25 MN    4.575051681200E-17 -2.500000000000E-01  2.500000000000E-01
     15 F  25 MN    0.000000000000E+00 -2.500000000000E-01 -5.000000000000E-01
     16 T  25 MN    1.110223024625E-16 -2.500000000000E-01 -2.500000000000E-01
     17 F  25 MN    2.500000000000E-01  0.000000000000E+00  0.000000000000E+00
     18 F  25 MN    2.500000000000E-01 -8.326672684689E-17  2.500000000000E-01
     19 F  25 MN    2.500000000000E-01  0.000000000000E+00 -5.000000000000E-01
     20 F  25 MN    2.500000000000E-01 -5.730373029040E-17 -2.500000000000E-01
     21 F  25 MN    2.500000000000E-01  2.500000000000E-01  0.000000000000E+00
     22 T  25 MN    2.500000000000E-01  2.500000000000E-01  2.500000000000E-01
     23 T  25 MN    2.500000000000E-01  2.500000000000E-01 -5.000000000000E-01
     24 T  25 MN    2.500000000000E-01  2.500000000000E-01 -2.500000000000E-01
     25 F  25 MN    2.500000000000E-01 -5.000000000000E-01 -5.551115123126E-17
     26 F  25 MN    2.500000000000E-01  5.000000000000E-01  2.500000000000E-01
     27 T  25 MN    2.500000000000E-01 -5.000000000000E-01 -5.000000000000E-01
     28 T  25 MN    2.500000000000E-01 -5.000000000000E-01 -2.500000000000E-01
     29 F  25 MN    2.500000000000E-01 -2.500000000000E-01 -9.765850679579E-18
     30 F  25 MN    2.500000000000E-01 -2.500000000000E-01  2.500000000000E-01
     31 F  25 MN    2.500000000000E-01 -2.500000000000E-01 -5.000000000000E-01
     32 T  25 MN    2.500000000000E-01 -2.500000000000E-01 -2.500000000000E-01
     33 F  25 MN   -5.000000000000E-01  0.000000000000E+00  0.000000000000E+00
     34 F  25 MN   -5.000000000000E-01 -1.665334536938E-16  2.500000000000E-01
     35 F  25 MN   -5.000000000000E-01 -1.110223024625E-16 -5.000000000000E-01
     36 F  25 MN   -5.000000000000E-01 -9.714451465470E-17 -2.500000000000E-01
     37 F  25 MN    5.000000000000E-01  2.500000000000E-01 -5.551115123126E-17
     38 F  25 MN    5.000000000000E-01  2.500000000000E-01  2.500000000000E-01
     39 F  25 MN   -5.000000000000E-01  2.500000000000E-01 -5.000000000000E-01
     40 F  25 MN   -5.000000000000E-01  2.500000000000E-01 -2.500000000000E-01
     41 F  25 MN   -5.000000000000E-01 -5.000000000000E-01 -5.551115123126E-17
     42 F  25 MN    5.000000000000E-01 -5.000000000000E-01  2.500000000000E-01
     43 T  25 MN    5.000000000000E-01  5.000000000000E-01  5.000000000000E-01
     44 T  25 MN   -5.000000000000E-01  5.000000000000E-01 -2.500000000000E-01
     45 F  25 MN    5.000000000000E-01 -2.500000000000E-01  0.000000000000E+00
     46 F  25 MN   -5.000000000000E-01 -2.500000000000E-01  2.500000000000E-01
     47 F  25 MN   -5.000000000000E-01 -2.500000000000E-01  5.000000000000E-01
     48 T  25 MN   -5.000000000000E-01 -2.500000000000E-01 -2.500000000000E-01
     49 F  25 MN   -2.500000000000E-01  2.775557561563E-17  2.775557561563E-17
     50 F  25 MN   -2.500000000000E-01 -8.685188496516E-17  2.500000000000E-01
     51 F  25 MN   -2.500000000000E-01  6.938893903907E-17 -5.000000000000E-01
     52 F  25 MN   -2.500000000000E-01  8.326672684689E-17 -2.500000000000E-01
     53 F  25 MN   -2.500000000000E-01  2.500000000000E-01 -4.743658217669E-17
     54 F  25 MN   -2.500000000000E-01  2.500000000000E-01  2.500000000000E-01
     55 F  25 MN   -2.500000000000E-01  2.500000000000E-01 -5.000000000000E-01
     56 F  25 MN   -2.500000000000E-01  2.500000000000E-01 -2.500000000000E-01
     57 F  25 MN   -2.500000000000E-01 -5.000000000000E-01  6.938893903907E-17
     58 F  25 MN   -2.500000000000E-01 -5.000000000000E-01  2.500000000000E-01
     59 F  25 MN   -2.500000000000E-01 -5.000000000000E-01 -5.000000000000E-01
     60 F  25 MN   -2.500000000000E-01 -5.000000000000E-01 -2.500000000000E-01
     61 F  25 MN   -2.500000000000E-01 -2.500000000000E-01  0.000000000000E+00
     62 F  25 MN   -2.500000000000E-01 -2.500000000000E-01  2.500000000000E-01
     63 F  25 MN   -2.500000000000E-01 -2.500000000000E-01 -5.000000000000E-01
     64 T  25 MN   -2.500000000000E-01 -2.500000000000E-01 -2.500000000000E-01
     65 F  25 MN   -1.387778780781E-17  0.000000000000E+00  2.500000000000E-01
     66 T   8 O    -1.875000000000E-01  6.250000000000E-02  3.125000000000E-01
     67 T   8 O    -1.875000000000E-01  6.250000000000E-02 -4.375000000000E-01
     68 T   8 O    -1.875000000000E-01  6.250000000000E-02 -1.875000000000E-01
     69 F   8 O    -1.875000000000E-01  3.125000000000E-01  6.250000000000E-02
     70 T   8 O    -1.875000000000E-01  3.125000000000E-01  3.125000000000E-01
     71 T   8 O    -1.875000000000E-01  3.125000000000E-01 -4.375000000000E-01
     72 T   8 O    -1.875000000000E-01  3.125000000000E-01 -1.875000000000E-01
     73 F   8 O    -1.875000000000E-01 -4.375000000000E-01  6.250000000000E-02
     74 F   8 O    -1.875000000000E-01 -4.375000000000E-01  3.125000000000E-01
     75 T   8 O    -1.875000000000E-01 -4.375000000000E-01 -4.375000000000E-01
     76 T   8 O    -1.875000000000E-01 -4.375000000000E-01 -1.875000000000E-01
     77 F   8 O    -1.875000000000E-01 -1.875000000000E-01  6.250000000000E-02
     78 F   8 O    -1.875000000000E-01 -1.875000000000E-01  3.125000000000E-01
     79 F   8 O    -1.875000000000E-01 -1.875000000000E-01 -4.375000000000E-01
     80 T   8 O    -1.875000000000E-01 -1.875000000000E-01 -1.875000000000E-01
     81 T   8 O     6.250000000002E-02  6.250000000000E-02  6.250000000000E-02
     82 T   8 O     6.250000000002E-02  6.250000000000E-02  3.125000000000E-01
     83 T   8 O     6.250000000002E-02  6.250000000000E-02 -4.375000000000E-01
     84 F   8 O     6.250000000002E-02  6.250000000000E-02 -1.875000000000E-01
     85 F   8 O     6.250000000002E-02  3.125000000000E-01  6.250000000000E-02
     86 T   8 O     6.250000000002E-02  3.125000000000E-01  3.125000000000E-01
     87 T   8 O     6.250000000002E-02  3.125000000000E-01 -4.375000000000E-01
     88 F   8 O     6.250000000002E-02  3.125000000000E-01 -1.875000000000E-01
     89 F   8 O     6.250000000002E-02 -4.375000000000E-01  6.250000000000E-02
     90 F   8 O     6.250000000002E-02 -4.375000000000E-01  3.125000000000E-01
     91 T   8 O     6.250000000002E-02 -4.375000000000E-01 -4.375000000000E-01
     92 F   8 O     6.250000000002E-02 -4.375000000000E-01 -1.875000000000E-01
     93 F   8 O     6.250000000002E-02 -1.875000000000E-01  6.250000000000E-02
     94 F   8 O     6.250000000002E-02 -1.875000000000E-01  3.125000000000E-01
     95 F   8 O     6.250000000002E-02 -1.875000000000E-01 -4.375000000000E-01
     96 F   8 O     6.250000000002E-02 -1.875000000000E-01 -1.875000000000E-01
     97 F   8 O     3.125000000000E-01  6.250000000000E-02  6.250000000000E-02
     98 F   8 O     3.125000000000E-01  6.250000000000E-02  3.125000000000E-01
     99 F   8 O     3.125000000000E-01  6.250000000000E-02 -4.375000000000E-01
    100 F   8 O     3.125000000000E-01  6.250000000000E-02 -1.875000000000E-01
    101 F   8 O     3.125000000000E-01  3.125000000000E-01  6.250000000000E-02
    102 T   8 O     3.125000000000E-01  3.125000000000E-01  3.125000000000E-01
    103 T   8 O     3.125000000000E-01  3.125000000000E-01 -4.375000000000E-01
    104 F   8 O     3.125000000000E-01  3.125000000000E-01 -1.875000000000E-01
    105 F   8 O     3.125000000000E-01 -4.375000000000E-01  6.250000000000E-02
    106 F   8 O     3.125000000000E-01 -4.375000000000E-01  3.125000000000E-01
    107 T   8 O     3.125000000000E-01 -4.375000000000E-01 -4.375000000000E-01
    108 F   8 O     3.125000000000E-01 -4.375000000000E-01 -1.875000000000E-01
    109 F   8 O     3.125000000000E-01 -1.875000000000E-01  6.250000000000E-02
    110 F   8 O     3.125000000000E-01 -1.875000000000E-01  3.125000000000E-01
    111 F   8 O     3.125000000000E-01 -1.875000000000E-01 -4.375000000000E-01
    112 F   8 O     3.125000000000E-01 -1.875000000000E-01 -1.875000000000E-01
    113 F   8 O    -4.375000000000E-01  6.250000000000E-02  6.250000000000E-02
    114 F   8 O    -4.375000000000E-01  6.250000000000E-02  3.125000000000E-01
    115 F   8 O    -4.375000000000E-01  6.250000000000E-02 -4.375000000000E-01
    116 F   8 O    -4.375000000000E-01  6.250000000000E-02 -1.875000000000E-01
    117 F   8 O    -4.375000000000E-01  3.125000000000E-01  6.250000000000E-02
    118 F   8 O    -4.375000000000E-01  3.125000000000E-01  3.125000000000E-01
    119 F   8 O    -4.375000000000E-01  3.125000000000E-01 -4.375000000000E-01
    120 F   8 O    -4.375000000000E-01  3.125000000000E-01 -1.875000000000E-01
    121 F   8 O    -4.375000000000E-01 -4.375000000000E-01  6.250000000000E-02
    122 F   8 O    -4.375000000000E-01 -4.375000000000E-01  3.125000000000E-01
    123 T   8 O    -4.375000000000E-01 -4.375000000000E-01 -4.375000000000E-01
    124 F   8 O    -4.375000000000E-01 -4.375000000000E-01 -1.875000000000E-01
    125 F   8 O    -4.375000000000E-01 -1.875000000000E-01  6.250000000000E-02
    126 F   8 O    -4.375000000000E-01 -1.875000000000E-01  3.125000000000E-01
    127 F   8 O    -4.375000000000E-01 -1.875000000000E-01 -4.375000000000E-01
    128 F   8 O    -4.375000000000E-01 -1.875000000000E-01 -1.875000000000E-01
    129 F  25 MN    0.000000000000E+00  0.000000000000E+00 -5.000000000000E-01
    130 T  25 MN    1.250000000000E-01  1.250000000000E-01  3.750000000000E-01
    131 T  25 MN    1.250000000000E-01  1.250000000000E-01 -3.750000000000E-01
    132 T  25 MN    1.250000000000E-01  1.250000000000E-01 -1.250000000000E-01
    133 F  25 MN    1.250000000000E-01  3.750000000000E-01  1.250000000000E-01
    134 T  25 MN    1.250000000000E-01  3.750000000000E-01  3.750000000000E-01
    135 T  25 MN    1.250000000000E-01  3.750000000000E-01 -3.750000000000E-01
    136 T  25 MN    1.250000000000E-01  3.750000000000E-01 -1.250000000000E-01
    137 F  25 MN    1.250000000000E-01 -3.750000000000E-01  1.250000000000E-01
    138 F  25 MN    1.250000000000E-01 -3.750000000000E-01  3.750000000000E-01
    139 T  25 MN    1.250000000000E-01 -3.750000000000E-01 -3.750000000000E-01
    140 T  25 MN    1.250000000000E-01 -3.750000000000E-01 -1.250000000000E-01
    141 F  25 MN    1.250000000000E-01 -1.250000000000E-01  1.250000000000E-01
    142 F  25 MN    1.250000000000E-01 -1.250000000000E-01  3.750000000000E-01
    143 F  25 MN    1.250000000000E-01 -1.250000000000E-01 -3.750000000000E-01
    144 T  25 MN    1.250000000000E-01 -1.250000000000E-01 -1.250000000000E-01
    145 F  25 MN    3.750000000000E-01  1.250000000000E-01  1.250000000000E-01
    146 F  25 MN    3.750000000000E-01  1.250000000000E-01  3.750000000000E-01
    147 F  25 MN    3.750000000000E-01  1.250000000000E-01 -3.750000000000E-01
    148 F  25 MN    3.750000000000E-01  1.250000000000E-01 -1.250000000000E-01
    149 F  25 MN    3.750000000000E-01  3.750000000000E-01  1.250000000000E-01
    150 T  25 MN    3.750000000000E-01  3.750000000000E-01  3.750000000000E-01
    151 T  25 MN    3.750000000000E-01  3.750000000000E-01 -3.750000000000E-01
    152 T  25 MN    3.750000000000E-01  3.750000000000E-01 -1.250000000000E-01
    153 F  25 MN    3.750000000000E-01 -3.750000000000E-01  1.250000000000E-01
    154 F  25 MN    3.750000000000E-01 -3.750000000000E-01  3.750000000000E-01
    155 T  25 MN    3.750000000000E-01 -3.750000000000E-01 -3.750000000000E-01
    156 T  25 MN    3.750000000000E-01 -3.750000000000E-01 -1.250000000000E-01
    157 F  25 MN    3.750000000000E-01 -1.250000000000E-01  1.250000000000E-01
    158 F  25 MN    3.750000000000E-01 -1.250000000000E-01  3.750000000000E-01
    159 F  25 MN    3.750000000000E-01 -1.250000000000E-01 -3.750000000000E-01
    160 T  25 MN    3.750000000000E-01 -1.250000000000E-01 -1.250000000000E-01
    161 F  25 MN   -3.750000000000E-01  1.250000000000E-01  1.250000000000E-01
    162 F  25 MN   -3.750000000000E-01  1.250000000000E-01  3.750000000000E-01
    163 F  25 MN   -3.750000000000E-01  1.250000000000E-01 -3.750000000000E-01
    164 F  25 MN   -3.750000000000E-01  1.250000000000E-01 -1.250000000000E-01
    165 F  25 MN   -3.750000000000E-01  3.750000000000E-01  1.250000000000E-01
    166 F  25 MN   -3.750000000000E-01  3.750000000000E-01  3.750000000000E-01
    167 F  25 MN   -3.750000000000E-01  3.750000000000E-01 -3.750000000000E-01
    168 F  25 MN   -3.750000000000E-01  3.750000000000E-01 -1.250000000000E-01
    169 F  25 MN   -3.750000000000E-01 -3.750000000000E-01  1.250000000000E-01
    170 F  25 MN   -3.750000000000E-01 -3.750000000000E-01  3.750000000000E-01
    171 T  25 MN   -3.750000000000E-01 -3.750000000000E-01 -3.750000000000E-01
    172 T  25 MN   -3.750000000000E-01 -3.750000000000E-01 -1.250000000000E-01
    173 F  25 MN   -3.750000000000E-01 -1.250000000000E-01  1.250000000000E-01
    174 F  25 MN   -3.750000000000E-01 -1.250000000000E-01  3.750000000000E-01
    175 F  25 MN   -3.750000000000E-01 -1.250000000000E-01 -3.750000000000E-01
    176 T  25 MN   -3.750000000000E-01 -1.250000000000E-01 -1.250000000000E-01
    177 F  25 MN   -1.250000000000E-01  1.250000000000E-01  1.250000000000E-01
    178 F  25 MN   -1.250000000000E-01  1.250000000000E-01  3.750000000000E-01
    179 F  25 MN   -1.250000000000E-01  1.250000000000E-01 -3.750000000000E-01
    180 F  25 MN   -1.250000000000E-01  1.250000000000E-01 -1.250000000000E-01
    181 F  25 MN   -1.250000000000E-01  3.750000000000E-01  1.250000000000E-01
    182 F  25 MN   -1.250000000000E-01  3.750000000000E-01  3.750000000000E-01
    183 F  25 MN   -1.250000000000E-01  3.750000000000E-01 -3.750000000000E-01
    184 F  25 MN   -1.250000000000E-01  3.750000000000E-01 -1.250000000000E-01
    185 F  25 MN   -1.250000000000E-01 -3.750000000000E-01  1.250000000000E-01
    186 F  25 MN   -1.250000000000E-01 -3.750000000000E-01  3.750000000000E-01
    187 F  25 MN   -1.250000000000E-01 -3.750000000000E-01 -3.750000000000E-01
    188 F  25 MN   -1.250000000000E-01 -3.750000000000E-01 -1.250000000000E-01
    189 F  25 MN   -1.250000000000E-01 -1.250000000000E-01  1.250000000000E-01
    190 F  25 MN   -1.250000000000E-01 -1.250000000000E-01  3.750000000000E-01
    191 F  25 MN   -1.250000000000E-01 -1.250000000000E-01 -3.750000000000E-01
    192 T  25 MN   -1.250000000000E-01 -1.250000000000E-01 -1.250000000000E-01
    193 F  25 MN    2.775557561563E-17 -2.775557561563E-17 -2.500000000000E-01
    194 T   8 O    -6.250000000002E-02 -6.250000000000E-02  4.375000000000E-01
    195 T   8 O    -6.250000000002E-02 -6.250000000000E-02 -3.125000000000E-01
    196 T   8 O    -6.250000000002E-02 -6.250000000000E-02 -6.250000000000E-02
    197 T   8 O    -6.250000000002E-02  1.875000000000E-01  1.875000000000E-01
    198 T   8 O    -6.250000000002E-02  1.875000000000E-01  4.375000000000E-01
    199 T   8 O    -6.250000000002E-02  1.875000000000E-01 -3.125000000000E-01
    200 F   8 O    -6.250000000002E-02  1.875000000000E-01 -6.250000000000E-02
    201 F   8 O    -6.250000000002E-02  4.375000000000E-01  1.875000000000E-01
    202 T   8 O    -6.250000000002E-02  4.375000000000E-01  4.375000000000E-01
    203 T   8 O    -6.250000000002E-02  4.375000000000E-01 -3.125000000000E-01
    204 F   8 O    -6.250000000002E-02  4.375000000000E-01 -6.250000000000E-02
    205 F   8 O    -6.250000000002E-02 -3.125000000000E-01  1.875000000000E-01
    206 F   8 O    -6.250000000002E-02 -3.125000000000E-01  4.375000000000E-01
    207 T   8 O    -6.250000000002E-02 -3.125000000000E-01 -3.125000000000E-01
    208 F   8 O    -6.250000000002E-02 -3.125000000000E-01 -6.250000000000E-02
    209 F   8 O     1.875000000000E-01 -6.250000000000E-02  1.875000000000E-01
    210 F   8 O     1.875000000000E-01 -6.250000000000E-02  4.375000000000E-01
    211 F   8 O     1.875000000000E-01 -6.250000000000E-02 -3.125000000000E-01
    212 F   8 O     1.875000000000E-01 -6.250000000000E-02 -6.250000000000E-02
    213 T   8 O     1.875000000000E-01  1.875000000000E-01  1.875000000000E-01
    214 T   8 O     1.875000000000E-01  1.875000000000E-01  4.375000000000E-01
    215 T   8 O     1.875000000000E-01  1.875000000000E-01 -3.125000000000E-01
    216 F   8 O     1.875000000000E-01  1.875000000000E-01 -6.250000000000E-02
    217 F   8 O     1.875000000000E-01  4.375000000000E-01  1.875000000000E-01
    218 T   8 O     1.875000000000E-01  4.375000000000E-01  4.375000000000E-01
    219 T   8 O     1.875000000000E-01  4.375000000000E-01 -3.125000000000E-01
    220 F   8 O     1.875000000000E-01  4.375000000000E-01 -6.250000000000E-02
    221 F   8 O     1.875000000000E-01 -3.125000000000E-01  1.875000000000E-01
    222 F   8 O     1.875000000000E-01 -3.125000000000E-01  4.375000000000E-01
    223 T   8 O     1.875000000000E-01 -3.125000000000E-01 -3.125000000000E-01
    224 F   8 O     1.875000000000E-01 -3.125000000000E-01 -6.250000000000E-02
    225 F   8 O     4.375000000000E-01 -6.250000000000E-02  1.875000000000E-01
    226 F   8 O     4.375000000000E-01 -6.250000000000E-02  4.375000000000E-01
    227 F   8 O     4.375000000000E-01 -6.250000000000E-02 -3.125000000000E-01
    228 F   8 O     4.375000000000E-01 -6.250000000000E-02 -6.250000000000E-02
    229 F   8 O     4.375000000000E-01  1.875000000000E-01  1.875000000000E-01
    230 F   8 O     4.375000000000E-01  1.875000000000E-01  4.375000000000E-01
    231 F   8 O     4.375000000000E-01  1.875000000000E-01 -3.125000000000E-01
    232 F   8 O     4.375000000000E-01  1.875000000000E-01 -6.250000000000E-02
    233 F   8 O     4.375000000000E-01  4.375000000000E-01  1.875000000000E-01
    234 T   8 O     4.375000000000E-01  4.375000000000E-01  4.375000000000E-01
    235 T   8 O     4.375000000000E-01  4.375000000000E-01 -3.125000000000E-01
    236 F   8 O     4.375000000000E-01  4.375000000000E-01 -6.250000000000E-02
    237 F   8 O     4.375000000000E-01 -3.125000000000E-01  1.875000000000E-01
    238 F   8 O     4.375000000000E-01 -3.125000000000E-01  4.375000000000E-01
    239 T   8 O     4.375000000000E-01 -3.125000000000E-01 -3.125000000000E-01
    240 F   8 O     4.375000000000E-01 -3.125000000000E-01 -6.250000000000E-02
    241 F   8 O    -3.125000000000E-01 -6.250000000000E-02  1.875000000000E-01
    242 F   8 O    -3.125000000000E-01 -6.250000000000E-02  4.375000000000E-01
    243 F   8 O    -3.125000000000E-01 -6.250000000000E-02 -3.125000000000E-01
    244 F   8 O    -3.125000000000E-01 -6.250000000000E-02 -6.250000000000E-02
    245 F   8 O    -3.125000000000E-01  1.875000000000E-01  1.875000000000E-01
    246 F   8 O    -3.125000000000E-01  1.875000000000E-01  4.375000000000E-01
    247 F   8 O    -3.125000000000E-01  1.875000000000E-01 -3.125000000000E-01
    248 F   8 O    -3.125000000000E-01  1.875000000000E-01 -6.250000000000E-02
    249 F   8 O    -3.125000000000E-01  4.375000000000E-01  1.875000000000E-01
    250 F   8 O    -3.125000000000E-01  4.375000000000E-01  4.375000000000E-01
    251 F   8 O    -3.125000000000E-01  4.375000000000E-01 -3.125000000000E-01
    252 F   8 O    -3.125000000000E-01  4.375000000000E-01 -6.250000000000E-02
    253 F   8 O    -3.125000000000E-01 -3.125000000000E-01  1.875000000000E-01
    254 F   8 O    -3.125000000000E-01 -3.125000000000E-01  4.375000000000E-01
    255 T   8 O    -3.125000000000E-01 -3.125000000000E-01 -3.125000000000E-01
    256 F   8 O    -3.125000000000E-01 -3.125000000000E-01 -6.250000000000E-02

 T = ATOM BELONGING TO THE ASYMMETRIC UNIT

 ****    6 SYMMOPS - TRANSLATORS IN FRACTIONAL UNITS
 **** MATRICES AND TRANSLATORS IN THE CRYSTALLOGRAPHIC REFERENCE FRAME
   V INV                    ROTATION MATRICES                   TRANSLATORS
   1   1  1.00  0.00  0.00  0.00  1.00  0.00  0.00  0.00  1.00  0.00  0.00  0.00
   2   3 -0.00  0.00  1.00  1.00 -0.00  0.00 -0.00  1.00  0.00  0.00  0.00  0.00
   3   2 -0.00  1.00  0.00 -0.00  0.00  1.00  1.00  0.00 -0.00  0.00  0.00  0.00
   4   4 -0.00  1.00  0.00  1.00  0.00 -0.00 -0.00  0.00  1.00  0.00  0.00  0.00
   5   5  1.00 -0.00 -0.00  0.00  0.00  1.00  0.00  1.00  0.00  0.00  0.00  0.00
   6   6 -0.00  0.00  1.00 -0.00  1.00  0.00  1.00 -0.00  0.00  0.00  0.00  0.00

 DIRECT LATTICE VECTORS CARTESIAN COMPONENTS (ANGSTROM)
          X                    Y                    Z
   0.722424875728E+01   0.000000000000E+00   0.199954381243E+02
  -0.361212437864E+01   0.625638294704E+01   0.199954381243E+02
  -0.361212437864E+01  -0.625638294704E+01   0.199954381243E+02


 CARTESIAN COORDINATES - PRIMITIVE CELL
 *******************************************************************************
 *      ATOM          X(ANGSTROM)         Y(ANGSTROM)         Z(ANGSTROM)
 *******************************************************************************
    1    25 MN    0.000000000000E+00  0.000000000000E+00  0.000000000000E+00
    2     8 O    -1.806062189319E+00  0.000000000000E+00 -1.249714882767E+00
    3    25 MN    1.000050535680E-12  0.000000000000E+00  7.498289296605E+00
    4     8 O    -9.030310946597E-01 -1.564095736760E+00  1.249714882767E+00
    5    25 MN   -9.030310946590E-01  1.564095736760E+00  4.998859531070E+00
    6    25 MN   -1.806062189318E+00  0.000000000000E+00  9.997719062140E+00
    7    25 MN   -2.709093283977E+00 -1.564095736760E+00  1.499657859321E+01
    8    25 MN    1.175009441523E-15  3.128191473520E+00 -3.760030212874E-15
    9    25 MN   -1.806062189318E+00  3.128191473520E+00  9.997719062140E+00
   10    25 MN   -2.709093283977E+00  1.564095736760E+00  1.499657859321E+01
   11    25 MN   -3.612124378636E+00  0.000000000000E+00  1.999543812428E+01
   12    25 MN   -9.030310946590E-01  4.692287210280E+00  4.998859531070E+00
   13    25 MN    9.030310946590E-01 -1.564095736760E+00 -4.998859531070E+00
   14    25 MN    1.175009441523E-15 -3.128191473520E+00 -3.760030212874E-15
   15    25 MN   -9.030310946590E-01 -4.692287210280E+00  4.998859531070E+00
   16    25 MN    1.806062189318E+00  0.000000000000E+00 -9.997719062140E+00
   17    25 MN    1.806062189320E+00  0.000000000000E+00  4.998859531070E+00
   18    25 MN    9.030310946610E-01 -1.564095736760E+00  9.997719062140E+00
   19    25 MN    2.000101071361E-12 -3.128191473520E+00  1.499657859321E+01
   20    25 MN    2.709093283979E+00  1.564095736760E+00 -9.400075532184E-16
   21    25 MN    9.030310946610E-01  1.564095736760E+00  9.997719062140E+00
   22    25 MN    2.000101071361E-12  0.000000000000E+00  1.499657859321E+01
   23    25 MN   -9.030310946570E-01 -1.564095736760E+00  1.999543812428E+01
   24    25 MN    1.806062189320E+00  3.128191473520E+00  4.998859531070E+00
   25    25 MN    2.000151199656E-12  3.128191473520E+00  1.499657859321E+01
   26    25 MN   -9.030310946570E-01  1.564095736760E+00  1.999543812428E+01
   27    25 MN   -1.806062189316E+00  0.000000000000E+00  2.499429765535E+01
   28    25 MN    9.030310946610E-01  4.692287210280E+00  9.997719062140E+00
   29    25 MN    2.709093283979E+00 -1.564095736760E+00 -5.858173889832E-16
   30    25 MN    1.806062189320E+00 -3.128191473520E+00  4.998859531070E+00
   31    25 MN    9.030310946610E-01 -4.692287210280E+00  9.997719062140E+00
   32    25 MN    3.612124378638E+00  0.000000000000E+00 -4.998859531070E+00
   33    25 MN    3.612124378640E+00  0.000000000000E+00  9.997719062140E+00
   34    25 MN    2.709093283981E+00 -1.564095736760E+00  1.499657859321E+01
   35    25 MN    1.806062189322E+00 -3.128191473520E+00  1.999543812428E+01
   36    25 MN    4.515155473299E+00  1.564095736760E+00  4.998859531070E+00
   37    25 MN    2.709093283981E+00  1.564095736760E+00  1.499657859321E+01
   38    25 MN    1.806062189322E+00  0.000000000000E+00  1.999543812428E+01
   39    25 MN    9.030310946630E-01 -1.564095736760E+00  2.499429765535E+01
   40    25 MN    3.612124378640E+00  3.128191473520E+00  9.997719062140E+00
   41    25 MN    1.806062189322E+00  3.128191473520E+00  1.999543812428E+01
   42    25 MN    9.030310946630E-01  1.564095736760E+00  2.499429765535E+01
   43    25 MN    4.000202142721E-12  0.000000000000E+00  2.999315718642E+01
   44    25 MN    2.709093283981E+00  4.692287210280E+00  1.499657859321E+01
   45    25 MN    4.515155473299E+00 -1.564095736760E+00  4.998859531070E+00
   46    25 MN    3.612124378640E+00 -3.128191473520E+00  9.997719062140E+00
   47    25 MN    2.709093283981E+00 -4.692287210280E+00  1.499657859321E+01
   48    25 MN    5.418186567958E+00  0.000000000000E+00  0.000000000000E+00
   49    25 MN   -1.806062189320E+00  0.000000000000E+00 -4.998859531070E+00
   50    25 MN   -2.709093283979E+00 -1.564095736760E+00 -1.880015106437E-15
   51    25 MN   -3.612124378638E+00 -3.128191473520E+00  4.998859531070E+00
   52    25 MN   -9.030310946610E-01  1.564095736760E+00 -9.997719062140E+00
   53    25 MN   -2.709093283979E+00  1.564095736760E+00 -2.013068388984E-15
   54    25 MN   -3.612124378638E+00  0.000000000000E+00  4.998859531070E+00
   55    25 MN   -4.515155473297E+00 -1.564095736760E+00  9.997719062140E+00
   56    25 MN   -1.806062189320E+00  3.128191473520E+00 -4.998859531070E+00
   57    25 MN   -3.612124378638E+00  3.128191473520E+00  4.998859531070E+00
   58    25 MN   -4.515155473297E+00  1.564095736760E+00  9.997719062140E+00
   59    25 MN   -5.418186567956E+00  0.000000000000E+00  1.499657859321E+01
   60    25 MN   -2.709093283979E+00  4.692287210280E+00 -9.400075532184E-16
   61    25 MN   -9.030310946610E-01 -1.564095736760E+00 -9.997719062140E+00
   62    25 MN   -1.806062189320E+00 -3.128191473520E+00 -4.998859531070E+00
   63    25 MN   -2.709093283979E+00 -4.692287210280E+00  0.000000000000E+00
   64    25 MN   -1.999631067584E-12  0.000000000000E+00 -1.499657859321E+01
   65    25 MN   -9.030310946590E-01 -1.564095736760E+00  4.998859531070E+00
   66     8 O    -2.709093283978E+00 -1.564095736760E+00  3.749144648303E+00
   67     8 O    -1.333400714240E-12  3.128191473520E+00 -1.124743394491E+01
   68     8 O    -9.030310946603E-01  1.564095736760E+00 -6.248574413837E+00
   69     8 O    -2.709093283978E+00  1.564095736760E+00  3.749144648303E+00
   70     8 O    -3.612124378637E+00  0.000000000000E+00  8.748004179373E+00
   71     8 O    -9.030310946603E-01  4.692287210280E+00 -6.248574413837E+00
   72     8 O    -1.806062189319E+00  3.128191473520E+00 -1.249714882767E+00
   73     8 O    -1.333312588532E-12 -3.128191473520E+00 -1.124743394491E+01
   74     8 O    -9.030310946603E-01 -4.692287210280E+00 -6.248574413837E+00
   75     8 O     1.806062189317E+00  0.000000000000E+00 -2.124515300705E+01
   76     8 O     9.030310946577E-01 -1.564095736760E+00 -1.624629347598E+01
   77     8 O    -9.030310946603E-01 -1.564095736760E+00 -6.248574413837E+00
   78     8 O    -1.806062189319E+00 -3.128191473520E+00 -1.249714882767E+00
   79     8 O     9.030310946577E-01  1.564095736760E+00 -1.624629347598E+01
   80     8 O    -1.331050695357E-12  0.000000000000E+00 -1.124743394491E+01
   81     8 O     6.667591075923E-13  0.000000000000E+00  3.749144648303E+00
   82     8 O    -9.030310946583E-01 -1.564095736760E+00  8.748004179373E+00
   83     8 O     1.806062189319E+00  3.128191473520E+00 -6.248574413837E+00
   84     8 O     9.030310946597E-01  1.564095736760E+00 -1.249714882767E+00
   85     8 O    -9.030310946583E-01  1.564095736760E+00  8.748004179373E+00
   86     8 O    -1.806062189317E+00  0.000000000000E+00  1.374686371044E+01
   87     8 O     9.030310946597E-01  4.692287210280E+00 -1.249714882767E+00
   88     8 O     6.678753665617E-13  3.128191473520E+00  3.749144648303E+00
   89     8 O     1.806062189319E+00 -3.128191473520E+00 -6.248574413837E+00
   90     8 O     9.030310946597E-01 -4.692287210280E+00 -1.249714882767E+00
   91     8 O     3.612124378637E+00  0.000000000000E+00 -1.624629347598E+01
   92     8 O     2.709093283978E+00 -1.564095736760E+00 -1.124743394491E+01
   93     8 O     9.030310946597E-01 -1.564095736760E+00 -1.249714882767E+00
   94     8 O     6.674053627851E-13 -3.128191473520E+00  3.749144648303E+00
   95     8 O     2.709093283978E+00  1.564095736760E+00 -1.124743394491E+01
   96     8 O     1.806062189319E+00  0.000000000000E+00 -6.248574413837E+00
   97     8 O     1.806062189321E+00  0.000000000000E+00  8.748004179373E+00
   98     8 O     9.030310946617E-01 -1.564095736760E+00  1.374686371044E+01
   99     8 O     3.612124378639E+00  3.128191473520E+00 -1.249714882767E+00
  100     8 O     2.709093283980E+00  1.564095736760E+00  3.749144648303E+00
  101     8 O     9.030310946617E-01  1.564095736760E+00  1.374686371044E+01
  102     8 O     2.667271432257E-12  0.000000000000E+00  1.874572324151E+01
  103     8 O     2.709093283980E+00  4.692287210280E+00  3.749144648303E+00
  104     8 O     1.806062189321E+00  3.128191473520E+00  8.748004179373E+00
  105     8 O     3.612124378639E+00 -3.128191473520E+00 -1.249714882767E+00
  106     8 O     2.709093283980E+00 -4.692287210280E+00  3.749144648303E+00
  107     8 O     5.418186567957E+00  0.000000000000E+00 -1.124743394491E+01
  108     8 O     4.515155473298E+00 -1.564095736760E+00 -6.248574413837E+00
  109     8 O     2.709093283980E+00 -1.564095736760E+00  3.749144648303E+00
  110     8 O     1.806062189321E+00 -3.128191473520E+00  8.748004179373E+00
  111     8 O     4.515155473298E+00  1.564095736760E+00 -6.248574413837E+00
  112     8 O     3.612124378639E+00  0.000000000000E+00 -1.249714882767E+00
  113     8 O    -3.612124378639E+00  0.000000000000E+00 -6.248574413837E+00
  114     8 O    -4.515155473298E+00 -1.564095736760E+00 -1.249714882767E+00
  115     8 O    -1.806062189321E+00  3.128191473520E+00 -1.624629347598E+01
  116     8 O    -2.709093283980E+00  1.564095736760E+00 -1.124743394491E+01
  117     8 O    -4.515155473298E+00  1.564095736760E+00 -1.249714882767E+00
  118     8 O    -5.418186567957E+00  0.000000000000E+00  3.749144648303E+00
  119     8 O    -2.709093283980E+00  4.692287210280E+00 -1.124743394491E+01
  120     8 O    -3.612124378639E+00  3.128191473520E+00 -6.248574413837E+00
  121     8 O    -1.806062189321E+00 -3.128191473520E+00 -1.624629347598E+01
  122     8 O    -2.709093283980E+00 -4.692287210280E+00 -1.124743394491E+01
  123     8 O    -3.333266783713E-12  0.000000000000E+00 -2.624401253812E+01
  124     8 O    -9.030310946623E-01 -1.564095736760E+00 -2.124515300705E+01
  125     8 O    -2.709093283980E+00 -1.564095736760E+00 -1.124743394491E+01
  126     8 O    -3.612124378639E+00 -3.128191473520E+00 -6.248574413837E+00
  127     8 O    -9.030310946623E-01  1.564095736760E+00 -2.124515300705E+01
  128     8 O    -1.806062189321E+00  0.000000000000E+00 -1.624629347598E+01
  129    25 MN   -1.806062189318E+00 -3.128191473520E+00  9.997719062140E+00
  130    25 MN   -9.030310946580E-01 -1.564095736760E+00  1.249714882767E+01
  131    25 MN    1.806062189319E+00  3.128191473520E+00 -2.499429765535E+00
  132    25 MN    9.030310946600E-01  1.564095736760E+00  2.499429765535E+00
  133    25 MN   -9.030310946580E-01  1.564095736760E+00  1.249714882767E+01
  134    25 MN   -1.806062189317E+00  0.000000000000E+00  1.749600835874E+01
  135    25 MN    9.030310946600E-01  4.692287210280E+00  2.499429765535E+00
  136    25 MN    1.000638040401E-12  3.128191473520E+00  7.498289296605E+00
  137    25 MN    1.806062189319E+00 -3.128191473520E+00 -2.499429765535E+00
  138    25 MN    9.030310946600E-01 -4.692287210280E+00  2.499429765535E+00
  139    25 MN    3.612124378637E+00  0.000000000000E+00 -1.249714882767E+01
  140    25 MN    2.709093283978E+00 -1.564095736760E+00 -7.498289296605E+00
  141    25 MN    9.030310946600E-01 -1.564095736760E+00  2.499429765535E+00
  142    25 MN    1.000638040401E-12 -3.128191473520E+00  7.498289296605E+00
  143    25 MN    2.709093283978E+00  1.564095736760E+00 -7.498289296605E+00
  144    25 MN    1.806062189319E+00  0.000000000000E+00 -2.499429765535E+00
  145    25 MN    1.806062189321E+00  0.000000000000E+00  1.249714882767E+01
  146    25 MN    9.030310946620E-01 -1.564095736760E+00  1.749600835874E+01
  147    25 MN    3.612124378639E+00  3.128191473520E+00  2.499429765535E+00
  148    25 MN    2.709093283980E+00  1.564095736760E+00  7.498289296605E+00
  149    25 MN    9.030310946620E-01  1.564095736760E+00  1.749600835874E+01
  150    25 MN    3.000974113650E-12  0.000000000000E+00  2.249486788981E+01
  151    25 MN    2.709093283980E+00  4.692287210280E+00  7.498289296605E+00
  152    25 MN    1.806062189321E+00  3.128191473520E+00  1.249714882768E+01
  153    25 MN    3.612124378639E+00 -3.128191473520E+00  2.499429765535E+00
  154    25 MN    2.709093283980E+00 -4.692287210280E+00  7.498289296605E+00
  155    25 MN    5.418186567957E+00  0.000000000000E+00 -7.498289296605E+00
  156    25 MN    4.515155473298E+00 -1.564095736760E+00 -2.499429765535E+00
  157    25 MN    2.709093283980E+00 -1.564095736760E+00  7.498289296605E+00
  158    25 MN    1.806062189321E+00 -3.128191473520E+00  1.249714882768E+01
  159    25 MN    4.515155473298E+00  1.564095736760E+00 -2.499429765535E+00
  160    25 MN    3.612124378639E+00  0.000000000000E+00  2.499429765535E+00
  161    25 MN   -3.612124378639E+00  0.000000000000E+00 -2.499429765535E+00
  162    25 MN   -4.515155473298E+00 -1.564095736760E+00  2.499429765535E+00
  163    25 MN   -1.806062189321E+00  3.128191473520E+00 -1.249714882768E+01
  164    25 MN   -2.709093283980E+00  1.564095736760E+00 -7.498289296605E+00
  165    25 MN   -4.515155473298E+00  1.564095736760E+00  2.499429765535E+00
  166    25 MN   -5.418186567957E+00  0.000000000000E+00  7.498289296605E+00
  167    25 MN   -2.709093283980E+00  4.692287210280E+00 -7.498289296605E+00
  168    25 MN   -3.612124378639E+00  3.128191473520E+00 -2.499429765535E+00
  169    25 MN   -1.806062189321E+00 -3.128191473520E+00 -1.249714882767E+01
  170    25 MN   -2.709093283980E+00 -4.692287210280E+00 -7.498289296605E+00
  171    25 MN   -3.000974113650E-12  0.000000000000E+00 -2.249486788981E+01
  172    25 MN   -9.030310946620E-01 -1.564095736760E+00 -1.749600835874E+01
  173    25 MN   -2.709093283980E+00 -1.564095736760E+00 -7.498289296605E+00
  174    25 MN   -3.612124378639E+00 -3.128191473520E+00 -2.499429765535E+00
  175    25 MN   -9.030310946620E-01  1.564095736760E+00 -1.749600835874E+01
  176    25 MN   -1.806062189321E+00  0.000000000000E+00 -1.249714882767E+01
  177    25 MN   -1.806062189319E+00  0.000000000000E+00  2.499429765535E+00
  178    25 MN   -2.709093283978E+00 -1.564095736760E+00  7.498289296605E+00
  179    25 MN   -1.001108044178E-12  3.128191473520E+00 -7.498289296605E+00
  180    25 MN   -9.030310946600E-01  1.564095736760E+00 -2.499429765535E+00
  181    25 MN   -2.709093283978E+00  1.564095736760E+00  7.498289296605E+00
  182    25 MN   -3.612124378637E+00  0.000000000000E+00  1.249714882768E+01
  183    25 MN   -9.030310946600E-01  4.692287210280E+00 -2.499429765535E+00
  184    25 MN   -1.806062189319E+00  3.128191473520E+00  2.499429765535E+00
  185    25 MN   -1.001166794650E-12 -3.128191473520E+00 -7.498289296605E+00
  186    25 MN   -9.030310946600E-01 -4.692287210280E+00 -2.499429765535E+00
  187    25 MN    1.806062189317E+00  0.000000000000E+00 -1.749600835874E+01
  188    25 MN    9.030310946580E-01 -1.564095736760E+00 -1.249714882767E+01
  189    25 MN   -9.030310946600E-01 -1.564095736760E+00 -2.499429765535E+00
  190    25 MN   -1.806062189319E+00 -3.128191473520E+00  2.499429765535E+00
  191    25 MN    9.030310946580E-01  1.564095736760E+00 -1.249714882768E+01
  192    25 MN   -1.000050535680E-12  0.000000000000E+00 -7.498289296605E+00
  193    25 MN    9.030310946590E-01  1.564095736760E+00 -4.998859531070E+00
  194     8 O    -1.806062189319E+00 -3.128191473520E+00  6.248574413837E+00
  195     8 O     9.030310946583E-01  1.564095736760E+00 -8.748004179373E+00
  196     8 O    -6.661716028715E-13  0.000000000000E+00 -3.749144648303E+00
  197     8 O    -1.806062189319E+00  0.000000000000E+00  6.248574413837E+00
  198     8 O    -2.709093283978E+00 -1.564095736760E+00  1.124743394491E+01
  199     8 O    -6.662303533436E-13  3.128191473520E+00 -3.749144648303E+00
  200     8 O    -9.030310946597E-01  1.564095736760E+00  1.249714882767E+00
  201     8 O    -2.709093283978E+00  1.564095736760E+00  1.124743394491E+01
  202     8 O    -3.612124378637E+00  0.000000000000E+00  1.624629347598E+01
  203     8 O    -9.030310946597E-01  4.692287210280E+00  1.249714882767E+00
  204     8 O    -1.806062189319E+00  3.128191473520E+00  6.248574413837E+00
  205     8 O    -6.659953514553E-13 -3.128191473520E+00 -3.749144648303E+00
  206     8 O    -9.030310946597E-01 -4.692287210280E+00  1.249714882767E+00
  207     8 O     1.806062189317E+00  0.000000000000E+00 -1.374686371044E+01
  208     8 O     9.030310946583E-01 -1.564095736760E+00 -8.748004179373E+00
  209     8 O     9.030310946603E-01 -1.564095736760E+00  6.248574413837E+00
  210     8 O     1.333400714240E-12 -3.128191473520E+00  1.124743394491E+01
  211     8 O     2.709093283978E+00  1.564095736760E+00 -3.749144648303E+00
  212     8 O     1.806062189319E+00 -3.525028324569E-16  1.249714882767E+00
  213     8 O     1.333635716129E-12  0.000000000000E+00  1.124743394491E+01
  214     8 O    -9.030310946577E-01 -1.564095736760E+00  1.624629347598E+01
  215     8 O     1.806062189319E+00  3.128191473520E+00  1.249714882767E+00
  216     8 O     9.030310946603E-01  1.564095736760E+00  6.248574413837E+00
  217     8 O    -9.030310946577E-01  1.564095736760E+00  1.624629347598E+01
  218     8 O    -1.806062189317E+00  0.000000000000E+00  2.124515300705E+01
  219     8 O     9.030310946603E-01  4.692287210280E+00  6.248574413837E+00
  220     8 O     1.333753217073E-12  3.128191473520E+00  1.124743394491E+01
  221     8 O     1.806062189319E+00 -3.128191473520E+00  1.249714882767E+00
  222     8 O     9.030310946603E-01 -4.692287210280E+00  6.248574413837E+00
  223     8 O     3.612124378637E+00  7.050056649138E-16 -8.748004179373E+00
  224     8 O     2.709093283978E+00 -1.564095736760E+00 -3.749144648303E+00
  225     8 O     2.709093283980E+00 -1.564095736760E+00  1.124743394491E+01
  226     8 O     1.806062189321E+00 -3.128191473520E+00  1.624629347598E+01
  227     8 O     4.515155473298E+00  1.564095736760E+00  1.249714882767E+00
  228     8 O     3.612124378639E+00 -7.050056649138E-16  6.248574413837E+00
  229     8 O     1.806062189321E+00  0.000000000000E+00  1.624629347598E+01
  230     8 O     9.030310946623E-01 -1.564095736760E+00  2.124515300705E+01
  231     8 O     3.612124378639E+00  3.128191473520E+00  6.248574413837E+00
  232     8 O     2.709093283980E+00  1.564095736760E+00  1.124743394491E+01
  233     8 O     9.030310946623E-01  1.564095736760E+00  2.124515300705E+01
  234     8 O     3.335146798819E-12  0.000000000000E+00  2.624401253812E+01
  235     8 O     2.709093283980E+00  4.692287210280E+00  1.124743394491E+01
  236     8 O     1.806062189321E+00  3.128191473520E+00  1.624629347598E+01
  237     8 O     3.612124378639E+00 -3.128191473520E+00  6.248574413837E+00
  238     8 O     2.709093283980E+00 -4.692287210280E+00  1.124743394491E+01
  239     8 O     5.418186567957E+00  7.050056649138E-16 -3.749144648303E+00
  240     8 O     4.515155473298E+00 -1.564095736760E+00  1.249714882767E+00
  241     8 O    -2.709093283980E+00 -1.564095736760E+00 -3.749144648303E+00
  242     8 O    -3.612124378639E+00 -3.128191473520E+00  1.249714882767E+00
  243     8 O    -9.030310946617E-01  1.564095736760E+00 -1.374686371044E+01
  244     8 O    -1.806062189321E+00  0.000000000000E+00 -8.748004179373E+00
  245     8 O    -3.612124378639E+00  0.000000000000E+00  1.249714882767E+00
  246     8 O    -4.515155473298E+00 -1.564095736760E+00  6.248574413837E+00
  247     8 O    -1.806062189321E+00  3.128191473520E+00 -8.748004179373E+00
  248     8 O    -2.709093283980E+00  1.564095736760E+00 -3.749144648303E+00
  249     8 O    -4.515155473298E+00  1.564095736760E+00  6.248574413837E+00
  250     8 O    -5.418186567957E+00  0.000000000000E+00  1.124743394491E+01
  251     8 O    -2.709093283980E+00  4.692287210280E+00 -3.749144648303E+00
  252     8 O    -3.612124378639E+00  3.128191473520E+00  1.249714882767E+00
  253     8 O    -1.806062189321E+00 -3.128191473520E+00 -8.748004179373E+00
  254     8 O    -2.709093283980E+00 -4.692287210280E+00 -3.749144648303E+00
  255     8 O    -2.665861420927E-12  0.000000000000E+00 -1.874572324151E+01
  256     8 O    -9.030310946617E-01 -1.564095736760E+00 -1.374686371044E+01
 WARNING **** CRYSTA **** TESTGEOM  DIRECTIVE - GEOMETRY EDITING COMPLETE
 TTTTTTTTTTTTTTTTTTTTTTTTTTTTTT END         TELAPSE        0.04 TCPU        0.02
 EEEEEEEEEE TERMINATION  DATE 04 10 2022 TIME 15:36:10.6
Tue  4 Oct 2022 15:36:10 BST
Contents of temporary directory:
total 8
-rw-r--r--  1 brunocamino  admin  1947  4 Oct 15:36 fort.34
SCF abnormal end - no wf written in fort.9
geometry input file fort.34 saved as /Users/brunocamino/Desktop/UCL/crystal/phonons/data/scelphono/scelphono_4.gui
temporary directory /Users/brunocamino/crystal/tmp removed
